1 othello:0.0
2 othello:0.1
3 othello:0.2
4 othello:1.0
4 othello:1.2
4 othello:4.0
5 othello:1.1
6 othello:2.0
7 othello:2.1
7 othello:2.2
7 othello:3.0
7 othello:3.1
7 othello:4.1
8 othello:2.3
9 othello:3.2
10 henry_iv_part_ii:0.0
11 henry_iv_part_ii:0.1
12 henry_iv_part_ii:0.2
13 henry_iv_part_ii:1.0
14 henry_iv_part_ii:1.1
15 henry_iv_part_ii:1.2
16 henry_iv_part_ii:1.3
17 henry_iv_part_ii:2.0
18 henry_iv_part_ii:2.1
19 henry_iv_part_ii:3.0
19 henry_iv_part_ii:3.1
20 henry_iv_part_ii:3.2
21 henry_iv_part_ii:3.3
22 henry_iv_part_ii:3.4
23 henry_iv_part_ii:4.0
24 henry_iv_part_ii:4.1
25 henry_iv_part_ii:4.2
26 henry_iv_part_ii:4.3
27 henry_iv_part_ii:4.4
28 richard_ii:0.0
29 richard_ii:0.1
30 richard_ii:0.2
31 richard_ii:0.3
32 richard_ii:1.0
33 richard_ii:1.1
34 richard_ii:1.2
35 richard_ii:1.3
36 richard_ii:2.0
37 richard_ii:2.1
38 richard_ii:2.2
39 richard_ii:2.3
40 richard_ii:3.0
41 richard_ii:4.0
42 richard_ii:4.1
43 richard_ii:4.2
44 richard_ii:4.3
45 richard_ii:4.4
46 richard_ii:4.5
47 henry_vi_part_2:0.0
48 henry_vi_part_2:0.1
49 henry_vi_part_2:0.2
50 henry_vi_part_2:0.3
51 henry_vi_part_2:1.0
52 henry_vi_part_2:1.1
53 henry_vi_part_2:1.2
54 henry_vi_part_2:1.3
55 henry_vi_part_2:2.0
56 henry_vi_part_2:2.1
57 henry_vi_part_2:2.2
58 henry_vi_part_2:3.0
59 henry_vi_part_2:3.1
59 henry_vi_part_2:3.2
59 henry_vi_part_2:3.5
59 henry_vi_part_2:3.6
60 henry_vi_part_2:3.3
61 henry_vi_part_2:3.4
62 henry_vi_part_2:3.7
63 henry_vi_part_2:3.8
64 henry_vi_part_2:3.9
65 henry_vi_part_2:4.0
66 henry_vi_part_2:4.1
67 henry_vi_part_2:4.2
68 merry_wives_of_windsor:0.0
69 merry_wives_of_windsor:0.1
70 merry_wives_of_windsor:0.2
71 merry_wives_of_windsor:0.3
72 merry_wives_of_windsor:1.0
72 merry_wives_of_windsor:2.1
72 merry_wives_of_windsor:2.2
72 merry_wives_of_windsor:3.1
72 merry_wives_of_windsor:3.3
72 merry_wives_of_windsor:4.2
72 merry_wives_of_windsor:4.4
73 merry_wives_of_windsor:1.1
73 merry_wives_of_windsor:2.4
74 merry_wives_of_windsor:1.2
75 merry_wives_of_windsor:2.0
76 merry_wives_of_windsor:2.3
77 merry_wives_of_windsor:3.0
78 merry_wives_of_windsor:3.2
79 merry_wives_of_windsor:3.4
80 merry_wives_of_windsor:3.5
81 merry_wives_of_windsor:4.0
82 merry_wives_of_windsor:4.1
83 merry_wives_of_windsor:4.3
84 richard_iii:0.0
85 richard_iii:0.1
86 richard_iii:0.2
87 richard_iii:0.3
88 richard_iii:1.0
89 richard_iii:1.1
90 richard_iii:1.2
91 richard_iii:1.3
92 richard_iii:2.0
93 richard_iii:2.1
94 richard_iii:2.2
95 richard_iii:2.3
96 richard_iii:2.4
97 richard_iii:2.5
98 richard_iii:2.6
99 richard_iii:3.0
100 richard_iii:3.1
101 richard_iii:3.2
102 richard_iii:3.3
103 richard_iii:3.4
104 richard_iii:4.0
105 richard_iii:4.1
106 richard_iii:4.2
107 richard_iii:4.3
108 richard_iii:4.4
109 hamlet:0.0
110 hamlet:0.1
110 hamlet:0.3
110 hamlet:0.4
110 hamlet:4.1
111 hamlet:0.2
112 hamlet:1.0
113 hamlet:1.1
113 hamlet:2.1
113 hamlet:3.1
113 hamlet:3.2
114 hamlet:2.0
115 hamlet:2.2
116 hamlet:2.3
117 hamlet:3.0
118 hamlet:3.3
119 hamlet:3.4
119 hamlet:3.6
120 hamlet:3.5
121 hamlet:4.0
122 henry_iv_part_i:0.0
123 henry_iv_part_i:0.1
123 henry_iv_part_i:1.1
123 henry_iv_part_i:1.3
124 henry_iv_part_i:0.2
125 henry_iv_part_i:1.0
126 henry_iv_part_i:1.2
127 henry_iv_part_i:2.0
128 henry_iv_part_i:2.1
129 henry_iv_part_i:2.2
130 henry_iv_part_i:3.0
130 henry_iv_part_i:4.1
131 henry_iv_part_i:3.1
132 henry_iv_part_i:3.2
133 henry_iv_part_i:3.3
134 henry_iv_part_i:4.0
135 henry_iv_part_i:4.2
136 henry_iv_part_i:4.3
137 henry_iv_part_i:4.4
138 henry_vi_part_1:0.0
139 henry_vi_part_1:0.1
140 henry_vi_part_1:0.2
141 henry_vi_part_1:0.3
142 henry_vi_part_1:0.4
143 henry_vi_part_1:0.5
144 henry_vi_part_1:1.0
145 henry_vi_part_1:1.1
146 henry_vi_part_1:1.2
147 henry_vi_part_1:1.3
148 henry_vi_part_1:1.4
149 henry_vi_part_1:2.0
150 henry_vi_part_1:2.1
150 henry_vi_part_1:2.2
151 henry_vi_part_1:2.3
152 henry_vi_part_1:3.0
153 henry_vi_part_1:3.1
154 henry_vi_part_1:3.2
154 henry_vi_part_1:3.3
155 henry_vi_part_1:3.4
155 henry_vi_part_1:3.5
156 henry_vi_part_1:3.6
157 henry_vi_part_1:4.0
158 henry_vi_part_1:4.1
159 henry_vi_part_1:4.2
160 henry_vi_part_1:4.3
161 henry_vi_part_1:4.4
162 taming_of_the_shrew:0.0
162 taming_of_the_shrew:3.1
163 taming_of_the_shrew:0.1
164 taming_of_the_shrew:1.0
164 taming_of_the_shrew:2.1
164 taming_of_the_shrew:4.1
165 taming_of_the_shrew:2.0
166 taming_of_the_shrew:3.0
167 taming_of_the_shrew:3.2
168 taming_of_the_shrew:3.3
168 taming_of_the_shrew:4.0
169 taming_of_the_shrew:3.4
170 alls_well_that_ends_well:0.0
171 alls_well_that_ends_well:0.1
172 alls_well_that_ends_well:0.2
172 alls_well_that_ends_well:2.1
173 alls_well_that_ends_well:1.0
173 alls_well_that_ends_well:1.2
173 alls_well_that_ends_well:1.4
174 alls_well_that_ends_well:1.1
175 alls_well_that_ends_well:1.3
176 alls_well_that_ends_well:2.0
177 alls_well_that_ends_well:2.2
178 alls_well_that_ends_well:2.3
179 alls_well_that_ends_well:2.4
180 alls_well_that_ends_well:2.5
181 alls_well_that_ends_well:2.6
182 alls_well_that_ends_well:3.0
183 alls_well_that_ends_well:3.1
184 alls_well_that_ends_well:3.2
185 alls_well_that_ends_well:3.3
186 alls_well_that_ends_well:3.4
187 alls_well_that_ends_well:4.0
188 alls_well_that_ends_well:4.1
189 alls_well_that_ends_well:4.2
190 loves_labors_lost:0.0
190 loves_labors_lost:3.2
191 loves_labors_lost:0.1
191 loves_labors_lost:2.0
192 loves_labors_lost:1.0
192 loves_labors_lost:3.0
192 loves_labors_lost:4.1
193 loves_labors_lost:3.1
194 loves_labors_lost:4.0
195 henry_vi_part_3:0.0
196 henry_vi_part_3:0.1
197 henry_vi_part_3:0.2
198 henry_vi_part_3:0.3
199 henry_vi_part_3:1.0
200 henry_vi_part_3:1.1
201 henry_vi_part_3:1.2
202 henry_vi_part_3:1.3
203 henry_vi_part_3:1.4
204 henry_vi_part_3:1.5
205 henry_vi_part_3:2.0
206 henry_vi_part_3:2.1
207 henry_vi_part_3:2.2
208 henry_vi_part_3:3.0
209 henry_vi_part_3:3.1
210 henry_vi_part_3:3.2
211 henry_vi_part_3:3.3
212 henry_vi_part_3:3.4
213 henry_vi_part_3:3.5
214 henry_vi_part_3:3.6
215 henry_vi_part_3:3.7
216 henry_vi_part_3:4.0
217 henry_vi_part_3:4.1
218 henry_vi_part_3:4.2
219 henry_vi_part_3:4.3
220 henry_vi_part_3:4.4
221 henry_vi_part_3:4.5
222 henry_vi_part_3:4.6
223 romeo_and_juliet:0.0
224 romeo_and_juliet:0.1
225 romeo_and_juliet:0.2
226 romeo_and_juliet:0.3
226 romeo_and_juliet:1.3
226 romeo_and_juliet:2.0
227 romeo_and_juliet:0.4
227 romeo_and_juliet:2.4
227 romeo_and_juliet:3.1
228 romeo_and_juliet:1.0
229 romeo_and_juliet:1.1
229 romeo_and_juliet:2.1
230 romeo_and_juliet:1.2
231 romeo_and_juliet:1.4
232 romeo_and_juliet:1.5
233 romeo_and_juliet:2.2
234 romeo_and_juliet:2.3
235 romeo_and_juliet:3.0
236 romeo_and_juliet:3.2
237 romeo_and_juliet:3.3
238 romeo_and_juliet:3.4
239 romeo_and_juliet:4.0
240 romeo_and_juliet:4.1
241 romeo_and_juliet:4.2
242 titus_andronicus:0.0
242 titus_andronicus:2.0
242 titus_andronicus:2.1
242 titus_andronicus:3.0
242 titus_andronicus:3.2
242 titus_andronicus:4.1
242 titus_andronicus:4.2
243 titus_andronicus:1.0
243 titus_andronicus:3.1
244 titus_andronicus:1.1
245 titus_andronicus:1.2
246 titus_andronicus:1.3
247 titus_andronicus:3.3
248 titus_andronicus:4.0
249 macbeth:0.0
250 macbeth:0.1
251 macbeth:0.2
252 macbeth:0.3
253 macbeth:0.4
254 macbeth:0.5
255 macbeth:0.6
255 macbeth:1.1
255 macbeth:2.1
255 macbeth:2.3
256 macbeth:1.0
257 macbeth:1.2
258 macbeth:1.3
259 macbeth:2.0
260 macbeth:2.2
261 macbeth:2.4
262 macbeth:2.5
263 macbeth:3.0
264 macbeth:3.1
265 macbeth:3.2
265 macbeth:4.7
266 macbeth:4.0
267 macbeth:4.1
268 macbeth:4.2
269 macbeth:4.3
270 macbeth:4.4
271 macbeth:4.5
272 macbeth:4.6
273 coriolanus:0.0
274 coriolanus:0.1
275 coriolanus:0.2
276 coriolanus:0.3
277 coriolanus:0.4
278 coriolanus:0.5
279 coriolanus:0.6
280 coriolanus:0.7
281 coriolanus:0.8
282 coriolanus:0.9
283 coriolanus:1.0
283 coriolanus:3.1
284 coriolanus:1.1
284 coriolanus:2.0
284 coriolanus:2.2
284 coriolanus:3.5
285 coriolanus:1.2
286 coriolanus:2.1
287 coriolanus:3.0
288 coriolanus:3.2
289 coriolanus:3.3
290 coriolanus:3.4
291 coriolanus:3.6
292 coriolanus:4.0
293 coriolanus:4.1
294 coriolanus:4.2
295 coriolanus:4.3
296 coriolanus:4.4
297 coriolanus:4.5
298 julius_caesar:0.0
299 julius_caesar:0.1
299 julius_caesar:0.2
299 julius_caesar:2.0
300 julius_caesar:1.0
300 julius_caesar:3.2
300 julius_caesar:4.0
301 julius_caesar:1.1
302 julius_caesar:1.2
303 julius_caesar:1.3
304 julius_caesar:2.1
305 julius_caesar:2.2
306 julius_caesar:3.0
307 julius_caesar:3.1
308 julius_caesar:4.1
309 julius_caesar:4.2
310 julius_caesar:4.3
311 julius_caesar:4.4
312 comedy_of_errors:0.0
313 comedy_of_errors:0.1
313 comedy_of_errors:1.1
313 comedy_of_errors:2.1
313 comedy_of_errors:3.2
314 comedy_of_errors:1.0
314 comedy_of_errors:3.1
315 comedy_of_errors:2.0
315 comedy_of_errors:3.0
315 comedy_of_errors:3.3
315 comedy_of_errors:4.0
316 much_ado_about_nothing:0.0
316 much_ado_about_nothing:1.0
316 much_ado_about_nothing:1.2
316 much_ado_about_nothing:2.1
316 much_ado_about_nothing:3.0
316 much_ado_about_nothing:4.0
316 much_ado_about_nothing:4.3
317 much_ado_about_nothing:0.1
318 much_ado_about_nothing:0.2
318 much_ado_about_nothing:1.1
319 much_ado_about_nothing:2.0
320 much_ado_about_nothing:2.2
320 much_ado_about_nothing:3.1
321 much_ado_about_nothing:2.3
322 much_ado_about_nothing:2.4
323 much_ado_about_nothing:4.1
324 much_ado_about_nothing:4.2
325 twelfth_night:0.0
326 twelfth_night:0.1
327 twelfth_night:0.2
327 twelfth_night:1.2
327 twelfth_night:1.4
327 twelfth_night:2.1
327 twelfth_night:2.3
328 twelfth_night:0.3
328 twelfth_night:1.3
328 twelfth_night:4.0
329 twelfth_night:0.4
330 twelfth_night:1.0
330 twelfth_night:2.2
330 tempest:1.0
330 tempest:2.2
331 twelfth_night:1.1
332 twelfth_night:2.0
333 twelfth_night:3.0
334 twelfth_night:3.1
335 twelfth_night:3.2
336 lear:0.0
337 lear:0.1
338 lear:0.2
339 lear:0.3
339 lear:0.4
339 lear:1.3
340 lear:1.0
341 lear:1.1
342 lear:1.2
343 lear:2.0
344 lear:2.1
345 lear:2.2
346 lear:2.3
346 lear:2.5
347 lear:2.4
348 lear:2.6
349 lear:3.0
350 lear:3.1
351 lear:3.2
352 lear:3.3
353 lear:3.4
354 lear:3.5
354 lear:4.1
355 lear:3.6
356 lear:4.0
356 lear:4.2
357 cymbeline:0.0
358 cymbeline:0.1
359 cymbeline:0.2
359 cymbeline:2.3
360 cymbeline:0.3
360 cymbeline:1.3
361 cymbeline:0.4
362 cymbeline:0.5
363 cymbeline:1.0
364 cymbeline:1.1
365 cymbeline:1.2
366 cymbeline:1.4
367 cymbeline:2.0
368 cymbeline:2.1
369 cymbeline:2.2
370 cymbeline:2.4
371 cymbeline:2.5
371 cymbeline:3.1
371 cymbeline:3.3
372 cymbeline:2.6
373 cymbeline:3.0
374 cymbeline:3.2
375 cymbeline:4.0
376 cymbeline:4.1
377 cymbeline:4.2
378 cymbeline:4.3
379 cymbeline:4.4
380 measure_for_measure:0.0
381 measure_for_measure:0.1
382 measure_for_measure:0.2
383 measure_for_measure:0.3
383 measure_for_measure:1.1
383 measure_for_measure:1.3
383 measure_for_measure:2.0
384 measure_for_measure:1.0
385 measure_for_measure:1.2
386 measure_for_measure:2.1
386 measure_for_measure:4.0
387 measure_for_measure:3.0
388 measure_for_measure:3.1
388 measure_for_measure:3.2
389 measure_for_measure:3.3
390 measure_for_measure:3.4
391 measure_for_measure:3.5
392 pericles:0.0
393 pericles:0.1
394 pericles:0.2
395 pericles:0.3
396 pericles:1.0
397 pericles:1.1
397 pericles:1.2
397 pericles:1.4
398 pericles:1.3
399 pericles:2.0
400 pericles:2.1
401 pericles:2.2
402 pericles:2.3
403 pericles:3.0
404 pericles:3.1
404 pericles:3.5
405 pericles:3.2
406 pericles:3.3
407 pericles:3.4
408 pericles:4.0
409 pericles:4.1
410 pericles:4.2
411 winters_tale:0.0
412 winters_tale:0.1
413 winters_tale:1.0
414 winters_tale:1.1
415 winters_tale:1.2
415 winters_tale:4.0
415 winters_tale:4.2
416 winters_tale:2.0
417 winters_tale:2.1
418 winters_tale:2.2
419 winters_tale:3.0
420 winters_tale:3.1
421 winters_tale:3.2
422 winters_tale:3.3
423 winters_tale:4.1
424 antony_and_cleopatra:0.0
425 antony_and_cleopatra:0.1
426 antony_and_cleopatra:0.2
426 antony_and_cleopatra:0.4
426 antony_and_cleopatra:1.4
426 antony_and_cleopatra:2.2
426 antony_and_cleopatra:3.14
427 antony_and_cleopatra:0.3
428 antony_and_cleopatra:1.0
429 antony_and_cleopatra:1.1
429 antony_and_cleopatra:2.1
429 antony_and_cleopatra:3.5
430 antony_and_cleopatra:1.2
431 antony_and_cleopatra:1.3
432 antony_and_cleopatra:1.5
432 antony_and_cleopatra:1.6
433 antony_and_cleopatra:2.0
434 antony_and_cleopatra:2.3
435 antony_and_cleopatra:2.4
436 antony_and_cleopatra:2.5
437 antony_and_cleopatra:2.6
438 antony_and_cleopatra:2.7
439 antony_and_cleopatra:2.8
440 antony_and_cleopatra:2.9
441 antony_and_cleopatra:2.10
442 antony_and_cleopatra:2.11
443 antony_and_cleopatra:2.12
444 antony_and_cleopatra:3.0
445 antony_and_cleopatra:3.1
446 antony_and_cleopatra:3.2
447 antony_and_cleopatra:3.3
447 antony_and_cleopatra:3.13
448 antony_and_cleopatra:3.4
449 antony_and_cleopatra:3.6
450 antony_and_cleopatra:3.7
451 antony_and_cleopatra:3.8
452 antony_and_cleopatra:3.9
453 antony_and_cleopatra:3.10
454 antony_and_cleopatra:3.11
455 antony_and_cleopatra:3.12
456 antony_and_cleopatra:4.0
457 antony_and_cleopatra:4.1
458 tempest:0.0
459 tempest:0.1
459 tempest:4.0
460 tempest:1.1
460 tempest:2.1
461 tempest:2.0
462 tempest:3.0
463 two_gentlemen_of_verona:0.0
464 two_gentlemen_of_verona:0.1
464 two_gentlemen_of_verona:1.6
465 two_gentlemen_of_verona:0.2
466 two_gentlemen_of_verona:1.0
466 two_gentlemen_of_verona:1.3
466 two_gentlemen_of_verona:4.3
467 two_gentlemen_of_verona:1.1
468 two_gentlemen_of_verona:1.2
469 two_gentlemen_of_verona:1.4
470 two_gentlemen_of_verona:1.5
471 two_gentlemen_of_verona:2.0
472 two_gentlemen_of_verona:2.1
472 two_gentlemen_of_verona:4.1
473 two_gentlemen_of_verona:3.0
473 two_gentlemen_of_verona:4.2
474 two_gentlemen_of_verona:3.1
474 two_gentlemen_of_verona:3.3
475 two_gentlemen_of_verona:3.2
475 two_gentlemen_of_verona:4.0
476 merchant_of_venice:0.0
477 merchant_of_venice:0.1
478 merchant_of_venice:0.2
479 merchant_of_venice:1.0
480 merchant_of_venice:1.1
481 merchant_of_venice:1.2
481 merchant_of_venice:2.4
482 merchant_of_venice:1.3
483 merchant_of_venice:1.4
484 merchant_of_venice:1.5
485 merchant_of_venice:1.6
486 merchant_of_venice:1.7
487 merchant_of_venice:1.8
488 merchant_of_venice:2.0
489 merchant_of_venice:2.1
490 merchant_of_venice:2.2
491 merchant_of_venice:2.3
492 merchant_of_venice:3.0
493 merchant_of_venice:3.1
494 merchant_of_venice:4.0
495 henry_viii:0.0
496 henry_viii:0.1
497 henry_viii:0.2
498 henry_viii:0.3
499 henry_viii:1.0
500 henry_viii:1.1
500 henry_viii:2.1
501 henry_viii:1.2
502 henry_viii:1.3
503 henry_viii:2.0
504 henry_viii:3.0
505 henry_viii:3.1
506 henry_viii:4.0
507 henry_viii:4.1
508 henry_viii:4.2
509 henry_viii:4.3
510 henry_viii:4.4
511 midsummer_nights_dream:0.0
511 midsummer_nights_dream:1.1
511 midsummer_nights_dream:2.1
512 midsummer_nights_dream:0.1
512 midsummer_nights_dream:2.0
512 midsummer_nights_dream:3.1
513 midsummer_nights_dream:1.0
514 midsummer_nights_dream:3.0
515 midsummer_nights_dream:4.0
516 as_you_like_it:0.0
517 as_you_like_it:0.1
517 as_you_like_it:0.2
517 as_you_like_it:2.1
517 as_you_like_it:2.3
517 as_you_like_it:3.0
517 as_you_like_it:3.2
517 as_you_like_it:4.1
518 as_you_like_it:1.0
519 as_you_like_it:1.1
520 as_you_like_it:1.2
521 as_you_like_it:1.3
522 as_you_like_it:1.4
523 as_you_like_it:1.5
524 as_you_like_it:1.6
525 as_you_like_it:2.0
526 as_you_like_it:2.2
527 as_you_like_it:2.4
528 as_you_like_it:3.1
529 as_you_like_it:4.0
530 as_you_like_it:4.2
531 as_you_like_it:4.3
532 troilus_and_cressida:0.0
533 troilus_and_cressida:0.1
533 troilus_and_cressida:2.1
533 troilus_and_cressida:3.1
533 troilus_and_cressida:3.3
534 troilus_and_cressida:0.2
535 troilus_and_cressida:1.0
536 troilus_and_cressida:1.1
537 troilus_and_cressida:1.2
537 troilus_and_cressida:2.2
537 troilus_and_cressida:4.0
538 troilus_and_cressida:2.0
539 troilus_and_cressida:3.0
540 troilus_and_cressida:3.2
541 troilus_and_cressida:3.4
542 troilus_and_cressida:4.1
543 troilus_and_cressida:4.2
544 troilus_and_cressida:4.3
545 troilus_and_cressida:4.4
546 troilus_and_cressida:4.5
547 troilus_and_cressida:4.6
548 troilus_and_cressida:4.7
549 troilus_and_cressida:4.8
550 troilus_and_cressida:4.9
551 henry_v:0.0
552 henry_v:0.1
553 henry_v:1.0
554 henry_v:1.1
555 henry_v:1.2
556 henry_v:1.3
557 henry_v:2.0
558 henry_v:2.1
559 henry_v:2.2
560 henry_v:2.3
561 henry_v:2.4
562 henry_v:2.5
563 henry_v:2.6
564 henry_v:3.0
565 henry_v:3.1
566 henry_v:3.2
567 henry_v:3.3
568 henry_v:3.4
569 henry_v:3.5
570 henry_v:3.6
570 henry_v:3.7
571 henry_v:4.0
572 henry_v:4.1
573 life_and_death_of_king_john:0.0
574 life_and_death_of_king_john:1.0
575 life_and_death_of_king_john:2.0
576 life_and_death_of_king_john:2.1
577 life_and_death_of_king_john:2.2
577 life_and_death_of_king_john:3.0
577 life_and_death_of_king_john:4.5
578 life_and_death_of_king_john:2.3
579 life_and_death_of_king_john:3.1
580 life_and_death_of_king_john:3.2
581 life_and_death_of_king_john:4.0
582 life_and_death_of_king_john:4.1
583 life_and_death_of_king_john:4.2
584 life_and_death_of_king_john:4.3
585 life_and_death_of_king_john:4.4
586 life_and_death_of_king_john:4.6
587 timon_of_athens:0.0
587 timon_of_athens:0.1
587 timon_of_athens:1.1
587 timon_of_athens:3.2
587 timon_of_athens:4.0
588 timon_of_athens:1.0
589 timon_of_athens:2.0
590 timon_of_athens:2.1
591 timon_of_athens:2.2
592 timon_of_athens:2.3
593 timon_of_athens:2.4
594 timon_of_athens:2.5
595 timon_of_athens:3.0
596 timon_of_athens:3.1
597 timon_of_athens:4.1
598 timon_of_athens:4.2
599 timon_of_athens:4.3
