1 othello:0.0
2 othello:0.1
3 othello:0.2
4 othello:1.0
4 othello:1.2
4 othello:2.0
4 othello:4.0
5 othello:1.1
6 othello:2.1
6 othello:2.2
6 othello:2.3
6 othello:3.0
6 othello:3.1
6 othello:4.1
7 othello:3.2
8 henry_iv_part_ii:0.0
9 henry_iv_part_ii:0.1
10 henry_iv_part_ii:0.2
11 henry_iv_part_ii:1.0
12 henry_iv_part_ii:1.1
13 henry_iv_part_ii:1.2
14 henry_iv_part_ii:1.3
15 henry_iv_part_ii:2.0
16 henry_iv_part_ii:2.1
17 henry_iv_part_ii:3.0
17 henry_iv_part_ii:3.1
18 henry_iv_part_ii:3.2
19 henry_iv_part_ii:3.3
20 henry_iv_part_ii:3.4
21 henry_iv_part_ii:4.0
22 henry_iv_part_ii:4.1
23 henry_iv_part_ii:4.2
24 henry_iv_part_ii:4.3
25 henry_iv_part_ii:4.4
26 richard_ii:0.0
27 richard_ii:0.1
28 richard_ii:0.2
29 richard_ii:0.3
30 richard_ii:1.0
31 richard_ii:1.1
32 richard_ii:1.2
33 richard_ii:1.3
34 richard_ii:2.0
35 richard_ii:2.1
36 richard_ii:2.2
36 richard_ii:3.0
37 richard_ii:2.3
38 richard_ii:4.0
39 richard_ii:4.1
39 richard_ii:4.2
40 richard_ii:4.3
41 richard_ii:4.4
42 richard_ii:4.5
43 henry_vi_part_2:0.0
44 henry_vi_part_2:0.1
45 henry_vi_part_2:0.2
46 henry_vi_part_2:0.3
47 henry_vi_part_2:1.0
48 henry_vi_part_2:1.1
49 henry_vi_part_2:1.2
50 henry_vi_part_2:1.3
51 henry_vi_part_2:2.0
52 henry_vi_part_2:2.1
52 henry_vi_part_1:4.2
53 henry_vi_part_2:2.2
54 henry_vi_part_2:3.0
55 henry_vi_part_2:3.1
55 henry_vi_part_2:3.2
55 henry_vi_part_2:3.5
55 henry_vi_part_2:3.6
56 henry_vi_part_2:3.3
57 henry_vi_part_2:3.4
58 henry_vi_part_2:3.7
59 henry_vi_part_2:3.8
60 henry_vi_part_2:3.9
61 henry_vi_part_2:4.0
62 henry_vi_part_2:4.1
63 henry_vi_part_2:4.2
64 merry_wives_of_windsor:0.0
64 merry_wives_of_windsor:2.0
65 merry_wives_of_windsor:0.1
66 merry_wives_of_windsor:0.2
67 merry_wives_of_windsor:0.3
68 merry_wives_of_windsor:1.0
68 merry_wives_of_windsor:2.1
68 merry_wives_of_windsor:2.2
68 merry_wives_of_windsor:3.1
68 merry_wives_of_windsor:3.3
68 merry_wives_of_windsor:4.2
68 merry_wives_of_windsor:4.4
69 merry_wives_of_windsor:1.1
69 merry_wives_of_windsor:2.4
70 merry_wives_of_windsor:1.2
71 merry_wives_of_windsor:2.3
72 merry_wives_of_windsor:3.0
73 merry_wives_of_windsor:3.2
74 merry_wives_of_windsor:3.4
75 merry_wives_of_windsor:3.5
76 merry_wives_of_windsor:4.0
77 merry_wives_of_windsor:4.1
78 merry_wives_of_windsor:4.3
79 richard_iii:0.0
80 richard_iii:0.1
81 richard_iii:0.2
82 richard_iii:0.3
83 richard_iii:1.0
84 richard_iii:1.1
85 richard_iii:1.2
85 coriolanus:1.2
86 richard_iii:1.3
87 richard_iii:2.0
88 richard_iii:2.1
89 richard_iii:2.2
90 richard_iii:2.3
91 richard_iii:2.4
91 richard_iii:2.6
92 richard_iii:2.5
93 richard_iii:3.0
94 richard_iii:3.1
95 richard_iii:3.2
96 richard_iii:3.3
97 richard_iii:3.4
98 richard_iii:4.0
99 richard_iii:4.1
100 richard_iii:4.2
101 richard_iii:4.3
102 richard_iii:4.4
103 hamlet:0.0
104 hamlet:0.1
104 hamlet:0.3
104 hamlet:0.4
104 hamlet:4.0
104 hamlet:4.1
105 hamlet:0.2
106 hamlet:1.0
107 hamlet:1.1
107 hamlet:2.1
107 hamlet:2.3
107 hamlet:3.1
107 hamlet:3.2
108 hamlet:2.0
109 hamlet:2.2
110 hamlet:3.0
111 hamlet:3.3
112 hamlet:3.4
112 hamlet:3.6
113 hamlet:3.5
114 henry_iv_part_i:0.0
115 henry_iv_part_i:0.1
115 henry_iv_part_i:1.1
115 henry_iv_part_i:1.3
116 henry_iv_part_i:0.2
117 henry_iv_part_i:1.0
118 henry_iv_part_i:1.2
119 henry_iv_part_i:2.0
120 henry_iv_part_i:2.1
121 henry_iv_part_i:2.2
122 henry_iv_part_i:3.0
122 henry_iv_part_i:4.1
123 henry_iv_part_i:3.1
124 henry_iv_part_i:3.2
125 henry_iv_part_i:3.3
126 henry_iv_part_i:4.0
127 henry_iv_part_i:4.2
128 henry_iv_part_i:4.3
129 henry_iv_part_i:4.4
130 henry_vi_part_1:0.0
131 henry_vi_part_1:0.1
132 henry_vi_part_1:0.2
133 henry_vi_part_1:0.3
134 henry_vi_part_1:0.4
135 henry_vi_part_1:0.5
136 henry_vi_part_1:1.0
136 henry_vi_part_1:2.1
136 henry_vi_part_1:2.2
137 henry_vi_part_1:1.1
138 henry_vi_part_1:1.2
139 henry_vi_part_1:1.3
140 henry_vi_part_1:1.4
141 henry_vi_part_1:2.0
142 henry_vi_part_1:2.3
143 henry_vi_part_1:3.0
144 henry_vi_part_1:3.1
145 henry_vi_part_1:3.2
145 henry_vi_part_1:3.3
146 henry_vi_part_1:3.4
146 henry_vi_part_1:3.5
147 henry_vi_part_1:3.6
148 henry_vi_part_1:4.0
149 henry_vi_part_1:4.1
150 henry_vi_part_1:4.3
151 henry_vi_part_1:4.4
152 taming_of_the_shrew:0.0
152 taming_of_the_shrew:3.1
153 taming_of_the_shrew:0.1
153 taming_of_the_shrew:3.2
154 taming_of_the_shrew:1.0
154 taming_of_the_shrew:2.1
154 taming_of_the_shrew:4.1
155 taming_of_the_shrew:2.0
156 taming_of_the_shrew:3.0
157 taming_of_the_shrew:3.3
157 taming_of_the_shrew:4.0
158 taming_of_the_shrew:3.4
159 alls_well_that_ends_well:0.0
160 alls_well_that_ends_well:0.1
161 alls_well_that_ends_well:0.2
161 alls_well_that_ends_well:1.1
161 alls_well_that_ends_well:2.1
162 alls_well_that_ends_well:1.0
162 alls_well_that_ends_well:1.2
162 alls_well_that_ends_well:1.4
162 alls_well_that_ends_well:4.1
163 alls_well_that_ends_well:1.3
164 alls_well_that_ends_well:2.0
165 alls_well_that_ends_well:2.2
166 alls_well_that_ends_well:2.3
167 alls_well_that_ends_well:2.4
168 alls_well_that_ends_well:2.5
169 alls_well_that_ends_well:2.6
170 alls_well_that_ends_well:3.0
171 alls_well_that_ends_well:3.1
171 alls_well_that_ends_well:4.2
172 alls_well_that_ends_well:3.2
173 alls_well_that_ends_well:3.3
174 alls_well_that_ends_well:3.4
175 alls_well_that_ends_well:4.0
176 loves_labors_lost:0.0
176 loves_labors_lost:3.2
177 loves_labors_lost:0.1
177 loves_labors_lost:2.0
178 loves_labors_lost:1.0
178 loves_labors_lost:3.0
178 loves_labors_lost:4.1
179 loves_labors_lost:3.1
180 loves_labors_lost:4.0
181 henry_vi_part_3:0.0
181 henry_vi_part_3:1.1
181 henry_vi_part_3:1.5
182 henry_vi_part_3:0.1
183 henry_vi_part_3:0.2
184 henry_vi_part_3:0.3
185 henry_vi_part_3:1.0
186 henry_vi_part_3:1.2
187 henry_vi_part_3:1.3
188 henry_vi_part_3:1.4
189 henry_vi_part_3:2.0
190 henry_vi_part_3:2.1
191 henry_vi_part_3:2.2
192 henry_vi_part_3:3.0
192 henry_vi_part_3:4.0
193 henry_vi_part_3:3.1
194 henry_vi_part_3:3.2
195 henry_vi_part_3:3.3
196 henry_vi_part_3:3.4
197 henry_vi_part_3:3.5
198 henry_vi_part_3:3.6
199 henry_vi_part_3:3.7
200 henry_vi_part_3:4.1
201 henry_vi_part_3:4.2
202 henry_vi_part_3:4.3
203 henry_vi_part_3:4.4
204 henry_vi_part_3:4.5
205 henry_vi_part_3:4.6
206 romeo_and_juliet:0.0
207 romeo_and_juliet:0.1
208 romeo_and_juliet:0.2
209 romeo_and_juliet:0.3
209 romeo_and_juliet:1.3
209 romeo_and_juliet:2.0
210 romeo_and_juliet:0.4
210 romeo_and_juliet:2.4
210 romeo_and_juliet:3.1
211 romeo_and_juliet:1.0
212 romeo_and_juliet:1.1
212 romeo_and_juliet:2.1
213 romeo_and_juliet:1.2
213 romeo_and_juliet:2.2
213 romeo_and_juliet:4.1
213 romeo_and_juliet:4.2
214 romeo_and_juliet:1.4
215 romeo_and_juliet:1.5
216 romeo_and_juliet:2.3
217 romeo_and_juliet:3.0
218 romeo_and_juliet:3.2
219 romeo_and_juliet:3.3
220 romeo_and_juliet:3.4
221 romeo_and_juliet:4.0
222 titus_andronicus:0.0
222 titus_andronicus:2.0
222 titus_andronicus:2.1
222 titus_andronicus:3.0
222 titus_andronicus:3.2
222 titus_andronicus:4.1
222 titus_andronicus:4.2
223 titus_andronicus:1.0
223 titus_andronicus:3.1
224 titus_andronicus:1.1
225 titus_andronicus:1.2
226 titus_andronicus:1.3
227 titus_andronicus:3.3
228 titus_andronicus:4.0
229 macbeth:0.0
230 macbeth:0.1
231 macbeth:0.2
232 macbeth:0.3
233 macbeth:0.4
234 macbeth:0.5
235 macbeth:0.6
235 macbeth:1.1
235 macbeth:2.1
235 macbeth:2.3
236 macbeth:1.0
236 macbeth:2.0
237 macbeth:1.2
238 macbeth:1.3
239 macbeth:2.2
240 macbeth:2.4
241 macbeth:2.5
242 macbeth:3.0
243 macbeth:3.1
243 macbeth:3.2
243 macbeth:4.7
244 macbeth:4.0
245 macbeth:4.1
246 macbeth:4.2
247 macbeth:4.3
248 macbeth:4.4
249 macbeth:4.5
250 macbeth:4.6
251 coriolanus:0.0
252 coriolanus:0.1
253 coriolanus:0.2
254 coriolanus:0.3
255 coriolanus:0.4
256 coriolanus:0.5
256 coriolanus:0.8
257 coriolanus:0.6
258 coriolanus:0.7
259 coriolanus:0.9
260 coriolanus:1.0
260 coriolanus:3.1
261 coriolanus:1.1
261 coriolanus:2.0
261 coriolanus:2.2
261 coriolanus:3.5
261 coriolanus:4.0
262 coriolanus:2.1
263 coriolanus:3.0
264 coriolanus:3.2
265 coriolanus:3.3
266 coriolanus:3.4
267 coriolanus:3.6
268 coriolanus:4.1
269 coriolanus:4.2
270 coriolanus:4.3
271 coriolanus:4.4
272 coriolanus:4.5
273 julius_caesar:0.0
274 julius_caesar:0.1
274 julius_caesar:0.2
274 julius_caesar:1.0
274 julius_caesar:2.0
274 julius_caesar:3.2
274 julius_caesar:4.0
275 julius_caesar:1.1
276 julius_caesar:1.2
277 julius_caesar:1.3
278 julius_caesar:2.1
279 julius_caesar:2.2
280 julius_caesar:3.0
281 julius_caesar:3.1
282 julius_caesar:4.1
283 julius_caesar:4.2
284 julius_caesar:4.3
285 julius_caesar:4.4
286 comedy_of_errors:0.0
287 comedy_of_errors:0.1
287 comedy_of_errors:1.1
287 comedy_of_errors:2.0
287 comedy_of_errors:2.1
287 comedy_of_errors:3.2
288 comedy_of_errors:1.0
288 comedy_of_errors:3.1
289 comedy_of_errors:3.0
289 comedy_of_errors:3.3
289 comedy_of_errors:4.0
290 much_ado_about_nothing:0.0
290 much_ado_about_nothing:1.0
290 much_ado_about_nothing:1.2
290 much_ado_about_nothing:2.1
290 much_ado_about_nothing:3.0
290 much_ado_about_nothing:4.0
290 much_ado_about_nothing:4.3
291 much_ado_about_nothing:0.1
292 much_ado_about_nothing:0.2
292 much_ado_about_nothing:1.1
293 much_ado_about_nothing:2.0
293 much_ado_about_nothing:2.3
294 much_ado_about_nothing:2.2
294 much_ado_about_nothing:3.1
295 much_ado_about_nothing:2.4
296 much_ado_about_nothing:4.1
297 much_ado_about_nothing:4.2
298 twelfth_night:0.0
299 twelfth_night:0.1
300 twelfth_night:0.2
300 twelfth_night:1.2
300 twelfth_night:1.4
300 twelfth_night:2.1
300 twelfth_night:2.3
300 twelfth_night:3.0
301 twelfth_night:0.3
301 twelfth_night:1.3
302 twelfth_night:0.4
302 twelfth_night:2.0
302 twelfth_night:4.0
303 twelfth_night:1.0
303 twelfth_night:2.2
303 tempest:1.0
303 tempest:2.2
304 twelfth_night:1.1
305 twelfth_night:3.1
306 twelfth_night:3.2
307 lear:0.0
307 lear:0.3
307 lear:0.4
307 lear:1.3
308 lear:0.1
309 lear:0.2
310 lear:1.0
311 lear:1.1
312 lear:1.2
313 lear:2.0
314 lear:2.1
315 lear:2.2
316 lear:2.3
316 lear:2.5
316 lear:3.5
316 lear:4.1
317 lear:2.4
318 lear:2.6
319 lear:3.0
320 lear:3.1
321 lear:3.2
322 lear:3.3
323 lear:3.4
324 lear:3.6
325 lear:4.0
325 lear:4.2
326 cymbeline:0.0
326 cymbeline:4.4
327 cymbeline:0.1
327 cymbeline:1.0
327 cymbeline:1.2
327 cymbeline:2.4
328 cymbeline:0.2
328 cymbeline:2.3
329 cymbeline:0.3
329 cymbeline:1.3
330 cymbeline:0.4
331 cymbeline:0.5
332 cymbeline:1.1
333 cymbeline:1.4
334 cymbeline:2.0
335 cymbeline:2.1
336 cymbeline:2.2
337 cymbeline:2.5
337 cymbeline:3.1
337 cymbeline:3.3
338 cymbeline:2.6
339 cymbeline:3.0
340 cymbeline:3.2
341 cymbeline:4.0
342 cymbeline:4.1
343 cymbeline:4.2
344 cymbeline:4.3
345 measure_for_measure:0.0
346 measure_for_measure:0.1
347 measure_for_measure:0.2
348 measure_for_measure:0.3
348 measure_for_measure:1.1
348 measure_for_measure:1.3
348 measure_for_measure:2.0
349 measure_for_measure:1.0
350 measure_for_measure:1.2
351 measure_for_measure:2.1
351 measure_for_measure:4.0
352 measure_for_measure:3.0
353 measure_for_measure:3.1
353 measure_for_measure:3.2
354 measure_for_measure:3.3
355 measure_for_measure:3.4
356 measure_for_measure:3.5
357 pericles:0.0
358 pericles:0.1
359 pericles:0.2
360 pericles:0.3
360 pericles:3.2
361 pericles:1.0
362 pericles:1.1
362 pericles:1.2
362 pericles:1.4
363 pericles:1.3
364 pericles:2.0
365 pericles:2.1
365 pericles:2.3
366 pericles:2.2
367 pericles:3.0
368 pericles:3.1
368 pericles:3.5
369 pericles:3.3
370 pericles:3.4
371 pericles:4.0
372 pericles:4.1
373 pericles:4.2
374 winters_tale:0.0
375 winters_tale:0.1
375 winters_tale:2.1
376 winters_tale:1.0
377 winters_tale:1.1
378 winters_tale:1.2
378 winters_tale:4.0
378 winters_tale:4.2
379 winters_tale:2.0
380 winters_tale:2.2
381 winters_tale:3.0
382 winters_tale:3.1
383 winters_tale:3.2
384 winters_tale:3.3
385 winters_tale:4.1
386 antony_and_cleopatra:0.0
386 antony_and_cleopatra:0.2
386 antony_and_cleopatra:0.4
386 antony_and_cleopatra:1.4
386 antony_and_cleopatra:2.2
386 antony_and_cleopatra:3.14
386 antony_and_cleopatra:4.1
387 antony_and_cleopatra:0.1
387 antony_and_cleopatra:3.1
388 antony_and_cleopatra:0.3
389 antony_and_cleopatra:1.0
390 antony_and_cleopatra:1.1
390 antony_and_cleopatra:2.1
390 antony_and_cleopatra:3.5
391 antony_and_cleopatra:1.2
392 antony_and_cleopatra:1.3
393 antony_and_cleopatra:1.5
393 antony_and_cleopatra:1.6
394 antony_and_cleopatra:2.0
395 antony_and_cleopatra:2.3
396 antony_and_cleopatra:2.4
397 antony_and_cleopatra:2.5
398 antony_and_cleopatra:2.6
399 antony_and_cleopatra:2.7
400 antony_and_cleopatra:2.8
401 antony_and_cleopatra:2.9
402 antony_and_cleopatra:2.10
402 antony_and_cleopatra:3.3
402 antony_and_cleopatra:3.4
402 antony_and_cleopatra:3.13
403 antony_and_cleopatra:2.11
404 antony_and_cleopatra:2.12
405 antony_and_cleopatra:3.0
406 antony_and_cleopatra:3.2
407 antony_and_cleopatra:3.6
408 antony_and_cleopatra:3.7
409 antony_and_cleopatra:3.8
410 antony_and_cleopatra:3.9
411 antony_and_cleopatra:3.10
412 antony_and_cleopatra:3.11
413 antony_and_cleopatra:3.12
414 antony_and_cleopatra:4.0
415 tempest:0.0
416 tempest:0.1
416 tempest:3.0
416 tempest:4.0
417 tempest:1.1
417 tempest:2.1
418 tempest:2.0
419 two_gentlemen_of_verona:0.0
419 two_gentlemen_of_verona:2.1
420 two_gentlemen_of_verona:0.1
420 two_gentlemen_of_verona:1.6
421 two_gentlemen_of_verona:0.2
422 two_gentlemen_of_verona:1.0
422 two_gentlemen_of_verona:1.3
423 two_gentlemen_of_verona:1.1
423 two_gentlemen_of_verona:3.1
423 two_gentlemen_of_verona:3.3
423 two_gentlemen_of_verona:4.1
423 two_gentlemen_of_verona:4.3
424 two_gentlemen_of_verona:1.2
425 two_gentlemen_of_verona:1.4
425 two_gentlemen_of_verona:2.0
426 two_gentlemen_of_verona:1.5
427 two_gentlemen_of_verona:3.0
427 two_gentlemen_of_verona:4.2
428 two_gentlemen_of_verona:3.2
428 two_gentlemen_of_verona:4.0
429 merchant_of_venice:0.0
430 merchant_of_venice:0.1
430 merchant_of_venice:3.1
431 merchant_of_venice:0.2
431 merchant_of_venice:3.0
432 merchant_of_venice:1.0
433 merchant_of_venice:1.1
434 merchant_of_venice:1.2
434 merchant_of_venice:2.4
435 merchant_of_venice:1.3
435 merchant_of_venice:1.5
436 merchant_of_venice:1.4
437 merchant_of_venice:1.6
438 merchant_of_venice:1.7
439 merchant_of_venice:1.8
440 merchant_of_venice:2.0
441 merchant_of_venice:2.1
442 merchant_of_venice:2.2
443 merchant_of_venice:2.3
443 merchant_of_venice:4.0
444 henry_viii:0.0
445 henry_viii:0.1
446 henry_viii:0.2
447 henry_viii:0.3
447 henry_viii:1.1
447 henry_viii:2.1
448 henry_viii:1.0
449 henry_viii:1.2
450 henry_viii:1.3
451 henry_viii:2.0
452 henry_viii:3.0
453 henry_viii:3.1
454 henry_viii:4.0
455 henry_viii:4.1
456 henry_viii:4.2
457 henry_viii:4.3
458 henry_viii:4.4
459 midsummer_nights_dream:0.0
459 midsummer_nights_dream:1.1
459 midsummer_nights_dream:2.1
460 midsummer_nights_dream:0.1
460 midsummer_nights_dream:2.0
460 midsummer_nights_dream:3.1
461 midsummer_nights_dream:1.0
462 midsummer_nights_dream:3.0
463 midsummer_nights_dream:4.0
464 as_you_like_it:0.0
465 as_you_like_it:0.1
465 as_you_like_it:0.2
465 as_you_like_it:2.1
465 as_you_like_it:2.3
465 as_you_like_it:3.0
465 as_you_like_it:3.2
465 as_you_like_it:4.1
466 as_you_like_it:1.0
467 as_you_like_it:1.1
468 as_you_like_it:1.2
469 as_you_like_it:1.3
470 as_you_like_it:1.4
471 as_you_like_it:1.5
472 as_you_like_it:1.6
473 as_you_like_it:2.0
474 as_you_like_it:2.2
474 as_you_like_it:4.0
475 as_you_like_it:2.4
476 as_you_like_it:3.1
477 as_you_like_it:4.2
478 as_you_like_it:4.3
479 troilus_and_cressida:0.0
479 troilus_and_cressida:2.0
480 troilus_and_cressida:0.1
480 troilus_and_cressida:2.1
480 troilus_and_cressida:3.1
480 troilus_and_cressida:3.3
481 troilus_and_cressida:0.2
481 troilus_and_cressida:3.4
481 troilus_and_cressida:4.8
482 troilus_and_cressida:1.0
482 troilus_and_cressida:1.2
482 troilus_and_cressida:2.2
482 troilus_and_cressida:4.0
483 troilus_and_cressida:1.1
484 troilus_and_cressida:3.0
485 troilus_and_cressida:3.2
486 troilus_and_cressida:4.1
487 troilus_and_cressida:4.2
488 troilus_and_cressida:4.3
489 troilus_and_cressida:4.4
490 troilus_and_cressida:4.5
491 troilus_and_cressida:4.6
492 troilus_and_cressida:4.7
493 troilus_and_cressida:4.9
494 henry_v:0.0
495 henry_v:0.1
496 henry_v:1.0
497 henry_v:1.1
498 henry_v:1.2
499 henry_v:1.3
500 henry_v:2.0
501 henry_v:2.1
502 henry_v:2.2
503 henry_v:2.3
504 henry_v:2.4
505 henry_v:2.5
506 henry_v:2.6
507 henry_v:3.0
508 henry_v:3.1
509 henry_v:3.2
510 henry_v:3.3
511 henry_v:3.4
512 henry_v:3.5
513 henry_v:3.6
513 henry_v:3.7
514 henry_v:4.0
515 henry_v:4.1
516 life_and_death_of_king_john:0.0
517 life_and_death_of_king_john:1.0
518 life_and_death_of_king_john:2.0
519 life_and_death_of_king_john:2.1
520 life_and_death_of_king_john:2.2
520 life_and_death_of_king_john:3.0
520 life_and_death_of_king_john:4.5
521 life_and_death_of_king_john:2.3
522 life_and_death_of_king_john:3.1
523 life_and_death_of_king_john:3.2
524 life_and_death_of_king_john:4.0
525 life_and_death_of_king_john:4.1
526 life_and_death_of_king_john:4.2
527 life_and_death_of_king_john:4.3
528 life_and_death_of_king_john:4.4
529 life_and_death_of_king_john:4.6
530 timon_of_athens:0.0
530 timon_of_athens:0.1
530 timon_of_athens:1.1
530 timon_of_athens:3.2
530 timon_of_athens:4.0
531 timon_of_athens:1.0
532 timon_of_athens:2.0
533 timon_of_athens:2.1
534 timon_of_athens:2.2
535 timon_of_athens:2.3
536 timon_of_athens:2.4
537 timon_of_athens:2.5
538 timon_of_athens:3.0
539 timon_of_athens:3.1
540 timon_of_athens:4.1
541 timon_of_athens:4.2
542 timon_of_athens:4.3
