1 othello:0.0
2 othello:0.1
3 othello:0.2
4 othello:1.0
4 othello:1.2
4 othello:4.0
5 othello:1.1
6 othello:2.0
7 othello:2.1
7 othello:2.2
7 othello:3.0
7 othello:3.1
7 othello:4.1
8 othello:2.3
9 othello:3.2
10 henry_iv_part_ii:0.0
11 henry_iv_part_ii:0.1
12 henry_iv_part_ii:0.2
13 henry_iv_part_ii:1.0
14 henry_iv_part_ii:1.1
15 henry_iv_part_ii:1.2
16 henry_iv_part_ii:1.3
17 henry_iv_part_ii:2.0
18 henry_iv_part_ii:2.1
19 henry_iv_part_ii:3.0
20 henry_iv_part_ii:3.1
21 henry_iv_part_ii:3.2
22 henry_iv_part_ii:3.3
23 henry_iv_part_ii:3.4
24 henry_iv_part_ii:4.0
25 henry_iv_part_ii:4.1
26 henry_iv_part_ii:4.2
27 henry_iv_part_ii:4.3
28 henry_iv_part_ii:4.4
29 richard_ii:0.0
30 richard_ii:0.1
31 richard_ii:0.2
32 richard_ii:0.3
33 richard_ii:1.0
34 richard_ii:1.1
35 richard_ii:1.2
36 richard_ii:1.3
37 richard_ii:2.0
38 richard_ii:2.1
39 richard_ii:2.2
40 richard_ii:2.3
41 richard_ii:3.0
42 richard_ii:4.0
43 richard_ii:4.1
44 richard_ii:4.2
45 richard_ii:4.3
46 richard_ii:4.4
47 richard_ii:4.5
48 henry_vi_part_2:0.0
49 henry_vi_part_2:0.1
50 henry_vi_part_2:0.2
51 henry_vi_part_2:0.3
52 henry_vi_part_2:1.0
53 henry_vi_part_2:1.1
54 henry_vi_part_2:1.2
55 henry_vi_part_2:1.3
56 henry_vi_part_2:2.0
57 henry_vi_part_2:2.1
58 henry_vi_part_2:2.2
59 henry_vi_part_2:3.0
60 henry_vi_part_2:3.1
61 henry_vi_part_2:3.2
62 henry_vi_part_2:3.3
63 henry_vi_part_2:3.4
64 henry_vi_part_2:3.5
65 henry_vi_part_2:3.6
66 henry_vi_part_2:3.7
67 henry_vi_part_2:3.8
68 henry_vi_part_2:3.9
69 henry_vi_part_2:4.0
70 henry_vi_part_2:4.1
71 henry_vi_part_2:4.2
72 merry_wives_of_windsor:0.0
73 merry_wives_of_windsor:0.1
74 merry_wives_of_windsor:0.2
75 merry_wives_of_windsor:0.3
76 merry_wives_of_windsor:1.0
76 merry_wives_of_windsor:2.1
76 merry_wives_of_windsor:2.2
76 merry_wives_of_windsor:3.1
76 merry_wives_of_windsor:3.3
77 merry_wives_of_windsor:1.1
77 merry_wives_of_windsor:2.4
78 merry_wives_of_windsor:1.2
79 merry_wives_of_windsor:2.0
80 merry_wives_of_windsor:2.3
81 merry_wives_of_windsor:3.0
82 merry_wives_of_windsor:3.2
83 merry_wives_of_windsor:3.4
84 merry_wives_of_windsor:3.5
85 merry_wives_of_windsor:4.0
86 merry_wives_of_windsor:4.1
87 merry_wives_of_windsor:4.2
88 merry_wives_of_windsor:4.3
89 merry_wives_of_windsor:4.4
90 richard_iii:0.0
91 richard_iii:0.1
92 richard_iii:0.2
93 richard_iii:0.3
94 richard_iii:1.0
95 richard_iii:1.1
96 richard_iii:1.2
97 richard_iii:1.3
98 richard_iii:2.0
99 richard_iii:2.1
100 richard_iii:2.2
101 richard_iii:2.3
102 richard_iii:2.4
103 richard_iii:2.5
104 richard_iii:2.6
105 richard_iii:3.0
106 richard_iii:3.1
107 richard_iii:3.2
108 richard_iii:3.3
109 richard_iii:3.4
110 richard_iii:4.0
111 richard_iii:4.1
112 richard_iii:4.2
113 richard_iii:4.3
114 richard_iii:4.4
115 hamlet:0.0
116 hamlet:0.1
116 hamlet:0.3
116 hamlet:0.4
116 hamlet:4.1
117 hamlet:0.2
118 hamlet:1.0
119 hamlet:1.1
119 hamlet:2.1
119 hamlet:3.1
120 hamlet:2.0
121 hamlet:2.2
122 hamlet:2.3
123 hamlet:3.0
124 hamlet:3.2
125 hamlet:3.3
126 hamlet:3.4
127 hamlet:3.5
128 hamlet:3.6
129 hamlet:4.0
130 henry_iv_part_i:0.0
131 henry_iv_part_i:0.1
132 henry_iv_part_i:0.2
133 henry_iv_part_i:1.0
134 henry_iv_part_i:1.1
135 henry_iv_part_i:1.2
136 henry_iv_part_i:1.3
137 henry_iv_part_i:2.0
138 henry_iv_part_i:2.1
139 henry_iv_part_i:2.2
140 henry_iv_part_i:3.0
141 henry_iv_part_i:3.1
142 henry_iv_part_i:3.2
143 henry_iv_part_i:3.3
144 henry_iv_part_i:4.0
145 henry_iv_part_i:4.1
146 henry_iv_part_i:4.2
147 henry_iv_part_i:4.3
148 henry_iv_part_i:4.4
149 henry_vi_part_1:0.0
150 henry_vi_part_1:0.1
151 henry_vi_part_1:0.2
152 henry_vi_part_1:0.3
153 henry_vi_part_1:0.4
154 henry_vi_part_1:0.5
155 henry_vi_part_1:1.0
156 henry_vi_part_1:1.1
157 henry_vi_part_1:1.2
158 henry_vi_part_1:1.3
159 henry_vi_part_1:1.4
160 henry_vi_part_1:2.0
161 henry_vi_part_1:2.1
162 henry_vi_part_1:2.2
163 henry_vi_part_1:2.3
164 henry_vi_part_1:3.0
165 henry_vi_part_1:3.1
166 henry_vi_part_1:3.2
167 henry_vi_part_1:3.3
168 henry_vi_part_1:3.4
168 henry_vi_part_1:3.5
169 henry_vi_part_1:3.6
170 henry_vi_part_1:4.0
171 henry_vi_part_1:4.1
172 henry_vi_part_1:4.2
173 henry_vi_part_1:4.3
174 henry_vi_part_1:4.4
175 taming_of_the_shrew:0.0
175 taming_of_the_shrew:3.1
176 taming_of_the_shrew:0.1
177 taming_of_the_shrew:1.0
177 taming_of_the_shrew:2.1
177 taming_of_the_shrew:4.1
178 taming_of_the_shrew:2.0
179 taming_of_the_shrew:3.0
180 taming_of_the_shrew:3.2
181 taming_of_the_shrew:3.3
181 taming_of_the_shrew:4.0
182 taming_of_the_shrew:3.4
183 alls_well_that_ends_well:0.0
184 alls_well_that_ends_well:0.1
185 alls_well_that_ends_well:0.2
185 alls_well_that_ends_well:2.1
186 alls_well_that_ends_well:1.0
187 alls_well_that_ends_well:1.1
188 alls_well_that_ends_well:1.2
188 alls_well_that_ends_well:1.4
189 alls_well_that_ends_well:1.3
190 alls_well_that_ends_well:2.0
191 alls_well_that_ends_well:2.2
192 alls_well_that_ends_well:2.3
193 alls_well_that_ends_well:2.4
194 alls_well_that_ends_well:2.5
195 alls_well_that_ends_well:2.6
196 alls_well_that_ends_well:3.0
197 alls_well_that_ends_well:3.1
198 alls_well_that_ends_well:3.2
199 alls_well_that_ends_well:3.3
200 alls_well_that_ends_well:3.4
201 alls_well_that_ends_well:4.0
202 alls_well_that_ends_well:4.1
203 alls_well_that_ends_well:4.2
204 loves_labors_lost:0.0
204 loves_labors_lost:3.2
205 loves_labors_lost:0.1
205 loves_labors_lost:2.0
206 loves_labors_lost:1.0
206 loves_labors_lost:4.1
207 loves_labors_lost:3.0
208 loves_labors_lost:3.1
209 loves_labors_lost:4.0
210 henry_vi_part_3:0.0
211 henry_vi_part_3:0.1
212 henry_vi_part_3:0.2
213 henry_vi_part_3:0.3
214 henry_vi_part_3:1.0
215 henry_vi_part_3:1.1
216 henry_vi_part_3:1.2
217 henry_vi_part_3:1.3
218 henry_vi_part_3:1.4
219 henry_vi_part_3:1.5
220 henry_vi_part_3:2.0
221 henry_vi_part_3:2.1
222 henry_vi_part_3:2.2
223 henry_vi_part_3:3.0
224 henry_vi_part_3:3.1
225 henry_vi_part_3:3.2
226 henry_vi_part_3:3.3
227 henry_vi_part_3:3.4
228 henry_vi_part_3:3.5
229 henry_vi_part_3:3.6
230 henry_vi_part_3:3.7
231 henry_vi_part_3:4.0
232 henry_vi_part_3:4.1
233 henry_vi_part_3:4.2
234 henry_vi_part_3:4.3
235 henry_vi_part_3:4.4
236 henry_vi_part_3:4.5
237 henry_vi_part_3:4.6
238 romeo_and_juliet:0.0
239 romeo_and_juliet:0.1
240 romeo_and_juliet:0.2
241 romeo_and_juliet:0.3
242 romeo_and_juliet:0.4
243 romeo_and_juliet:1.0
244 romeo_and_juliet:1.1
245 romeo_and_juliet:1.2
246 romeo_and_juliet:1.3
246 romeo_and_juliet:2.0
247 romeo_and_juliet:1.4
248 romeo_and_juliet:1.5
249 romeo_and_juliet:2.1
250 romeo_and_juliet:2.2
251 romeo_and_juliet:2.3
252 romeo_and_juliet:2.4
253 romeo_and_juliet:3.0
254 romeo_and_juliet:3.1
255 romeo_and_juliet:3.2
256 romeo_and_juliet:3.3
257 romeo_and_juliet:3.4
258 romeo_and_juliet:4.0
259 romeo_and_juliet:4.1
260 romeo_and_juliet:4.2
261 titus_andronicus:0.0
261 titus_andronicus:2.0
261 titus_andronicus:2.1
261 titus_andronicus:3.0
261 titus_andronicus:3.2
261 titus_andronicus:4.2
262 titus_andronicus:1.0
262 titus_andronicus:3.1
263 titus_andronicus:1.1
264 titus_andronicus:1.2
265 titus_andronicus:1.3
266 titus_andronicus:3.3
267 titus_andronicus:4.0
268 titus_andronicus:4.1
269 macbeth:0.0
270 macbeth:0.1
271 macbeth:0.2
272 macbeth:0.3
273 macbeth:0.4
274 macbeth:0.5
275 macbeth:0.6
276 macbeth:1.0
277 macbeth:1.1
277 macbeth:2.3
278 macbeth:1.2
279 macbeth:1.3
280 macbeth:2.0
281 macbeth:2.1
282 macbeth:2.2
283 macbeth:2.4
284 macbeth:2.5
285 macbeth:3.0
286 macbeth:3.1
287 macbeth:3.2
288 macbeth:4.0
289 macbeth:4.1
290 macbeth:4.2
291 macbeth:4.3
292 macbeth:4.4
293 macbeth:4.5
294 macbeth:4.6
295 macbeth:4.7
296 coriolanus:0.0
297 coriolanus:0.1
298 coriolanus:0.2
299 coriolanus:0.3
300 coriolanus:0.4
301 coriolanus:0.5
302 coriolanus:0.6
303 coriolanus:0.7
304 coriolanus:0.8
305 coriolanus:0.9
306 coriolanus:1.0
307 coriolanus:1.1
307 coriolanus:2.0
307 coriolanus:2.2
307 coriolanus:3.5
308 coriolanus:1.2
309 coriolanus:2.1
310 coriolanus:3.0
311 coriolanus:3.1
312 coriolanus:3.2
313 coriolanus:3.3
314 coriolanus:3.4
315 coriolanus:3.6
316 coriolanus:4.0
317 coriolanus:4.1
318 coriolanus:4.2
319 coriolanus:4.3
320 coriolanus:4.4
321 coriolanus:4.5
322 julius_caesar:0.0
323 julius_caesar:0.1
323 julius_caesar:2.0
324 julius_caesar:0.2
325 julius_caesar:1.0
325 julius_caesar:3.2
325 julius_caesar:4.0
326 julius_caesar:1.1
327 julius_caesar:1.2
328 julius_caesar:1.3
329 julius_caesar:2.1
330 julius_caesar:2.2
331 julius_caesar:3.0
332 julius_caesar:3.1
333 julius_caesar:4.1
334 julius_caesar:4.2
335 julius_caesar:4.3
336 julius_caesar:4.4
337 comedy_of_errors:0.0
338 comedy_of_errors:0.1
338 comedy_of_errors:1.1
338 comedy_of_errors:2.1
338 comedy_of_errors:3.2
339 comedy_of_errors:1.0
339 comedy_of_errors:3.1
340 comedy_of_errors:2.0
340 comedy_of_errors:3.3
340 comedy_of_errors:4.0
341 comedy_of_errors:3.0
342 much_ado_about_nothing:0.0
342 much_ado_about_nothing:1.0
342 much_ado_about_nothing:1.2
342 much_ado_about_nothing:2.1
342 much_ado_about_nothing:3.0
342 much_ado_about_nothing:4.0
342 much_ado_about_nothing:4.3
343 much_ado_about_nothing:0.1
344 much_ado_about_nothing:0.2
345 much_ado_about_nothing:1.1
346 much_ado_about_nothing:2.0
347 much_ado_about_nothing:2.2
347 much_ado_about_nothing:3.1
348 much_ado_about_nothing:2.3
349 much_ado_about_nothing:2.4
350 much_ado_about_nothing:4.1
351 much_ado_about_nothing:4.2
352 twelfth_night:0.0
353 twelfth_night:0.1
354 twelfth_night:0.2
354 twelfth_night:1.2
354 twelfth_night:1.4
354 twelfth_night:2.1
354 twelfth_night:2.3
355 twelfth_night:0.3
355 twelfth_night:1.3
356 twelfth_night:0.4
357 twelfth_night:1.0
358 twelfth_night:1.1
359 twelfth_night:2.0
360 twelfth_night:2.2
361 twelfth_night:3.0
362 twelfth_night:3.1
363 twelfth_night:3.2
364 twelfth_night:4.0
365 lear:0.0
366 lear:0.1
367 lear:0.2
368 lear:0.3
368 lear:0.4
369 lear:1.0
370 lear:1.1
371 lear:1.2
372 lear:1.3
373 lear:2.0
374 lear:2.1
375 lear:2.2
376 lear:2.3
377 lear:2.4
378 lear:2.5
379 lear:2.6
380 lear:3.0
381 lear:3.1
382 lear:3.2
383 lear:3.3
384 lear:3.4
385 lear:3.5
385 lear:4.1
386 lear:3.6
387 lear:4.0
388 lear:4.2
389 cymbeline:0.0
390 cymbeline:0.1
391 cymbeline:0.2
392 cymbeline:0.3
392 cymbeline:1.3
393 cymbeline:0.4
394 cymbeline:0.5
395 cymbeline:1.0
396 cymbeline:1.1
397 cymbeline:1.2
398 cymbeline:1.4
399 cymbeline:2.0
400 cymbeline:2.1
401 cymbeline:2.2
402 cymbeline:2.3
403 cymbeline:2.4
404 cymbeline:2.5
405 cymbeline:2.6
406 cymbeline:3.0
407 cymbeline:3.1
407 cymbeline:3.3
408 cymbeline:3.2
409 cymbeline:4.0
410 cymbeline:4.1
411 cymbeline:4.2
412 cymbeline:4.3
413 cymbeline:4.4
414 measure_for_measure:0.0
415 measure_for_measure:0.1
416 measure_for_measure:0.2
417 measure_for_measure:0.3
417 measure_for_measure:1.1
417 measure_for_measure:1.3
418 measure_for_measure:1.0
419 measure_for_measure:1.2
420 measure_for_measure:2.0
421 measure_for_measure:2.1
421 measure_for_measure:4.0
422 measure_for_measure:3.0
423 measure_for_measure:3.1
424 measure_for_measure:3.2
425 measure_for_measure:3.3
426 measure_for_measure:3.4
427 measure_for_measure:3.5
428 pericles:0.0
429 pericles:0.1
430 pericles:0.2
431 pericles:0.3
432 pericles:1.0
433 pericles:1.1
434 pericles:1.2
434 pericles:1.4
435 pericles:1.3
436 pericles:2.0
437 pericles:2.1
438 pericles:2.2
439 pericles:2.3
440 pericles:3.0
441 pericles:3.1
441 pericles:3.5
442 pericles:3.2
443 pericles:3.3
444 pericles:3.4
445 pericles:4.0
446 pericles:4.1
447 pericles:4.2
448 winters_tale:0.0
449 winters_tale:0.1
450 winters_tale:1.0
451 winters_tale:1.1
452 winters_tale:1.2
452 winters_tale:4.0
452 winters_tale:4.2
453 winters_tale:2.0
454 winters_tale:2.1
455 winters_tale:2.2
456 winters_tale:3.0
457 winters_tale:3.1
458 winters_tale:3.2
459 winters_tale:3.3
460 winters_tale:4.1
461 antony_and_cleopatra:0.0
462 antony_and_cleopatra:0.1
463 antony_and_cleopatra:0.2
463 antony_and_cleopatra:3.14
464 antony_and_cleopatra:0.3
465 antony_and_cleopatra:0.4
465 antony_and_cleopatra:1.4
465 antony_and_cleopatra:2.2
466 antony_and_cleopatra:1.0
467 antony_and_cleopatra:1.1
467 antony_and_cleopatra:2.1
467 antony_and_cleopatra:3.5
468 antony_and_cleopatra:1.2
469 antony_and_cleopatra:1.3
470 antony_and_cleopatra:1.5
470 antony_and_cleopatra:1.6
471 antony_and_cleopatra:2.0
472 antony_and_cleopatra:2.3
473 antony_and_cleopatra:2.4
474 antony_and_cleopatra:2.5
475 antony_and_cleopatra:2.6
476 antony_and_cleopatra:2.7
477 antony_and_cleopatra:2.8
478 antony_and_cleopatra:2.9
479 antony_and_cleopatra:2.10
480 antony_and_cleopatra:2.11
481 antony_and_cleopatra:2.12
482 antony_and_cleopatra:3.0
483 antony_and_cleopatra:3.1
484 antony_and_cleopatra:3.2
485 antony_and_cleopatra:3.3
485 antony_and_cleopatra:3.13
486 antony_and_cleopatra:3.4
487 antony_and_cleopatra:3.6
488 antony_and_cleopatra:3.7
489 antony_and_cleopatra:3.8
490 antony_and_cleopatra:3.9
491 antony_and_cleopatra:3.10
492 antony_and_cleopatra:3.11
493 antony_and_cleopatra:3.12
494 antony_and_cleopatra:4.0
495 antony_and_cleopatra:4.1
496 tempest:0.0
497 tempest:0.1
497 tempest:4.0
498 tempest:1.0
499 tempest:1.1
499 tempest:2.1
500 tempest:2.0
501 tempest:2.2
502 tempest:3.0
503 two_gentlemen_of_verona:0.0
504 two_gentlemen_of_verona:0.1
504 two_gentlemen_of_verona:1.6
505 two_gentlemen_of_verona:0.2
506 two_gentlemen_of_verona:1.0
506 two_gentlemen_of_verona:1.3
506 two_gentlemen_of_verona:4.3
507 two_gentlemen_of_verona:1.1
508 two_gentlemen_of_verona:1.2
509 two_gentlemen_of_verona:1.4
510 two_gentlemen_of_verona:1.5
511 two_gentlemen_of_verona:2.0
512 two_gentlemen_of_verona:2.1
513 two_gentlemen_of_verona:3.0
513 two_gentlemen_of_verona:4.2
514 two_gentlemen_of_verona:3.1
514 two_gentlemen_of_verona:3.3
515 two_gentlemen_of_verona:3.2
515 two_gentlemen_of_verona:4.0
516 two_gentlemen_of_verona:4.1
517 merchant_of_venice:0.0
518 merchant_of_venice:0.1
519 merchant_of_venice:0.2
520 merchant_of_venice:1.0
521 merchant_of_venice:1.1
522 merchant_of_venice:1.2
522 merchant_of_venice:2.4
523 merchant_of_venice:1.3
524 merchant_of_venice:1.4
525 merchant_of_venice:1.5
526 merchant_of_venice:1.6
527 merchant_of_venice:1.7
528 merchant_of_venice:1.8
529 merchant_of_venice:2.0
530 merchant_of_venice:2.1
531 merchant_of_venice:2.2
532 merchant_of_venice:2.3
533 merchant_of_venice:3.0
534 merchant_of_venice:3.1
535 merchant_of_venice:4.0
536 henry_viii:0.0
537 henry_viii:0.1
538 henry_viii:0.2
539 henry_viii:0.3
540 henry_viii:1.0
541 henry_viii:1.1
542 henry_viii:1.2
543 henry_viii:1.3
544 henry_viii:2.0
545 henry_viii:2.1
546 henry_viii:3.0
547 henry_viii:3.1
548 henry_viii:4.0
549 henry_viii:4.1
550 henry_viii:4.2
551 henry_viii:4.3
552 henry_viii:4.4
553 midsummer_nights_dream:0.0
553 midsummer_nights_dream:1.1
553 midsummer_nights_dream:2.1
554 midsummer_nights_dream:0.1
554 midsummer_nights_dream:3.1
555 midsummer_nights_dream:1.0
556 midsummer_nights_dream:2.0
557 midsummer_nights_dream:3.0
558 midsummer_nights_dream:4.0
559 as_you_like_it:0.0
560 as_you_like_it:0.1
560 as_you_like_it:0.2
560 as_you_like_it:2.3
561 as_you_like_it:1.0
562 as_you_like_it:1.1
563 as_you_like_it:1.2
564 as_you_like_it:1.3
565 as_you_like_it:1.4
566 as_you_like_it:1.5
567 as_you_like_it:1.6
568 as_you_like_it:2.0
569 as_you_like_it:2.1
569 as_you_like_it:3.0
569 as_you_like_it:4.1
570 as_you_like_it:2.2
571 as_you_like_it:2.4
572 as_you_like_it:3.1
573 as_you_like_it:3.2
574 as_you_like_it:4.0
575 as_you_like_it:4.2
576 as_you_like_it:4.3
577 troilus_and_cressida:0.0
578 troilus_and_cressida:0.1
578 troilus_and_cressida:2.1
578 troilus_and_cressida:3.1
578 troilus_and_cressida:3.3
579 troilus_and_cressida:0.2
580 troilus_and_cressida:1.0
581 troilus_and_cressida:1.1
582 troilus_and_cressida:1.2
582 troilus_and_cressida:2.2
582 troilus_and_cressida:4.0
583 troilus_and_cressida:2.0
584 troilus_and_cressida:3.0
585 troilus_and_cressida:3.2
586 troilus_and_cressida:3.4
587 troilus_and_cressida:4.1
588 troilus_and_cressida:4.2
589 troilus_and_cressida:4.3
590 troilus_and_cressida:4.4
591 troilus_and_cressida:4.5
592 troilus_and_cressida:4.6
593 troilus_and_cressida:4.7
594 troilus_and_cressida:4.8
595 troilus_and_cressida:4.9
596 henry_v:0.0
597 henry_v:0.1
598 henry_v:1.0
599 henry_v:1.1
600 henry_v:1.2
601 henry_v:1.3
602 henry_v:2.0
603 henry_v:2.1
604 henry_v:2.2
605 henry_v:2.3
606 henry_v:2.4
607 henry_v:2.5
608 henry_v:2.6
609 henry_v:3.0
610 henry_v:3.1
611 henry_v:3.2
612 henry_v:3.3
613 henry_v:3.4
614 henry_v:3.5
615 henry_v:3.6
616 henry_v:3.7
617 henry_v:4.0
618 henry_v:4.1
619 life_and_death_of_king_john:0.0
620 life_and_death_of_king_john:1.0
621 life_and_death_of_king_john:2.0
622 life_and_death_of_king_john:2.1
623 life_and_death_of_king_john:2.2
623 life_and_death_of_king_john:3.0
623 life_and_death_of_king_john:4.5
624 life_and_death_of_king_john:2.3
625 life_and_death_of_king_john:3.1
626 life_and_death_of_king_john:3.2
627 life_and_death_of_king_john:4.0
628 life_and_death_of_king_john:4.1
629 life_and_death_of_king_john:4.2
630 life_and_death_of_king_john:4.3
631 life_and_death_of_king_john:4.4
632 life_and_death_of_king_john:4.6
633 timon_of_athens:0.0
633 timon_of_athens:0.1
633 timon_of_athens:3.2
634 timon_of_athens:1.0
635 timon_of_athens:1.1
636 timon_of_athens:2.0
637 timon_of_athens:2.1
638 timon_of_athens:2.2
639 timon_of_athens:2.3
640 timon_of_athens:2.4
641 timon_of_athens:2.5
642 timon_of_athens:3.0
643 timon_of_athens:3.1
644 timon_of_athens:4.0
645 timon_of_athens:4.1
646 timon_of_athens:4.2
647 timon_of_athens:4.3
