1 othello:0.0
1 othello:0.1
1 othello:0.2
1 othello:1.0
1 othello:1.1
1 othello:1.2
1 othello:2.0
1 othello:2.1
1 othello:2.2
1 othello:2.3
1 othello:3.0
1 othello:3.1
1 othello:3.2
1 othello:4.0
1 othello:4.1
2 henry_iv_part_ii:0.0
2 henry_iv_part_ii:0.2
2 henry_iv_part_ii:1.2
2 henry_iv_part_ii:2.0
2 henry_iv_part_ii:3.0
2 henry_iv_part_ii:3.1
2 henry_iv_part_ii:3.3
2 henry_iv_part_ii:3.4
2 henry_iv_part_ii:4.1
2 richard_ii:0.0
2 richard_ii:0.1
2 richard_ii:0.2
2 richard_ii:0.3
2 richard_ii:1.0
2 richard_ii:1.1
2 richard_ii:1.2
2 richard_ii:2.0
2 richard_ii:2.1
2 richard_ii:2.2
2 richard_ii:2.3
2 richard_ii:3.0
2 richard_ii:4.0
2 richard_ii:4.1
2 richard_ii:4.2
2 richard_ii:4.4
2 richard_ii:4.5
2 henry_vi_part_2:0.0
2 henry_vi_part_2:0.1
2 henry_vi_part_2:0.2
2 henry_vi_part_2:0.3
2 henry_vi_part_2:1.0
2 henry_vi_part_2:1.1
2 henry_vi_part_2:1.2
2 henry_vi_part_2:1.3
2 henry_vi_part_2:2.0
2 henry_vi_part_2:2.1
2 henry_vi_part_2:2.2
2 henry_vi_part_2:3.0
2 henry_vi_part_2:3.3
2 henry_vi_part_2:3.8
2 henry_vi_part_2:4.0
2 henry_vi_part_2:4.1
2 henry_vi_part_2:4.2
2 richard_iii:0.0
2 richard_iii:0.1
2 richard_iii:0.2
2 richard_iii:0.3
2 richard_iii:1.0
2 richard_iii:1.1
2 richard_iii:1.3
2 richard_iii:2.0
2 richard_iii:2.1
2 richard_iii:2.3
2 richard_iii:2.4
2 richard_iii:2.6
2 richard_iii:3.0
2 richard_iii:3.1
2 richard_iii:3.2
2 richard_iii:3.3
2 richard_iii:4.0
2 henry_iv_part_i:0.0
2 henry_iv_part_i:0.2
2 henry_iv_part_i:1.2
2 henry_iv_part_i:2.1
2 henry_iv_part_i:3.3
2 henry_iv_part_i:4.0
2 henry_vi_part_1:0.0
2 henry_vi_part_1:0.2
2 henry_vi_part_1:1.3
2 henry_vi_part_1:1.4
2 henry_vi_part_1:2.0
2 henry_vi_part_1:2.3
2 henry_vi_part_1:3.0
2 henry_vi_part_1:4.0
2 henry_vi_part_1:4.2
2 henry_vi_part_1:4.4
2 henry_vi_part_3:0.0
2 henry_vi_part_3:0.1
2 henry_vi_part_3:1.0
2 henry_vi_part_3:1.2
2 henry_vi_part_3:1.4
2 henry_vi_part_3:2.0
2 henry_vi_part_3:2.1
2 henry_vi_part_3:2.2
2 henry_vi_part_3:3.0
2 henry_vi_part_3:3.1
2 henry_vi_part_3:3.2
2 henry_vi_part_3:3.3
2 henry_vi_part_3:3.4
2 henry_vi_part_3:3.5
2 henry_vi_part_3:3.6
2 henry_vi_part_3:3.7
2 henry_vi_part_3:4.0
2 henry_vi_part_3:4.1
2 henry_vi_part_3:4.2
2 henry_vi_part_3:4.3
2 henry_vi_part_3:4.4
2 henry_vi_part_3:4.5
2 henry_vi_part_3:4.6
2 lear:0.0
2 lear:0.1
2 lear:1.0
2 lear:2.2
2 cymbeline:0.0
2 henry_viii:0.0
2 henry_viii:0.1
2 henry_v:0.1
2 henry_v:1.1
2 henry_v:1.3
2 henry_v:2.0
2 henry_v:3.2
2 henry_v:3.5
2 henry_v:4.1
2 life_and_death_of_king_john:0.0
2 life_and_death_of_king_john:1.0
2 life_and_death_of_king_john:2.0
2 life_and_death_of_king_john:2.3
2 life_and_death_of_king_john:4.1
3 henry_iv_part_ii:0.1
3 henry_iv_part_ii:1.0
3 henry_iv_part_ii:1.1
3 henry_iv_part_ii:1.3
3 henry_iv_part_ii:2.1
3 henry_iv_part_ii:3.2
3 henry_iv_part_ii:4.0
3 henry_iv_part_ii:4.2
3 henry_iv_part_ii:4.3
3 henry_iv_part_ii:4.4
3 merry_wives_of_windsor:0.0
3 merry_wives_of_windsor:0.1
3 merry_wives_of_windsor:0.2
3 merry_wives_of_windsor:1.0
3 merry_wives_of_windsor:1.1
3 merry_wives_of_windsor:2.1
3 merry_wives_of_windsor:2.2
3 merry_wives_of_windsor:2.4
3 merry_wives_of_windsor:3.1
3 merry_wives_of_windsor:3.3
3 merry_wives_of_windsor:3.4
3 merry_wives_of_windsor:4.0
3 merry_wives_of_windsor:4.2
3 merry_wives_of_windsor:4.4
3 henry_iv_part_i:0.1
3 henry_iv_part_i:1.1
3 henry_iv_part_i:1.3
3 henry_iv_part_i:2.2
3 henry_iv_part_i:3.1
3 henry_v:1.0
3 henry_v:1.2
4 richard_ii:1.3
4 henry_vi_part_1:0.3
5 richard_ii:4.3
6 henry_vi_part_2:3.1
6 henry_vi_part_2:3.2
6 henry_vi_part_2:3.5
6 henry_vi_part_2:3.6
6 henry_vi_part_2:3.7
6 henry_vi_part_2:3.9
7 henry_vi_part_2:3.4
7 richard_iii:1.2
7 coriolanus:0.0
7 coriolanus:0.1
7 coriolanus:0.3
7 coriolanus:0.4
7 coriolanus:0.5
7 coriolanus:0.6
7 coriolanus:0.7
7 coriolanus:0.8
7 coriolanus:0.9
7 coriolanus:1.0
7 coriolanus:1.1
7 coriolanus:1.2
7 coriolanus:2.0
7 coriolanus:2.1
7 coriolanus:2.2
7 coriolanus:3.0
7 coriolanus:3.1
7 coriolanus:3.2
7 coriolanus:3.3
7 coriolanus:3.4
7 coriolanus:3.5
7 coriolanus:4.0
7 coriolanus:4.1
7 coriolanus:4.2
7 coriolanus:4.3
7 coriolanus:4.5
8 merry_wives_of_windsor:0.3
8 merry_wives_of_windsor:1.2
8 merry_wives_of_windsor:2.0
8 merry_wives_of_windsor:2.3
8 merry_wives_of_windsor:3.0
8 merry_wives_of_windsor:3.5
8 merry_wives_of_windsor:4.1
8 merry_wives_of_windsor:4.3
9 merry_wives_of_windsor:3.2
10 richard_iii:2.2
10 richard_iii:4.2
10 richard_iii:4.3
11 richard_iii:2.5
12 richard_iii:3.4
12 richard_iii:4.1
12 richard_iii:4.4
13 hamlet:0.0
13 hamlet:0.1
13 hamlet:0.3
13 hamlet:0.4
13 hamlet:1.1
13 hamlet:2.0
13 hamlet:2.1
13 hamlet:2.2
13 hamlet:2.3
13 hamlet:3.0
13 hamlet:3.1
13 hamlet:3.2
13 hamlet:3.3
13 hamlet:3.5
13 hamlet:4.0
13 hamlet:4.1
14 hamlet:0.2
14 hamlet:1.0
14 hamlet:3.4
14 hamlet:3.6
15 henry_iv_part_i:1.0
15 henry_viii:0.2
15 henry_viii:0.3
15 henry_viii:1.1
15 henry_viii:1.2
15 henry_viii:1.3
15 henry_viii:2.0
15 henry_viii:2.1
15 henry_viii:3.1
15 henry_viii:4.0
15 henry_viii:4.1
15 henry_viii:4.2
15 henry_viii:4.4
16 henry_iv_part_i:2.0
16 henry_iv_part_i:3.0
16 henry_iv_part_i:3.2
16 henry_iv_part_i:4.1
16 henry_iv_part_i:4.2
16 henry_iv_part_i:4.3
16 henry_iv_part_i:4.4
17 henry_vi_part_1:0.1
17 henry_vi_part_1:0.4
17 henry_vi_part_1:0.5
17 henry_vi_part_1:1.0
17 henry_vi_part_1:1.1
17 henry_vi_part_1:1.2
17 henry_vi_part_1:2.1
17 henry_vi_part_1:2.2
17 henry_vi_part_1:3.1
17 henry_vi_part_1:3.2
17 henry_vi_part_1:3.3
17 henry_vi_part_1:3.4
17 henry_vi_part_1:3.5
17 henry_vi_part_1:3.6
17 henry_vi_part_1:4.1
17 henry_vi_part_1:4.3
18 taming_of_the_shrew:0.0
18 taming_of_the_shrew:0.1
18 taming_of_the_shrew:1.0
18 taming_of_the_shrew:2.0
18 taming_of_the_shrew:2.1
18 taming_of_the_shrew:3.0
18 taming_of_the_shrew:3.1
18 taming_of_the_shrew:3.2
18 taming_of_the_shrew:3.3
18 taming_of_the_shrew:3.4
18 taming_of_the_shrew:4.0
18 taming_of_the_shrew:4.1
19 alls_well_that_ends_well:0.0
19 alls_well_that_ends_well:0.1
19 alls_well_that_ends_well:0.2
19 alls_well_that_ends_well:1.0
19 alls_well_that_ends_well:1.1
19 alls_well_that_ends_well:1.2
19 alls_well_that_ends_well:1.3
19 alls_well_that_ends_well:1.4
19 alls_well_that_ends_well:2.1
19 alls_well_that_ends_well:2.2
19 alls_well_that_ends_well:2.3
19 alls_well_that_ends_well:2.4
19 alls_well_that_ends_well:2.5
19 alls_well_that_ends_well:2.6
19 alls_well_that_ends_well:3.0
19 alls_well_that_ends_well:3.1
19 alls_well_that_ends_well:3.2
19 alls_well_that_ends_well:3.3
19 alls_well_that_ends_well:3.4
19 alls_well_that_ends_well:4.0
19 alls_well_that_ends_well:4.1
19 alls_well_that_ends_well:4.2
20 alls_well_that_ends_well:2.0
21 loves_labors_lost:0.0
21 loves_labors_lost:1.0
21 loves_labors_lost:3.0
21 loves_labors_lost:3.2
21 loves_labors_lost:4.1
22 loves_labors_lost:0.1
22 loves_labors_lost:2.0
22 loves_labors_lost:4.0
22 henry_v:2.3
22 henry_v:3.3
23 loves_labors_lost:3.1
24 henry_vi_part_3:0.2
24 henry_vi_part_3:0.3
24 henry_vi_part_3:1.1
24 henry_vi_part_3:1.3
24 henry_vi_part_3:1.5
25 romeo_and_juliet:0.0
25 romeo_and_juliet:0.1
25 romeo_and_juliet:0.2
25 romeo_and_juliet:0.3
25 romeo_and_juliet:0.4
25 romeo_and_juliet:1.0
25 romeo_and_juliet:1.1
25 romeo_and_juliet:1.2
25 romeo_and_juliet:1.3
25 romeo_and_juliet:1.4
25 romeo_and_juliet:1.5
25 romeo_and_juliet:2.0
25 romeo_and_juliet:2.1
25 romeo_and_juliet:2.2
25 romeo_and_juliet:2.3
25 romeo_and_juliet:2.4
25 romeo_and_juliet:3.0
25 romeo_and_juliet:3.1
25 romeo_and_juliet:3.2
25 romeo_and_juliet:3.3
25 romeo_and_juliet:3.4
25 romeo_and_juliet:4.0
25 romeo_and_juliet:4.1
25 romeo_and_juliet:4.2
25 measure_for_measure:1.2
26 titus_andronicus:0.0
26 titus_andronicus:1.0
26 titus_andronicus:1.1
26 titus_andronicus:1.2
26 titus_andronicus:1.3
26 titus_andronicus:2.0
26 titus_andronicus:2.1
26 titus_andronicus:3.0
26 titus_andronicus:3.1
26 titus_andronicus:3.2
26 titus_andronicus:3.3
26 titus_andronicus:4.0
26 titus_andronicus:4.1
26 titus_andronicus:4.2
27 macbeth:0.0
27 macbeth:0.2
27 macbeth:0.4
27 macbeth:0.6
27 macbeth:1.0
27 macbeth:1.1
27 macbeth:1.2
27 macbeth:2.0
27 macbeth:2.1
27 macbeth:2.2
27 macbeth:2.3
27 macbeth:2.4
27 macbeth:3.0
27 macbeth:4.0
27 macbeth:4.2
27 macbeth:4.4
27 macbeth:4.6
28 macbeth:0.1
28 macbeth:0.3
28 macbeth:0.5
28 macbeth:1.3
28 macbeth:2.5
28 macbeth:3.1
28 macbeth:3.2
28 macbeth:4.5
28 macbeth:4.7
29 macbeth:4.1
29 macbeth:4.3
30 coriolanus:0.2
30 coriolanus:4.4
31 coriolanus:3.6
32 julius_caesar:0.0
33 julius_caesar:0.1
33 julius_caesar:0.2
33 julius_caesar:1.0
33 julius_caesar:1.1
33 julius_caesar:1.2
33 julius_caesar:1.3
33 julius_caesar:2.0
33 julius_caesar:2.1
33 julius_caesar:2.2
33 julius_caesar:3.0
33 julius_caesar:3.1
33 julius_caesar:3.2
33 julius_caesar:4.0
33 julius_caesar:4.1
33 julius_caesar:4.2
33 julius_caesar:4.3
33 julius_caesar:4.4
33 antony_and_cleopatra:0.0
33 antony_and_cleopatra:0.3
34 comedy_of_errors:0.0
35 comedy_of_errors:0.1
35 comedy_of_errors:1.0
35 comedy_of_errors:1.1
35 comedy_of_errors:2.0
35 comedy_of_errors:2.1
35 comedy_of_errors:3.0
35 comedy_of_errors:3.1
35 comedy_of_errors:3.2
35 comedy_of_errors:3.3
35 comedy_of_errors:4.0
36 much_ado_about_nothing:0.0
36 much_ado_about_nothing:0.1
36 much_ado_about_nothing:0.2
36 much_ado_about_nothing:1.0
36 much_ado_about_nothing:1.1
36 much_ado_about_nothing:1.2
36 much_ado_about_nothing:2.0
36 much_ado_about_nothing:2.1
36 much_ado_about_nothing:2.3
36 much_ado_about_nothing:3.0
36 much_ado_about_nothing:4.0
36 much_ado_about_nothing:4.1
36 much_ado_about_nothing:4.2
36 much_ado_about_nothing:4.3
37 much_ado_about_nothing:2.2
37 much_ado_about_nothing:2.4
37 much_ado_about_nothing:3.1
38 twelfth_night:0.0
38 twelfth_night:1.3
39 twelfth_night:0.1
39 twelfth_night:0.3
39 twelfth_night:0.4
39 twelfth_night:1.1
39 twelfth_night:2.0
39 twelfth_night:4.0
40 twelfth_night:0.2
40 twelfth_night:1.2
40 twelfth_night:1.4
40 twelfth_night:2.1
40 twelfth_night:2.3
40 twelfth_night:3.0
40 twelfth_night:3.1
41 twelfth_night:1.0
41 twelfth_night:2.2
41 twelfth_night:3.2
41 tempest:0.0
41 tempest:1.0
41 tempest:2.2
41 merchant_of_venice:0.0
41 merchant_of_venice:0.2
41 merchant_of_venice:1.7
41 merchant_of_venice:2.0
41 merchant_of_venice:2.2
42 lear:0.2
42 lear:0.3
42 lear:0.4
42 lear:1.1
42 lear:1.3
42 lear:2.0
42 lear:2.1
42 lear:2.3
42 lear:2.5
42 lear:3.1
42 lear:3.2
42 lear:3.6
42 lear:4.2
43 lear:1.2
43 lear:3.0
43 lear:3.5
43 lear:4.1
44 lear:2.4
44 lear:2.6
44 lear:3.4
44 lear:4.0
45 lear:3.3
46 cymbeline:0.1
46 cymbeline:1.0
46 cymbeline:1.2
46 cymbeline:2.0
46 cymbeline:2.4
46 cymbeline:3.0
47 cymbeline:0.2
47 cymbeline:0.4
47 cymbeline:2.1
47 cymbeline:2.3
47 cymbeline:3.2
47 cymbeline:4.0
48 cymbeline:0.3
48 cymbeline:0.5
48 cymbeline:1.1
48 cymbeline:1.3
48 cymbeline:1.4
48 cymbeline:4.1
48 cymbeline:4.2
48 cymbeline:4.3
49 cymbeline:2.2
49 cymbeline:2.5
49 cymbeline:3.1
49 cymbeline:3.3
49 cymbeline:4.4
50 cymbeline:2.6
50 timon_of_athens:2.4
50 timon_of_athens:4.3
51 measure_for_measure:0.0
51 measure_for_measure:0.2
51 measure_for_measure:1.0
51 measure_for_measure:2.1
51 measure_for_measure:3.1
51 measure_for_measure:3.2
51 measure_for_measure:3.3
51 measure_for_measure:3.4
51 measure_for_measure:4.0
52 measure_for_measure:0.1
52 measure_for_measure:0.3
52 measure_for_measure:1.1
52 measure_for_measure:1.3
52 measure_for_measure:2.0
52 measure_for_measure:3.0
52 measure_for_measure:3.5
53 pericles:0.0
53 pericles:0.1
53 pericles:0.2
53 pericles:1.0
53 pericles:1.3
53 pericles:2.0
53 pericles:4.0
54 pericles:0.3
54 pericles:2.2
54 pericles:3.0
54 pericles:3.2
54 pericles:3.3
55 pericles:1.1
55 pericles:1.2
55 pericles:1.4
56 pericles:2.1
56 pericles:2.3
56 pericles:4.2
57 pericles:3.1
57 pericles:3.5
58 pericles:3.4
58 henry_viii:1.0
58 henry_viii:3.0
59 pericles:4.1
60 winters_tale:0.0
60 winters_tale:0.1
60 winters_tale:1.0
60 winters_tale:1.2
60 winters_tale:2.1
60 winters_tale:2.2
60 winters_tale:3.0
60 winters_tale:3.1
60 winters_tale:4.0
60 winters_tale:4.2
61 winters_tale:1.1
62 winters_tale:2.0
63 winters_tale:3.2
63 winters_tale:3.3
63 winters_tale:4.1
64 antony_and_cleopatra:0.1
64 antony_and_cleopatra:0.2
64 antony_and_cleopatra:0.4
64 antony_and_cleopatra:1.0
64 antony_and_cleopatra:1.1
64 antony_and_cleopatra:1.2
64 antony_and_cleopatra:1.3
64 antony_and_cleopatra:1.4
64 antony_and_cleopatra:1.5
64 antony_and_cleopatra:1.6
64 antony_and_cleopatra:2.1
64 antony_and_cleopatra:2.2
64 antony_and_cleopatra:2.3
64 antony_and_cleopatra:2.4
64 antony_and_cleopatra:2.5
64 antony_and_cleopatra:2.6
64 antony_and_cleopatra:2.7
64 antony_and_cleopatra:2.8
64 antony_and_cleopatra:2.9
64 antony_and_cleopatra:2.10
64 antony_and_cleopatra:2.11
64 antony_and_cleopatra:2.12
64 antony_and_cleopatra:3.0
64 antony_and_cleopatra:3.1
64 antony_and_cleopatra:3.3
64 antony_and_cleopatra:3.4
64 antony_and_cleopatra:3.5
64 antony_and_cleopatra:3.6
64 antony_and_cleopatra:3.7
64 antony_and_cleopatra:3.9
64 antony_and_cleopatra:3.10
64 antony_and_cleopatra:3.11
64 antony_and_cleopatra:3.12
64 antony_and_cleopatra:3.13
64 antony_and_cleopatra:3.14
64 antony_and_cleopatra:4.0
64 antony_and_cleopatra:4.1
65 antony_and_cleopatra:2.0
66 antony_and_cleopatra:3.2
66 antony_and_cleopatra:3.8
67 tempest:0.1
67 tempest:2.0
67 tempest:3.0
67 tempest:4.0
68 tempest:1.1
68 tempest:2.1
69 two_gentlemen_of_verona:0.0
69 two_gentlemen_of_verona:0.2
69 two_gentlemen_of_verona:1.0
69 two_gentlemen_of_verona:1.3
69 two_gentlemen_of_verona:1.5
69 two_gentlemen_of_verona:2.1
69 two_gentlemen_of_verona:3.0
69 two_gentlemen_of_verona:3.1
69 two_gentlemen_of_verona:3.2
69 two_gentlemen_of_verona:3.3
69 two_gentlemen_of_verona:4.0
69 two_gentlemen_of_verona:4.1
69 two_gentlemen_of_verona:4.2
69 two_gentlemen_of_verona:4.3
70 two_gentlemen_of_verona:0.1
70 two_gentlemen_of_verona:1.1
70 two_gentlemen_of_verona:1.6
71 two_gentlemen_of_verona:1.2
71 two_gentlemen_of_verona:1.4
71 two_gentlemen_of_verona:2.0
72 merchant_of_venice:0.1
72 merchant_of_venice:1.0
72 merchant_of_venice:1.6
72 merchant_of_venice:1.8
72 merchant_of_venice:2.1
72 merchant_of_venice:2.3
72 merchant_of_venice:3.0
72 merchant_of_venice:3.1
72 merchant_of_venice:4.0
73 merchant_of_venice:1.1
73 merchant_of_venice:1.2
73 merchant_of_venice:1.3
73 merchant_of_venice:1.4
73 merchant_of_venice:1.5
73 merchant_of_venice:2.4
74 henry_viii:4.3
75 midsummer_nights_dream:0.0
75 midsummer_nights_dream:1.0
75 midsummer_nights_dream:1.1
75 midsummer_nights_dream:2.1
75 midsummer_nights_dream:3.0
75 midsummer_nights_dream:4.0
76 midsummer_nights_dream:0.1
76 midsummer_nights_dream:2.0
76 midsummer_nights_dream:3.1
77 as_you_like_it:0.0
77 as_you_like_it:0.1
77 as_you_like_it:0.2
77 as_you_like_it:1.1
77 as_you_like_it:1.2
77 as_you_like_it:1.3
77 as_you_like_it:1.5
77 as_you_like_it:2.0
77 as_you_like_it:2.1
77 as_you_like_it:2.2
77 as_you_like_it:2.3
77 as_you_like_it:2.4
77 as_you_like_it:3.0
77 as_you_like_it:3.2
77 as_you_like_it:4.0
77 as_you_like_it:4.1
77 as_you_like_it:4.3
78 as_you_like_it:1.0
78 as_you_like_it:1.4
78 as_you_like_it:1.6
78 as_you_like_it:3.1
79 as_you_like_it:4.2
80 troilus_and_cressida:0.0
80 troilus_and_cressida:0.1
80 troilus_and_cressida:1.1
80 troilus_and_cressida:2.0
80 troilus_and_cressida:2.1
80 troilus_and_cressida:3.0
80 troilus_and_cressida:3.1
80 troilus_and_cressida:3.2
80 troilus_and_cressida:3.3
80 troilus_and_cressida:4.1
80 troilus_and_cressida:4.2
80 troilus_and_cressida:4.5
80 troilus_and_cressida:4.9
81 troilus_and_cressida:0.2
81 troilus_and_cressida:1.0
81 troilus_and_cressida:1.2
81 troilus_and_cressida:2.2
81 troilus_and_cressida:3.4
81 troilus_and_cressida:4.0
81 troilus_and_cressida:4.3
81 troilus_and_cressida:4.4
81 troilus_and_cressida:4.6
81 troilus_and_cressida:4.7
81 troilus_and_cressida:4.8
82 henry_v:0.0
83 henry_v:2.1
83 henry_v:2.5
83 henry_v:3.0
83 henry_v:3.6
83 henry_v:3.7
83 henry_v:4.0
84 henry_v:2.2
85 henry_v:2.4
85 henry_v:2.6
85 henry_v:3.1
85 henry_v:3.4
86 life_and_death_of_king_john:2.1
86 life_and_death_of_king_john:2.2
86 life_and_death_of_king_john:3.0
86 life_and_death_of_king_john:3.1
86 life_and_death_of_king_john:3.2
86 life_and_death_of_king_john:4.0
86 life_and_death_of_king_john:4.2
86 life_and_death_of_king_john:4.3
86 life_and_death_of_king_john:4.5
86 life_and_death_of_king_john:4.6
87 life_and_death_of_king_john:4.4
88 timon_of_athens:0.0
88 timon_of_athens:0.1
88 timon_of_athens:1.0
88 timon_of_athens:1.1
88 timon_of_athens:2.1
88 timon_of_athens:2.3
88 timon_of_athens:2.5
88 timon_of_athens:3.0
88 timon_of_athens:3.1
88 timon_of_athens:3.2
88 timon_of_athens:4.0
88 timon_of_athens:4.1
88 timon_of_athens:4.2
89 timon_of_athens:2.0
89 timon_of_athens:2.2
