1 othello:0.0
2 othello:0.1
3 othello:0.2
4 othello:1.0
4 othello:1.2
4 othello:4.0
5 othello:1.1
6 othello:2.0
7 othello:2.1
8 othello:2.2
8 othello:3.0
8 othello:4.1
9 othello:2.3
10 othello:3.1
11 othello:3.2
12 henry_iv_part_ii:0.0
13 henry_iv_part_ii:0.1
14 henry_iv_part_ii:0.2
15 henry_iv_part_ii:1.0
16 henry_iv_part_ii:1.1
17 henry_iv_part_ii:1.2
18 henry_iv_part_ii:1.3
19 henry_iv_part_ii:2.0
20 henry_iv_part_ii:2.1
21 henry_iv_part_ii:3.0
22 henry_iv_part_ii:3.1
23 henry_iv_part_ii:3.2
24 henry_iv_part_ii:3.3
25 henry_iv_part_ii:3.4
26 henry_iv_part_ii:4.0
27 henry_iv_part_ii:4.1
28 henry_iv_part_ii:4.2
29 henry_iv_part_ii:4.3
30 henry_iv_part_ii:4.4
31 richard_ii:0.0
32 richard_ii:0.1
33 richard_ii:0.2
34 richard_ii:0.3
35 richard_ii:1.0
36 richard_ii:1.1
37 richard_ii:1.2
38 richard_ii:1.3
39 richard_ii:2.0
40 richard_ii:2.1
41 richard_ii:2.2
42 richard_ii:2.3
43 richard_ii:3.0
44 richard_ii:4.0
45 richard_ii:4.1
46 richard_ii:4.2
47 richard_ii:4.3
48 richard_ii:4.4
49 richard_ii:4.5
50 henry_vi_part_2:0.0
51 henry_vi_part_2:0.1
52 henry_vi_part_2:0.2
53 henry_vi_part_2:0.3
54 henry_vi_part_2:1.0
55 henry_vi_part_2:1.1
56 henry_vi_part_2:1.2
57 henry_vi_part_2:1.3
58 henry_vi_part_2:2.0
59 henry_vi_part_2:2.1
60 henry_vi_part_2:2.2
61 henry_vi_part_2:3.0
62 henry_vi_part_2:3.1
63 henry_vi_part_2:3.2
64 henry_vi_part_2:3.3
65 henry_vi_part_2:3.4
66 henry_vi_part_2:3.5
67 henry_vi_part_2:3.6
68 henry_vi_part_2:3.7
69 henry_vi_part_2:3.8
70 henry_vi_part_2:3.9
71 henry_vi_part_2:4.0
72 henry_vi_part_2:4.1
73 henry_vi_part_2:4.2
74 merry_wives_of_windsor:0.0
75 merry_wives_of_windsor:0.1
76 merry_wives_of_windsor:0.2
77 merry_wives_of_windsor:0.3
78 merry_wives_of_windsor:1.0
78 merry_wives_of_windsor:2.2
78 merry_wives_of_windsor:3.1
79 merry_wives_of_windsor:1.1
79 merry_wives_of_windsor:2.4
80 merry_wives_of_windsor:1.2
81 merry_wives_of_windsor:2.0
82 merry_wives_of_windsor:2.1
83 merry_wives_of_windsor:2.3
84 merry_wives_of_windsor:3.0
85 merry_wives_of_windsor:3.2
86 merry_wives_of_windsor:3.3
87 merry_wives_of_windsor:3.4
88 merry_wives_of_windsor:3.5
89 merry_wives_of_windsor:4.0
90 merry_wives_of_windsor:4.1
91 merry_wives_of_windsor:4.2
92 merry_wives_of_windsor:4.3
93 merry_wives_of_windsor:4.4
94 richard_iii:0.0
95 richard_iii:0.1
96 richard_iii:0.2
97 richard_iii:0.3
98 richard_iii:1.0
99 richard_iii:1.1
100 richard_iii:1.2
101 richard_iii:1.3
102 richard_iii:2.0
103 richard_iii:2.1
104 richard_iii:2.2
105 richard_iii:2.3
106 richard_iii:2.4
107 richard_iii:2.5
108 richard_iii:2.6
109 richard_iii:3.0
110 richard_iii:3.1
111 richard_iii:3.2
112 richard_iii:3.3
113 richard_iii:3.4
114 richard_iii:4.0
115 richard_iii:4.1
116 richard_iii:4.2
117 richard_iii:4.3
118 richard_iii:4.4
119 hamlet:0.0
120 hamlet:0.1
120 hamlet:0.4
121 hamlet:0.2
122 hamlet:0.3
123 hamlet:1.0
124 hamlet:1.1
124 hamlet:2.1
125 hamlet:2.0
126 hamlet:2.2
127 hamlet:2.3
128 hamlet:3.0
129 hamlet:3.1
130 hamlet:3.2
131 hamlet:3.3
132 hamlet:3.4
133 hamlet:3.5
134 hamlet:3.6
135 hamlet:4.0
136 hamlet:4.1
137 henry_iv_part_i:0.0
138 henry_iv_part_i:0.1
139 henry_iv_part_i:0.2
140 henry_iv_part_i:1.0
141 henry_iv_part_i:1.1
142 henry_iv_part_i:1.2
143 henry_iv_part_i:1.3
144 henry_iv_part_i:2.0
145 henry_iv_part_i:2.1
146 henry_iv_part_i:2.2
147 henry_iv_part_i:3.0
148 henry_iv_part_i:3.1
149 henry_iv_part_i:3.2
150 henry_iv_part_i:3.3
151 henry_iv_part_i:4.0
152 henry_iv_part_i:4.1
153 henry_iv_part_i:4.2
154 henry_iv_part_i:4.3
155 henry_iv_part_i:4.4
156 henry_vi_part_1:0.0
157 henry_vi_part_1:0.1
158 henry_vi_part_1:0.2
159 henry_vi_part_1:0.3
160 henry_vi_part_1:0.4
161 henry_vi_part_1:0.5
162 henry_vi_part_1:1.0
163 henry_vi_part_1:1.1
164 henry_vi_part_1:1.2
165 henry_vi_part_1:1.3
166 henry_vi_part_1:1.4
167 henry_vi_part_1:2.0
168 henry_vi_part_1:2.1
169 henry_vi_part_1:2.2
170 henry_vi_part_1:2.3
171 henry_vi_part_1:3.0
172 henry_vi_part_1:3.1
173 henry_vi_part_1:3.2
174 henry_vi_part_1:3.3
175 henry_vi_part_1:3.4
175 henry_vi_part_1:3.5
176 henry_vi_part_1:3.6
177 henry_vi_part_1:4.0
178 henry_vi_part_1:4.1
179 henry_vi_part_1:4.2
180 henry_vi_part_1:4.3
181 henry_vi_part_1:4.4
182 taming_of_the_shrew:0.0
182 taming_of_the_shrew:3.1
183 taming_of_the_shrew:0.1
184 taming_of_the_shrew:1.0
184 taming_of_the_shrew:2.1
185 taming_of_the_shrew:2.0
186 taming_of_the_shrew:3.0
187 taming_of_the_shrew:3.2
188 taming_of_the_shrew:3.3
189 taming_of_the_shrew:3.4
190 taming_of_the_shrew:4.0
191 taming_of_the_shrew:4.1
192 alls_well_that_ends_well:0.0
193 alls_well_that_ends_well:0.1
194 alls_well_that_ends_well:0.2
195 alls_well_that_ends_well:1.0
196 alls_well_that_ends_well:1.1
197 alls_well_that_ends_well:1.2
198 alls_well_that_ends_well:1.3
199 alls_well_that_ends_well:1.4
200 alls_well_that_ends_well:2.0
201 alls_well_that_ends_well:2.1
202 alls_well_that_ends_well:2.2
203 alls_well_that_ends_well:2.3
204 alls_well_that_ends_well:2.4
205 alls_well_that_ends_well:2.5
206 alls_well_that_ends_well:2.6
207 alls_well_that_ends_well:3.0
208 alls_well_that_ends_well:3.1
209 alls_well_that_ends_well:3.2
210 alls_well_that_ends_well:3.3
211 alls_well_that_ends_well:3.4
212 alls_well_that_ends_well:4.0
213 alls_well_that_ends_well:4.1
214 alls_well_that_ends_well:4.2
215 loves_labors_lost:0.0
215 loves_labors_lost:3.2
216 loves_labors_lost:0.1
216 loves_labors_lost:2.0
217 loves_labors_lost:1.0
218 loves_labors_lost:3.0
219 loves_labors_lost:3.1
220 loves_labors_lost:4.0
221 loves_labors_lost:4.1
222 henry_vi_part_3:0.0
223 henry_vi_part_3:0.1
224 henry_vi_part_3:0.2
225 henry_vi_part_3:0.3
226 henry_vi_part_3:1.0
227 henry_vi_part_3:1.1
228 henry_vi_part_3:1.2
229 henry_vi_part_3:1.3
230 henry_vi_part_3:1.4
231 henry_vi_part_3:1.5
232 henry_vi_part_3:2.0
233 henry_vi_part_3:2.1
234 henry_vi_part_3:2.2
235 henry_vi_part_3:3.0
236 henry_vi_part_3:3.1
237 henry_vi_part_3:3.2
238 henry_vi_part_3:3.3
239 henry_vi_part_3:3.4
240 henry_vi_part_3:3.5
241 henry_vi_part_3:3.6
242 henry_vi_part_3:3.7
243 henry_vi_part_3:4.0
244 henry_vi_part_3:4.1
245 henry_vi_part_3:4.2
246 henry_vi_part_3:4.3
247 henry_vi_part_3:4.4
248 henry_vi_part_3:4.5
249 henry_vi_part_3:4.6
250 romeo_and_juliet:0.0
251 romeo_and_juliet:0.1
252 romeo_and_juliet:0.2
253 romeo_and_juliet:0.3
254 romeo_and_juliet:0.4
255 romeo_and_juliet:1.0
256 romeo_and_juliet:1.1
257 romeo_and_juliet:1.2
258 romeo_and_juliet:1.3
259 romeo_and_juliet:1.4
260 romeo_and_juliet:1.5
261 romeo_and_juliet:2.0
262 romeo_and_juliet:2.1
263 romeo_and_juliet:2.2
264 romeo_and_juliet:2.3
265 romeo_and_juliet:2.4
266 romeo_and_juliet:3.0
267 romeo_and_juliet:3.1
268 romeo_and_juliet:3.2
269 romeo_and_juliet:3.3
270 romeo_and_juliet:3.4
271 romeo_and_juliet:4.0
272 romeo_and_juliet:4.1
273 romeo_and_juliet:4.2
274 titus_andronicus:0.0
275 titus_andronicus:1.0
276 titus_andronicus:1.1
277 titus_andronicus:1.2
278 titus_andronicus:1.3
279 titus_andronicus:2.0
279 titus_andronicus:2.1
279 titus_andronicus:3.0
280 titus_andronicus:3.1
281 titus_andronicus:3.2
282 titus_andronicus:3.3
283 titus_andronicus:4.0
284 titus_andronicus:4.1
285 titus_andronicus:4.2
286 macbeth:0.0
287 macbeth:0.1
288 macbeth:0.2
289 macbeth:0.3
290 macbeth:0.4
291 macbeth:0.5
292 macbeth:0.6
293 macbeth:1.0
294 macbeth:1.1
294 macbeth:2.3
295 macbeth:1.2
296 macbeth:1.3
297 macbeth:2.0
298 macbeth:2.1
299 macbeth:2.2
300 macbeth:2.4
301 macbeth:2.5
302 macbeth:3.0
303 macbeth:3.1
304 macbeth:3.2
305 macbeth:4.0
306 macbeth:4.1
307 macbeth:4.2
308 macbeth:4.3
309 macbeth:4.4
310 macbeth:4.5
311 macbeth:4.6
312 macbeth:4.7
313 coriolanus:0.0
314 coriolanus:0.1
315 coriolanus:0.2
316 coriolanus:0.3
317 coriolanus:0.4
318 coriolanus:0.5
319 coriolanus:0.6
320 coriolanus:0.7
321 coriolanus:0.8
322 coriolanus:0.9
323 coriolanus:1.0
324 coriolanus:1.1
325 coriolanus:1.2
326 coriolanus:2.0
326 coriolanus:2.2
327 coriolanus:2.1
328 coriolanus:3.0
329 coriolanus:3.1
330 coriolanus:3.2
331 coriolanus:3.3
332 coriolanus:3.4
333 coriolanus:3.5
334 coriolanus:3.6
335 coriolanus:4.0
336 coriolanus:4.1
337 coriolanus:4.2
338 coriolanus:4.3
339 coriolanus:4.4
340 coriolanus:4.5
341 julius_caesar:0.0
342 julius_caesar:0.1
342 julius_caesar:2.0
343 julius_caesar:0.2
344 julius_caesar:1.0
345 julius_caesar:1.1
346 julius_caesar:1.2
347 julius_caesar:1.3
348 julius_caesar:2.1
349 julius_caesar:2.2
350 julius_caesar:3.0
351 julius_caesar:3.1
352 julius_caesar:3.2
353 julius_caesar:4.0
354 julius_caesar:4.1
355 julius_caesar:4.2
356 julius_caesar:4.3
357 julius_caesar:4.4
358 comedy_of_errors:0.0
359 comedy_of_errors:0.1
359 comedy_of_errors:1.1
359 comedy_of_errors:2.1
359 comedy_of_errors:3.2
360 comedy_of_errors:1.0
361 comedy_of_errors:2.0
361 comedy_of_errors:3.3
362 comedy_of_errors:3.0
363 comedy_of_errors:3.1
364 comedy_of_errors:4.0
365 much_ado_about_nothing:0.0
365 much_ado_about_nothing:1.0
365 much_ado_about_nothing:1.2
365 much_ado_about_nothing:2.1
365 much_ado_about_nothing:4.0
366 much_ado_about_nothing:0.1
367 much_ado_about_nothing:0.2
368 much_ado_about_nothing:1.1
369 much_ado_about_nothing:2.0
370 much_ado_about_nothing:2.2
371 much_ado_about_nothing:2.3
372 much_ado_about_nothing:2.4
373 much_ado_about_nothing:3.0
373 much_ado_about_nothing:4.3
374 much_ado_about_nothing:3.1
375 much_ado_about_nothing:4.1
376 much_ado_about_nothing:4.2
377 twelfth_night:0.0
378 twelfth_night:0.1
379 twelfth_night:0.2
379 twelfth_night:1.2
379 twelfth_night:2.1
380 twelfth_night:0.3
381 twelfth_night:0.4
382 twelfth_night:1.0
383 twelfth_night:1.1
384 twelfth_night:1.3
385 twelfth_night:1.4
385 twelfth_night:2.3
386 twelfth_night:2.0
387 twelfth_night:2.2
388 twelfth_night:3.0
389 twelfth_night:3.1
390 twelfth_night:3.2
391 twelfth_night:4.0
392 lear:0.0
393 lear:0.1
394 lear:0.2
395 lear:0.3
395 lear:0.4
396 lear:1.0
397 lear:1.1
398 lear:1.2
399 lear:1.3
400 lear:2.0
401 lear:2.1
402 lear:2.2
403 lear:2.3
404 lear:2.4
405 lear:2.5
406 lear:2.6
407 lear:3.0
408 lear:3.1
409 lear:3.2
410 lear:3.3
411 lear:3.4
412 lear:3.5
412 lear:4.1
413 lear:3.6
414 lear:4.0
415 lear:4.2
416 cymbeline:0.0
417 cymbeline:0.1
418 cymbeline:0.2
419 cymbeline:0.3
419 cymbeline:1.3
420 cymbeline:0.4
421 cymbeline:0.5
422 cymbeline:1.0
423 cymbeline:1.1
424 cymbeline:1.2
425 cymbeline:1.4
426 cymbeline:2.0
427 cymbeline:2.1
428 cymbeline:2.2
429 cymbeline:2.3
430 cymbeline:2.4
431 cymbeline:2.5
432 cymbeline:2.6
433 cymbeline:3.0
434 cymbeline:3.1
435 cymbeline:3.2
436 cymbeline:3.3
437 cymbeline:4.0
438 cymbeline:4.1
439 cymbeline:4.2
440 cymbeline:4.3
441 cymbeline:4.4
442 measure_for_measure:0.0
443 measure_for_measure:0.1
444 measure_for_measure:0.2
445 measure_for_measure:0.3
446 measure_for_measure:1.0
447 measure_for_measure:1.1
447 measure_for_measure:1.3
448 measure_for_measure:1.2
449 measure_for_measure:2.0
450 measure_for_measure:2.1
451 measure_for_measure:3.0
452 measure_for_measure:3.1
453 measure_for_measure:3.2
454 measure_for_measure:3.3
455 measure_for_measure:3.4
456 measure_for_measure:3.5
457 measure_for_measure:4.0
458 pericles:0.0
459 pericles:0.1
460 pericles:0.2
461 pericles:0.3
462 pericles:1.0
463 pericles:1.1
464 pericles:1.2
464 pericles:1.4
465 pericles:1.3
466 pericles:2.0
467 pericles:2.1
468 pericles:2.2
469 pericles:2.3
470 pericles:3.0
471 pericles:3.1
472 pericles:3.2
473 pericles:3.3
474 pericles:3.4
475 pericles:3.5
476 pericles:4.0
477 pericles:4.1
478 pericles:4.2
479 winters_tale:0.0
480 winters_tale:0.1
481 winters_tale:1.0
482 winters_tale:1.1
483 winters_tale:1.2
484 winters_tale:2.0
485 winters_tale:2.1
486 winters_tale:2.2
487 winters_tale:3.0
488 winters_tale:3.1
489 winters_tale:3.2
490 winters_tale:3.3
491 winters_tale:4.0
492 winters_tale:4.1
493 winters_tale:4.2
494 antony_and_cleopatra:0.0
495 antony_and_cleopatra:0.1
496 antony_and_cleopatra:0.2
497 antony_and_cleopatra:0.3
498 antony_and_cleopatra:0.4
499 antony_and_cleopatra:1.0
500 antony_and_cleopatra:1.1
500 antony_and_cleopatra:2.1
500 antony_and_cleopatra:3.5
501 antony_and_cleopatra:1.2
502 antony_and_cleopatra:1.3
503 antony_and_cleopatra:1.4
503 antony_and_cleopatra:2.2
504 antony_and_cleopatra:1.5
504 antony_and_cleopatra:1.6
505 antony_and_cleopatra:2.0
506 antony_and_cleopatra:2.3
507 antony_and_cleopatra:2.4
508 antony_and_cleopatra:2.5
509 antony_and_cleopatra:2.6
510 antony_and_cleopatra:2.7
511 antony_and_cleopatra:2.8
512 antony_and_cleopatra:2.9
513 antony_and_cleopatra:2.10
514 antony_and_cleopatra:2.11
515 antony_and_cleopatra:2.12
516 antony_and_cleopatra:3.0
517 antony_and_cleopatra:3.1
518 antony_and_cleopatra:3.2
519 antony_and_cleopatra:3.3
520 antony_and_cleopatra:3.4
521 antony_and_cleopatra:3.6
522 antony_and_cleopatra:3.7
523 antony_and_cleopatra:3.8
524 antony_and_cleopatra:3.9
525 antony_and_cleopatra:3.10
526 antony_and_cleopatra:3.11
527 antony_and_cleopatra:3.12
528 antony_and_cleopatra:3.13
529 antony_and_cleopatra:3.14
530 antony_and_cleopatra:4.0
531 antony_and_cleopatra:4.1
532 tempest:0.0
533 tempest:0.1
534 tempest:1.0
535 tempest:1.1
535 tempest:2.1
536 tempest:2.0
537 tempest:2.2
538 tempest:3.0
539 tempest:4.0
540 two_gentlemen_of_verona:0.0
541 two_gentlemen_of_verona:0.1
541 two_gentlemen_of_verona:1.6
542 two_gentlemen_of_verona:0.2
543 two_gentlemen_of_verona:1.0
544 two_gentlemen_of_verona:1.1
545 two_gentlemen_of_verona:1.2
546 two_gentlemen_of_verona:1.3
546 two_gentlemen_of_verona:4.3
547 two_gentlemen_of_verona:1.4
548 two_gentlemen_of_verona:1.5
549 two_gentlemen_of_verona:2.0
550 two_gentlemen_of_verona:2.1
551 two_gentlemen_of_verona:3.0
552 two_gentlemen_of_verona:3.1
553 two_gentlemen_of_verona:3.2
553 two_gentlemen_of_verona:4.0
554 two_gentlemen_of_verona:3.3
555 two_gentlemen_of_verona:4.1
556 two_gentlemen_of_verona:4.2
557 merchant_of_venice:0.0
558 merchant_of_venice:0.1
559 merchant_of_venice:0.2
560 merchant_of_venice:1.0
561 merchant_of_venice:1.1
562 merchant_of_venice:1.2
563 merchant_of_venice:1.3
564 merchant_of_venice:1.4
565 merchant_of_venice:1.5
566 merchant_of_venice:1.6
567 merchant_of_venice:1.7
568 merchant_of_venice:1.8
569 merchant_of_venice:2.0
570 merchant_of_venice:2.1
571 merchant_of_venice:2.2
572 merchant_of_venice:2.3
573 merchant_of_venice:2.4
574 merchant_of_venice:3.0
575 merchant_of_venice:3.1
576 merchant_of_venice:4.0
577 henry_viii:0.0
578 henry_viii:0.1
579 henry_viii:0.2
580 henry_viii:0.3
581 henry_viii:1.0
582 henry_viii:1.1
583 henry_viii:1.2
584 henry_viii:1.3
585 henry_viii:2.0
586 henry_viii:2.1
587 henry_viii:3.0
588 henry_viii:3.1
589 henry_viii:4.0
590 henry_viii:4.1
591 henry_viii:4.2
592 henry_viii:4.3
593 henry_viii:4.4
594 midsummer_nights_dream:0.0
595 midsummer_nights_dream:0.1
596 midsummer_nights_dream:1.0
597 midsummer_nights_dream:1.1
597 midsummer_nights_dream:2.1
598 midsummer_nights_dream:2.0
599 midsummer_nights_dream:3.0
600 midsummer_nights_dream:3.1
601 midsummer_nights_dream:4.0
602 as_you_like_it:0.0
603 as_you_like_it:0.1
604 as_you_like_it:0.2
604 as_you_like_it:2.3
605 as_you_like_it:1.0
606 as_you_like_it:1.1
607 as_you_like_it:1.2
608 as_you_like_it:1.3
609 as_you_like_it:1.4
610 as_you_like_it:1.5
611 as_you_like_it:1.6
612 as_you_like_it:2.0
613 as_you_like_it:2.1
613 as_you_like_it:3.0
614 as_you_like_it:2.2
615 as_you_like_it:2.4
616 as_you_like_it:3.1
617 as_you_like_it:3.2
618 as_you_like_it:4.0
619 as_you_like_it:4.1
620 as_you_like_it:4.2
621 as_you_like_it:4.3
622 troilus_and_cressida:0.0
623 troilus_and_cressida:0.1
623 troilus_and_cressida:2.1
623 troilus_and_cressida:3.1
623 troilus_and_cressida:3.3
624 troilus_and_cressida:0.2
625 troilus_and_cressida:1.0
626 troilus_and_cressida:1.1
627 troilus_and_cressida:1.2
627 troilus_and_cressida:2.2
628 troilus_and_cressida:2.0
629 troilus_and_cressida:3.0
630 troilus_and_cressida:3.2
631 troilus_and_cressida:3.4
632 troilus_and_cressida:4.0
633 troilus_and_cressida:4.1
634 troilus_and_cressida:4.2
635 troilus_and_cressida:4.3
636 troilus_and_cressida:4.4
637 troilus_and_cressida:4.5
638 troilus_and_cressida:4.6
639 troilus_and_cressida:4.7
640 troilus_and_cressida:4.8
641 troilus_and_cressida:4.9
642 henry_v:0.0
643 henry_v:0.1
644 henry_v:1.0
645 henry_v:1.1
646 henry_v:1.2
647 henry_v:1.3
648 henry_v:2.0
649 henry_v:2.1
650 henry_v:2.2
651 henry_v:2.3
652 henry_v:2.4
653 henry_v:2.5
654 henry_v:2.6
655 henry_v:3.0
656 henry_v:3.1
657 henry_v:3.2
658 henry_v:3.3
659 henry_v:3.4
660 henry_v:3.5
661 henry_v:3.6
662 henry_v:3.7
663 henry_v:4.0
664 henry_v:4.1
665 life_and_death_of_king_john:0.0
666 life_and_death_of_king_john:1.0
667 life_and_death_of_king_john:2.0
668 life_and_death_of_king_john:2.1
669 life_and_death_of_king_john:2.2
670 life_and_death_of_king_john:2.3
671 life_and_death_of_king_john:3.0
672 life_and_death_of_king_john:3.1
673 life_and_death_of_king_john:3.2
674 life_and_death_of_king_john:4.0
675 life_and_death_of_king_john:4.1
676 life_and_death_of_king_john:4.2
677 life_and_death_of_king_john:4.3
678 life_and_death_of_king_john:4.4
679 life_and_death_of_king_john:4.5
680 life_and_death_of_king_john:4.6
681 timon_of_athens:0.0
682 timon_of_athens:0.1
682 timon_of_athens:3.2
683 timon_of_athens:1.0
684 timon_of_athens:1.1
685 timon_of_athens:2.0
686 timon_of_athens:2.1
687 timon_of_athens:2.2
688 timon_of_athens:2.3
689 timon_of_athens:2.4
690 timon_of_athens:2.5
691 timon_of_athens:3.0
692 timon_of_athens:3.1
693 timon_of_athens:4.0
694 timon_of_athens:4.1
695 timon_of_athens:4.2
696 timon_of_athens:4.3
