1 othello:0.0
2 othello:0.1
3 othello:0.2
4 othello:1.0
5 othello:1.1
6 othello:1.2
7 othello:2.0
8 othello:2.1
9 othello:2.2
9 othello:3.0
10 othello:2.3
11 othello:3.1
12 othello:3.2
13 othello:4.0
14 othello:4.1
15 henry_iv_part_ii:0.0
16 henry_iv_part_ii:0.1
17 henry_iv_part_ii:0.2
18 henry_iv_part_ii:1.0
19 henry_iv_part_ii:1.1
20 henry_iv_part_ii:1.2
21 henry_iv_part_ii:1.3
22 henry_iv_part_ii:2.0
23 henry_iv_part_ii:2.1
24 henry_iv_part_ii:3.0
25 henry_iv_part_ii:3.1
26 henry_iv_part_ii:3.2
27 henry_iv_part_ii:3.3
28 henry_iv_part_ii:3.4
29 henry_iv_part_ii:4.0
30 henry_iv_part_ii:4.1
31 henry_iv_part_ii:4.2
32 henry_iv_part_ii:4.3
33 henry_iv_part_ii:4.4
34 richard_ii:0.0
35 richard_ii:0.1
36 richard_ii:0.2
37 richard_ii:0.3
38 richard_ii:1.0
39 richard_ii:1.1
40 richard_ii:1.2
41 richard_ii:1.3
42 richard_ii:2.0
43 richard_ii:2.1
44 richard_ii:2.2
45 richard_ii:2.3
46 richard_ii:3.0
47 richard_ii:4.0
48 richard_ii:4.1
49 richard_ii:4.2
50 richard_ii:4.3
51 richard_ii:4.4
52 richard_ii:4.5
53 henry_vi_part_2:0.0
54 henry_vi_part_2:0.1
55 henry_vi_part_2:0.2
56 henry_vi_part_2:0.3
57 henry_vi_part_2:1.0
58 henry_vi_part_2:1.1
59 henry_vi_part_2:1.2
60 henry_vi_part_2:1.3
61 henry_vi_part_2:2.0
62 henry_vi_part_2:2.1
63 henry_vi_part_2:2.2
64 henry_vi_part_2:3.0
65 henry_vi_part_2:3.1
66 henry_vi_part_2:3.2
67 henry_vi_part_2:3.3
68 henry_vi_part_2:3.4
69 henry_vi_part_2:3.5
70 henry_vi_part_2:3.6
71 henry_vi_part_2:3.7
72 henry_vi_part_2:3.8
73 henry_vi_part_2:3.9
74 henry_vi_part_2:4.0
75 henry_vi_part_2:4.1
76 henry_vi_part_2:4.2
77 merry_wives_of_windsor:0.0
78 merry_wives_of_windsor:0.1
79 merry_wives_of_windsor:0.2
80 merry_wives_of_windsor:0.3
81 merry_wives_of_windsor:1.0
81 merry_wives_of_windsor:2.2
81 merry_wives_of_windsor:3.1
82 merry_wives_of_windsor:1.1
83 merry_wives_of_windsor:1.2
84 merry_wives_of_windsor:2.0
85 merry_wives_of_windsor:2.1
86 merry_wives_of_windsor:2.3
87 merry_wives_of_windsor:2.4
88 merry_wives_of_windsor:3.0
89 merry_wives_of_windsor:3.2
90 merry_wives_of_windsor:3.3
91 merry_wives_of_windsor:3.4
92 merry_wives_of_windsor:3.5
93 merry_wives_of_windsor:4.0
94 merry_wives_of_windsor:4.1
95 merry_wives_of_windsor:4.2
96 merry_wives_of_windsor:4.3
97 merry_wives_of_windsor:4.4
98 richard_iii:0.0
99 richard_iii:0.1
100 richard_iii:0.2
101 richard_iii:0.3
102 richard_iii:1.0
103 richard_iii:1.1
104 richard_iii:1.2
105 richard_iii:1.3
106 richard_iii:2.0
107 richard_iii:2.1
108 richard_iii:2.2
109 richard_iii:2.3
110 richard_iii:2.4
111 richard_iii:2.5
112 richard_iii:2.6
113 richard_iii:3.0
114 richard_iii:3.1
115 richard_iii:3.2
116 richard_iii:3.3
117 richard_iii:3.4
118 richard_iii:4.0
119 richard_iii:4.1
120 richard_iii:4.2
121 richard_iii:4.3
122 richard_iii:4.4
123 hamlet:0.0
124 hamlet:0.1
125 hamlet:0.2
126 hamlet:0.3
127 hamlet:0.4
128 hamlet:1.0
129 hamlet:1.1
130 hamlet:2.0
131 hamlet:2.1
132 hamlet:2.2
133 hamlet:2.3
134 hamlet:3.0
135 hamlet:3.1
136 hamlet:3.2
137 hamlet:3.3
138 hamlet:3.4
139 hamlet:3.5
140 hamlet:3.6
141 hamlet:4.0
142 hamlet:4.1
143 henry_iv_part_i:0.0
144 henry_iv_part_i:0.1
145 henry_iv_part_i:0.2
146 henry_iv_part_i:1.0
147 henry_iv_part_i:1.1
148 henry_iv_part_i:1.2
149 henry_iv_part_i:1.3
150 henry_iv_part_i:2.0
151 henry_iv_part_i:2.1
152 henry_iv_part_i:2.2
153 henry_iv_part_i:3.0
154 henry_iv_part_i:3.1
155 henry_iv_part_i:3.2
156 henry_iv_part_i:3.3
157 henry_iv_part_i:4.0
158 henry_iv_part_i:4.1
159 henry_iv_part_i:4.2
160 henry_iv_part_i:4.3
161 henry_iv_part_i:4.4
162 henry_vi_part_1:0.0
163 henry_vi_part_1:0.1
164 henry_vi_part_1:0.2
165 henry_vi_part_1:0.3
166 henry_vi_part_1:0.4
167 henry_vi_part_1:0.5
168 henry_vi_part_1:1.0
169 henry_vi_part_1:1.1
170 henry_vi_part_1:1.2
171 henry_vi_part_1:1.3
172 henry_vi_part_1:1.4
173 henry_vi_part_1:2.0
174 henry_vi_part_1:2.1
175 henry_vi_part_1:2.2
176 henry_vi_part_1:2.3
177 henry_vi_part_1:3.0
178 henry_vi_part_1:3.1
179 henry_vi_part_1:3.2
180 henry_vi_part_1:3.3
181 henry_vi_part_1:3.4
182 henry_vi_part_1:3.5
183 henry_vi_part_1:3.6
184 henry_vi_part_1:4.0
185 henry_vi_part_1:4.1
186 henry_vi_part_1:4.2
187 henry_vi_part_1:4.3
188 henry_vi_part_1:4.4
189 taming_of_the_shrew:0.0
190 taming_of_the_shrew:0.1
191 taming_of_the_shrew:1.0
192 taming_of_the_shrew:2.0
193 taming_of_the_shrew:2.1
194 taming_of_the_shrew:3.0
195 taming_of_the_shrew:3.1
196 taming_of_the_shrew:3.2
197 taming_of_the_shrew:3.3
198 taming_of_the_shrew:3.4
199 taming_of_the_shrew:4.0
200 taming_of_the_shrew:4.1
201 alls_well_that_ends_well:0.0
202 alls_well_that_ends_well:0.1
203 alls_well_that_ends_well:0.2
204 alls_well_that_ends_well:1.0
205 alls_well_that_ends_well:1.1
206 alls_well_that_ends_well:1.2
207 alls_well_that_ends_well:1.3
208 alls_well_that_ends_well:1.4
209 alls_well_that_ends_well:2.0
210 alls_well_that_ends_well:2.1
211 alls_well_that_ends_well:2.2
212 alls_well_that_ends_well:2.3
213 alls_well_that_ends_well:2.4
214 alls_well_that_ends_well:2.5
215 alls_well_that_ends_well:2.6
216 alls_well_that_ends_well:3.0
217 alls_well_that_ends_well:3.1
218 alls_well_that_ends_well:3.2
219 alls_well_that_ends_well:3.3
220 alls_well_that_ends_well:3.4
221 alls_well_that_ends_well:4.0
222 alls_well_that_ends_well:4.1
223 alls_well_that_ends_well:4.2
224 loves_labors_lost:0.0
225 loves_labors_lost:0.1
226 loves_labors_lost:1.0
227 loves_labors_lost:2.0
228 loves_labors_lost:3.0
229 loves_labors_lost:3.1
230 loves_labors_lost:3.2
231 loves_labors_lost:4.0
232 loves_labors_lost:4.1
233 henry_vi_part_3:0.0
234 henry_vi_part_3:0.1
235 henry_vi_part_3:0.2
236 henry_vi_part_3:0.3
237 henry_vi_part_3:1.0
238 henry_vi_part_3:1.1
239 henry_vi_part_3:1.2
240 henry_vi_part_3:1.3
241 henry_vi_part_3:1.4
242 henry_vi_part_3:1.5
243 henry_vi_part_3:2.0
244 henry_vi_part_3:2.1
245 henry_vi_part_3:2.2
246 henry_vi_part_3:3.0
247 henry_vi_part_3:3.1
248 henry_vi_part_3:3.2
249 henry_vi_part_3:3.3
250 henry_vi_part_3:3.4
251 henry_vi_part_3:3.5
252 henry_vi_part_3:3.6
253 henry_vi_part_3:3.7
254 henry_vi_part_3:4.0
255 henry_vi_part_3:4.1
256 henry_vi_part_3:4.2
257 henry_vi_part_3:4.3
258 henry_vi_part_3:4.4
259 henry_vi_part_3:4.5
260 henry_vi_part_3:4.6
261 romeo_and_juliet:0.0
262 romeo_and_juliet:0.1
263 romeo_and_juliet:0.2
264 romeo_and_juliet:0.3
265 romeo_and_juliet:0.4
266 romeo_and_juliet:1.0
267 romeo_and_juliet:1.1
268 romeo_and_juliet:1.2
269 romeo_and_juliet:1.3
270 romeo_and_juliet:1.4
271 romeo_and_juliet:1.5
272 romeo_and_juliet:2.0
273 romeo_and_juliet:2.1
274 romeo_and_juliet:2.2
275 romeo_and_juliet:2.3
276 romeo_and_juliet:2.4
277 romeo_and_juliet:3.0
278 romeo_and_juliet:3.1
279 romeo_and_juliet:3.2
280 romeo_and_juliet:3.3
281 romeo_and_juliet:3.4
282 romeo_and_juliet:4.0
283 romeo_and_juliet:4.1
284 romeo_and_juliet:4.2
285 titus_andronicus:0.0
286 titus_andronicus:1.0
287 titus_andronicus:1.1
288 titus_andronicus:1.2
289 titus_andronicus:1.3
290 titus_andronicus:2.0
290 titus_andronicus:3.0
291 titus_andronicus:2.1
292 titus_andronicus:3.1
293 titus_andronicus:3.2
294 titus_andronicus:3.3
295 titus_andronicus:4.0
296 titus_andronicus:4.1
297 titus_andronicus:4.2
298 macbeth:0.0
299 macbeth:0.1
300 macbeth:0.2
301 macbeth:0.3
302 macbeth:0.4
303 macbeth:0.5
304 macbeth:0.6
305 macbeth:1.0
306 macbeth:1.1
306 macbeth:2.3
307 macbeth:1.2
308 macbeth:1.3
309 macbeth:2.0
310 macbeth:2.1
311 macbeth:2.2
312 macbeth:2.4
313 macbeth:2.5
314 macbeth:3.0
315 macbeth:3.1
316 macbeth:3.2
317 macbeth:4.0
318 macbeth:4.1
319 macbeth:4.2
320 macbeth:4.3
321 macbeth:4.4
322 macbeth:4.5
323 macbeth:4.6
324 macbeth:4.7
325 coriolanus:0.0
326 coriolanus:0.1
327 coriolanus:0.2
328 coriolanus:0.3
329 coriolanus:0.4
330 coriolanus:0.5
331 coriolanus:0.6
332 coriolanus:0.7
333 coriolanus:0.8
334 coriolanus:0.9
335 coriolanus:1.0
336 coriolanus:1.1
337 coriolanus:1.2
338 coriolanus:2.0
339 coriolanus:2.1
340 coriolanus:2.2
341 coriolanus:3.0
342 coriolanus:3.1
343 coriolanus:3.2
344 coriolanus:3.3
345 coriolanus:3.4
346 coriolanus:3.5
347 coriolanus:3.6
348 coriolanus:4.0
349 coriolanus:4.1
350 coriolanus:4.2
351 coriolanus:4.3
352 coriolanus:4.4
353 coriolanus:4.5
354 julius_caesar:0.0
355 julius_caesar:0.1
356 julius_caesar:0.2
357 julius_caesar:1.0
358 julius_caesar:1.1
359 julius_caesar:1.2
360 julius_caesar:1.3
361 julius_caesar:2.0
362 julius_caesar:2.1
363 julius_caesar:2.2
364 julius_caesar:3.0
365 julius_caesar:3.1
366 julius_caesar:3.2
367 julius_caesar:4.0
368 julius_caesar:4.1
369 julius_caesar:4.2
370 julius_caesar:4.3
371 julius_caesar:4.4
372 comedy_of_errors:0.0
373 comedy_of_errors:0.1
373 comedy_of_errors:1.1
373 comedy_of_errors:2.1
373 comedy_of_errors:3.2
374 comedy_of_errors:1.0
375 comedy_of_errors:2.0
375 comedy_of_errors:3.3
376 comedy_of_errors:3.0
377 comedy_of_errors:3.1
378 comedy_of_errors:4.0
379 much_ado_about_nothing:0.0
379 much_ado_about_nothing:1.0
379 much_ado_about_nothing:1.2
380 much_ado_about_nothing:0.1
381 much_ado_about_nothing:0.2
382 much_ado_about_nothing:1.1
383 much_ado_about_nothing:2.0
384 much_ado_about_nothing:2.1
385 much_ado_about_nothing:2.2
386 much_ado_about_nothing:2.3
387 much_ado_about_nothing:2.4
388 much_ado_about_nothing:3.0
388 much_ado_about_nothing:4.3
389 much_ado_about_nothing:3.1
390 much_ado_about_nothing:4.0
391 much_ado_about_nothing:4.1
392 much_ado_about_nothing:4.2
393 twelfth_night:0.0
394 twelfth_night:0.1
395 twelfth_night:0.2
395 twelfth_night:1.2
396 twelfth_night:0.3
397 twelfth_night:0.4
398 twelfth_night:1.0
399 twelfth_night:1.1
400 twelfth_night:1.3
401 twelfth_night:1.4
401 twelfth_night:2.3
402 twelfth_night:2.0
403 twelfth_night:2.1
404 twelfth_night:2.2
405 twelfth_night:3.0
406 twelfth_night:3.1
407 twelfth_night:3.2
408 twelfth_night:4.0
409 lear:0.0
410 lear:0.1
411 lear:0.2
412 lear:0.3
413 lear:0.4
414 lear:1.0
415 lear:1.1
416 lear:1.2
417 lear:1.3
418 lear:2.0
419 lear:2.1
420 lear:2.2
421 lear:2.3
422 lear:2.4
423 lear:2.5
424 lear:2.6
425 lear:3.0
426 lear:3.1
427 lear:3.2
428 lear:3.3
429 lear:3.4
430 lear:3.5
431 lear:3.6
432 lear:4.0
433 lear:4.1
434 lear:4.2
435 cymbeline:0.0
436 cymbeline:0.1
437 cymbeline:0.2
438 cymbeline:0.3
438 cymbeline:1.3
439 cymbeline:0.4
440 cymbeline:0.5
441 cymbeline:1.0
442 cymbeline:1.1
443 cymbeline:1.2
444 cymbeline:1.4
445 cymbeline:2.0
446 cymbeline:2.1
447 cymbeline:2.2
448 cymbeline:2.3
449 cymbeline:2.4
450 cymbeline:2.5
451 cymbeline:2.6
452 cymbeline:3.0
453 cymbeline:3.1
454 cymbeline:3.2
455 cymbeline:3.3
456 cymbeline:4.0
457 cymbeline:4.1
458 cymbeline:4.2
459 cymbeline:4.3
460 cymbeline:4.4
461 measure_for_measure:0.0
462 measure_for_measure:0.1
463 measure_for_measure:0.2
464 measure_for_measure:0.3
465 measure_for_measure:1.0
466 measure_for_measure:1.1
466 measure_for_measure:1.3
467 measure_for_measure:1.2
468 measure_for_measure:2.0
469 measure_for_measure:2.1
470 measure_for_measure:3.0
471 measure_for_measure:3.1
472 measure_for_measure:3.2
473 measure_for_measure:3.3
474 measure_for_measure:3.4
475 measure_for_measure:3.5
476 measure_for_measure:4.0
477 pericles:0.0
478 pericles:0.1
479 pericles:0.2
480 pericles:0.3
481 pericles:1.0
482 pericles:1.1
483 pericles:1.2
484 pericles:1.3
485 pericles:1.4
486 pericles:2.0
487 pericles:2.1
488 pericles:2.2
489 pericles:2.3
490 pericles:3.0
491 pericles:3.1
492 pericles:3.2
493 pericles:3.3
494 pericles:3.4
495 pericles:3.5
496 pericles:4.0
497 pericles:4.1
498 pericles:4.2
499 winters_tale:0.0
500 winters_tale:0.1
501 winters_tale:1.0
502 winters_tale:1.1
503 winters_tale:1.2
504 winters_tale:2.0
505 winters_tale:2.1
506 winters_tale:2.2
507 winters_tale:3.0
508 winters_tale:3.1
509 winters_tale:3.2
510 winters_tale:3.3
511 winters_tale:4.0
512 winters_tale:4.1
513 winters_tale:4.2
514 antony_and_cleopatra:0.0
515 antony_and_cleopatra:0.1
516 antony_and_cleopatra:0.2
517 antony_and_cleopatra:0.3
518 antony_and_cleopatra:0.4
519 antony_and_cleopatra:1.0
520 antony_and_cleopatra:1.1
520 antony_and_cleopatra:2.1
521 antony_and_cleopatra:1.2
522 antony_and_cleopatra:1.3
523 antony_and_cleopatra:1.4
523 antony_and_cleopatra:2.2
524 antony_and_cleopatra:1.5
524 antony_and_cleopatra:1.6
525 antony_and_cleopatra:2.0
526 antony_and_cleopatra:2.3
527 antony_and_cleopatra:2.4
528 antony_and_cleopatra:2.5
529 antony_and_cleopatra:2.6
530 antony_and_cleopatra:2.7
531 antony_and_cleopatra:2.8
532 antony_and_cleopatra:2.9
533 antony_and_cleopatra:2.10
534 antony_and_cleopatra:2.11
535 antony_and_cleopatra:2.12
536 antony_and_cleopatra:3.0
537 antony_and_cleopatra:3.1
538 antony_and_cleopatra:3.2
539 antony_and_cleopatra:3.3
540 antony_and_cleopatra:3.4
541 antony_and_cleopatra:3.5
542 antony_and_cleopatra:3.6
543 antony_and_cleopatra:3.7
544 antony_and_cleopatra:3.8
545 antony_and_cleopatra:3.9
546 antony_and_cleopatra:3.10
547 antony_and_cleopatra:3.11
548 antony_and_cleopatra:3.12
549 antony_and_cleopatra:3.13
550 antony_and_cleopatra:3.14
551 antony_and_cleopatra:4.0
552 antony_and_cleopatra:4.1
553 tempest:0.0
554 tempest:0.1
555 tempest:1.0
556 tempest:1.1
556 tempest:2.1
557 tempest:2.0
558 tempest:2.2
559 tempest:3.0
560 tempest:4.0
561 two_gentlemen_of_verona:0.0
562 two_gentlemen_of_verona:0.1
562 two_gentlemen_of_verona:1.6
563 two_gentlemen_of_verona:0.2
564 two_gentlemen_of_verona:1.0
565 two_gentlemen_of_verona:1.1
566 two_gentlemen_of_verona:1.2
567 two_gentlemen_of_verona:1.3
568 two_gentlemen_of_verona:1.4
569 two_gentlemen_of_verona:1.5
570 two_gentlemen_of_verona:2.0
571 two_gentlemen_of_verona:2.1
572 two_gentlemen_of_verona:3.0
573 two_gentlemen_of_verona:3.1
574 two_gentlemen_of_verona:3.2
575 two_gentlemen_of_verona:3.3
576 two_gentlemen_of_verona:4.0
577 two_gentlemen_of_verona:4.1
578 two_gentlemen_of_verona:4.2
579 two_gentlemen_of_verona:4.3
580 merchant_of_venice:0.0
581 merchant_of_venice:0.1
582 merchant_of_venice:0.2
583 merchant_of_venice:1.0
584 merchant_of_venice:1.1
585 merchant_of_venice:1.2
586 merchant_of_venice:1.3
587 merchant_of_venice:1.4
588 merchant_of_venice:1.5
589 merchant_of_venice:1.6
590 merchant_of_venice:1.7
591 merchant_of_venice:1.8
592 merchant_of_venice:2.0
593 merchant_of_venice:2.1
594 merchant_of_venice:2.2
595 merchant_of_venice:2.3
596 merchant_of_venice:2.4
597 merchant_of_venice:3.0
598 merchant_of_venice:3.1
599 merchant_of_venice:4.0
600 henry_viii:0.0
601 henry_viii:0.1
602 henry_viii:0.2
603 henry_viii:0.3
604 henry_viii:1.0
605 henry_viii:1.1
606 henry_viii:1.2
607 henry_viii:1.3
608 henry_viii:2.0
609 henry_viii:2.1
610 henry_viii:3.0
611 henry_viii:3.1
612 henry_viii:4.0
613 henry_viii:4.1
614 henry_viii:4.2
615 henry_viii:4.3
616 henry_viii:4.4
617 midsummer_nights_dream:0.0
618 midsummer_nights_dream:0.1
619 midsummer_nights_dream:1.0
620 midsummer_nights_dream:1.1
621 midsummer_nights_dream:2.0
622 midsummer_nights_dream:2.1
623 midsummer_nights_dream:3.0
624 midsummer_nights_dream:3.1
625 midsummer_nights_dream:4.0
626 as_you_like_it:0.0
627 as_you_like_it:0.1
628 as_you_like_it:0.2
629 as_you_like_it:1.0
630 as_you_like_it:1.1
631 as_you_like_it:1.2
632 as_you_like_it:1.3
633 as_you_like_it:1.4
634 as_you_like_it:1.5
635 as_you_like_it:1.6
636 as_you_like_it:2.0
637 as_you_like_it:2.1
637 as_you_like_it:3.0
638 as_you_like_it:2.2
639 as_you_like_it:2.3
640 as_you_like_it:2.4
641 as_you_like_it:3.1
642 as_you_like_it:3.2
643 as_you_like_it:4.0
644 as_you_like_it:4.1
645 as_you_like_it:4.2
646 as_you_like_it:4.3
647 troilus_and_cressida:0.0
648 troilus_and_cressida:0.1
648 troilus_and_cressida:3.1
649 troilus_and_cressida:0.2
650 troilus_and_cressida:1.0
651 troilus_and_cressida:1.1
652 troilus_and_cressida:1.2
652 troilus_and_cressida:2.2
653 troilus_and_cressida:2.0
654 troilus_and_cressida:2.1
655 troilus_and_cressida:3.0
656 troilus_and_cressida:3.2
657 troilus_and_cressida:3.3
658 troilus_and_cressida:3.4
659 troilus_and_cressida:4.0
660 troilus_and_cressida:4.1
661 troilus_and_cressida:4.2
662 troilus_and_cressida:4.3
663 troilus_and_cressida:4.4
664 troilus_and_cressida:4.5
665 troilus_and_cressida:4.6
666 troilus_and_cressida:4.7
667 troilus_and_cressida:4.8
668 troilus_and_cressida:4.9
669 henry_v:0.0
670 henry_v:0.1
671 henry_v:1.0
672 henry_v:1.1
673 henry_v:1.2
674 henry_v:1.3
675 henry_v:2.0
676 henry_v:2.1
677 henry_v:2.2
678 henry_v:2.3
679 henry_v:2.4
680 henry_v:2.5
681 henry_v:2.6
682 henry_v:3.0
683 henry_v:3.1
684 henry_v:3.2
685 henry_v:3.3
686 henry_v:3.4
687 henry_v:3.5
688 henry_v:3.6
689 henry_v:3.7
690 henry_v:4.0
691 henry_v:4.1
692 life_and_death_of_king_john:0.0
693 life_and_death_of_king_john:1.0
694 life_and_death_of_king_john:2.0
695 life_and_death_of_king_john:2.1
696 life_and_death_of_king_john:2.2
697 life_and_death_of_king_john:2.3
698 life_and_death_of_king_john:3.0
699 life_and_death_of_king_john:3.1
700 life_and_death_of_king_john:3.2
701 life_and_death_of_king_john:4.0
702 life_and_death_of_king_john:4.1
703 life_and_death_of_king_john:4.2
704 life_and_death_of_king_john:4.3
705 life_and_death_of_king_john:4.4
706 life_and_death_of_king_john:4.5
707 life_and_death_of_king_john:4.6
708 timon_of_athens:0.0
709 timon_of_athens:0.1
709 timon_of_athens:3.2
710 timon_of_athens:1.0
711 timon_of_athens:1.1
712 timon_of_athens:2.0
713 timon_of_athens:2.1
714 timon_of_athens:2.2
715 timon_of_athens:2.3
716 timon_of_athens:2.4
717 timon_of_athens:2.5
718 timon_of_athens:3.0
719 timon_of_athens:3.1
720 timon_of_athens:4.0
721 timon_of_athens:4.1
722 timon_of_athens:4.2
723 timon_of_athens:4.3
