1 othello:0.0
1 othello:0.1
1 othello:0.2
1 othello:1.0
1 othello:1.2
1 othello:2.0
1 othello:2.1
1 othello:2.2
1 othello:2.3
1 othello:3.0
1 othello:3.1
1 othello:4.0
1 othello:4.1
2 othello:1.1
3 othello:3.2
4 henry_iv_part_ii:0.0
5 henry_iv_part_ii:0.1
5 henry_iv_part_ii:1.0
5 henry_iv_part_ii:4.4
5 merry_wives_of_windsor:0.2
5 merry_wives_of_windsor:3.4
6 henry_iv_part_ii:0.2
7 henry_iv_part_ii:1.1
7 henry_iv_part_i:0.1
7 henry_iv_part_i:1.1
7 henry_iv_part_i:1.3
7 henry_iv_part_i:2.2
7 henry_iv_part_i:3.1
7 henry_iv_part_i:4.3
8 henry_iv_part_ii:1.2
9 henry_iv_part_ii:1.3
9 henry_iv_part_ii:4.3
10 henry_iv_part_ii:2.0
11 henry_iv_part_ii:2.1
12 henry_iv_part_ii:3.0
12 henry_iv_part_ii:3.1
13 henry_iv_part_ii:3.2
14 henry_iv_part_ii:3.3
14 henry_iv_part_ii:3.4
15 henry_iv_part_ii:4.0
15 henry_iv_part_ii:4.2
16 henry_iv_part_ii:4.1
17 richard_ii:0.0
17 richard_ii:0.2
18 richard_ii:0.1
19 richard_ii:0.3
20 richard_ii:1.0
21 richard_ii:1.1
22 richard_ii:1.2
22 richard_ii:2.0
23 richard_ii:1.3
24 richard_ii:2.1
24 richard_ii:2.2
24 richard_ii:3.0
24 richard_ii:4.0
24 richard_ii:4.5
25 richard_ii:2.3
26 richard_ii:4.1
26 richard_ii:4.2
26 richard_iii:1.3
27 richard_ii:4.3
28 richard_ii:4.4
29 henry_vi_part_2:0.0
29 henry_vi_part_2:0.2
29 henry_vi_part_2:2.0
29 henry_vi_part_2:2.1
29 henry_vi_part_2:3.3
29 henry_vi_part_1:4.2
29 henry_vi_part_1:4.4
30 henry_vi_part_2:0.1
30 henry_vi_part_2:0.3
31 henry_vi_part_2:1.0
32 henry_vi_part_2:1.1
33 henry_vi_part_2:1.2
34 henry_vi_part_2:1.3
35 henry_vi_part_2:2.2
36 henry_vi_part_2:3.0
37 henry_vi_part_2:3.1
37 henry_vi_part_2:3.2
37 henry_vi_part_2:3.5
37 henry_vi_part_2:3.6
37 henry_vi_part_2:3.7
38 henry_vi_part_2:3.4
39 henry_vi_part_2:3.8
39 henry_vi_part_2:4.0
39 henry_vi_part_2:4.1
39 henry_vi_part_3:0.0
39 henry_vi_part_3:0.2
39 henry_vi_part_3:0.3
39 henry_vi_part_3:1.0
39 henry_vi_part_3:1.1
39 henry_vi_part_3:1.3
39 henry_vi_part_3:1.5
40 henry_vi_part_2:3.9
41 henry_vi_part_2:4.2
42 merry_wives_of_windsor:0.0
42 merry_wives_of_windsor:0.1
42 merry_wives_of_windsor:2.0
42 merry_wives_of_windsor:2.3
42 merry_wives_of_windsor:3.0
43 merry_wives_of_windsor:0.3
43 merry_wives_of_windsor:1.2
44 merry_wives_of_windsor:1.0
44 merry_wives_of_windsor:1.1
44 merry_wives_of_windsor:2.1
44 merry_wives_of_windsor:2.2
44 merry_wives_of_windsor:2.4
44 merry_wives_of_windsor:3.1
44 merry_wives_of_windsor:3.3
44 merry_wives_of_windsor:4.0
44 merry_wives_of_windsor:4.2
44 merry_wives_of_windsor:4.4
45 merry_wives_of_windsor:3.2
46 merry_wives_of_windsor:3.5
47 merry_wives_of_windsor:4.1
48 merry_wives_of_windsor:4.3
49 richard_iii:0.0
49 richard_iii:0.3
50 richard_iii:0.1
50 henry_viii:1.2
51 richard_iii:0.2
51 richard_iii:1.0
51 richard_iii:1.1
51 richard_iii:2.0
51 richard_iii:2.4
51 richard_iii:2.6
52 richard_iii:1.2
52 coriolanus:0.0
52 coriolanus:1.0
52 coriolanus:1.1
52 coriolanus:1.2
52 coriolanus:2.0
52 coriolanus:2.1
52 coriolanus:2.2
52 coriolanus:3.0
52 coriolanus:3.1
52 coriolanus:3.5
52 coriolanus:4.0
52 coriolanus:4.1
52 coriolanus:4.3
53 richard_iii:2.1
53 richard_iii:2.3
54 richard_iii:2.2
55 richard_iii:2.5
56 richard_iii:3.0
56 richard_iii:3.3
56 henry_vi_part_3:3.3
57 richard_iii:3.1
57 richard_iii:3.2
57 richard_iii:4.2
57 richard_iii:4.3
58 richard_iii:3.4
59 richard_iii:4.0
60 richard_iii:4.1
61 richard_iii:4.4
62 hamlet:0.0
62 hamlet:0.1
62 hamlet:0.3
62 hamlet:0.4
62 hamlet:3.5
62 hamlet:4.0
62 hamlet:4.1
63 hamlet:0.2
63 hamlet:3.4
63 hamlet:3.6
64 hamlet:1.0
65 hamlet:1.1
65 hamlet:2.0
65 hamlet:2.1
65 hamlet:2.3
65 hamlet:3.0
65 hamlet:3.1
65 hamlet:3.2
65 hamlet:3.3
66 hamlet:2.2
67 henry_iv_part_i:0.0
68 henry_iv_part_i:0.2
68 henry_iv_part_i:2.0
68 henry_iv_part_i:3.0
68 henry_iv_part_i:3.2
68 henry_iv_part_i:4.1
68 henry_iv_part_i:4.2
69 henry_iv_part_i:1.0
70 henry_iv_part_i:1.2
71 henry_iv_part_i:2.1
72 henry_iv_part_i:3.3
73 henry_iv_part_i:4.0
73 henry_iv_part_i:4.4
74 henry_vi_part_1:0.0
75 henry_vi_part_1:0.1
75 henry_vi_part_1:0.5
75 henry_vi_part_1:1.0
75 henry_vi_part_1:2.1
75 henry_vi_part_1:2.2
75 henry_vi_part_1:4.1
75 henry_vi_part_1:4.3
76 henry_vi_part_1:0.2
76 henry_vi_part_1:2.0
76 henry_vi_part_1:4.0
77 henry_vi_part_1:0.3
78 henry_vi_part_1:0.4
79 henry_vi_part_1:1.1
79 henry_vi_part_1:3.4
79 henry_vi_part_1:3.5
79 henry_vi_part_1:3.6
80 henry_vi_part_1:1.2
81 henry_vi_part_1:1.3
82 henry_vi_part_1:1.4
83 henry_vi_part_1:2.3
83 henry_vi_part_1:3.0
84 henry_vi_part_1:3.1
85 henry_vi_part_1:3.2
85 henry_vi_part_1:3.3
86 taming_of_the_shrew:0.0
86 taming_of_the_shrew:0.1
86 taming_of_the_shrew:1.0
86 taming_of_the_shrew:2.1
86 taming_of_the_shrew:3.1
86 taming_of_the_shrew:3.3
86 taming_of_the_shrew:3.4
86 taming_of_the_shrew:4.0
86 taming_of_the_shrew:4.1
87 taming_of_the_shrew:2.0
88 taming_of_the_shrew:3.0
88 taming_of_the_shrew:3.2
89 alls_well_that_ends_well:0.0
89 alls_well_that_ends_well:1.0
89 alls_well_that_ends_well:1.2
89 alls_well_that_ends_well:1.3
89 alls_well_that_ends_well:1.4
89 alls_well_that_ends_well:2.5
89 alls_well_that_ends_well:3.0
89 alls_well_that_ends_well:3.2
89 alls_well_that_ends_well:4.1
90 alls_well_that_ends_well:0.1
91 alls_well_that_ends_well:0.2
91 alls_well_that_ends_well:1.1
91 alls_well_that_ends_well:2.1
92 alls_well_that_ends_well:2.0
93 alls_well_that_ends_well:2.2
94 alls_well_that_ends_well:2.3
95 alls_well_that_ends_well:2.4
95 alls_well_that_ends_well:2.6
95 alls_well_that_ends_well:3.3
95 alls_well_that_ends_well:4.0
96 alls_well_that_ends_well:3.1
96 alls_well_that_ends_well:4.2
97 alls_well_that_ends_well:3.4
98 loves_labors_lost:0.0
98 loves_labors_lost:3.2
99 loves_labors_lost:0.1
99 loves_labors_lost:2.0
99 loves_labors_lost:4.0
100 loves_labors_lost:1.0
100 loves_labors_lost:3.0
100 loves_labors_lost:4.1
101 loves_labors_lost:3.1
102 henry_vi_part_3:0.1
103 henry_vi_part_3:1.2
104 henry_vi_part_3:1.4
105 henry_vi_part_3:2.0
106 henry_vi_part_3:2.1
106 henry_vi_part_3:3.0
106 henry_vi_part_3:3.4
106 henry_vi_part_3:3.6
106 henry_vi_part_3:4.4
106 henry_vi_part_3:4.6
107 henry_vi_part_3:2.2
108 henry_vi_part_3:3.1
108 henry_vi_part_3:3.5
108 henry_vi_part_3:3.7
108 henry_vi_part_3:4.0
108 henry_vi_part_3:4.1
109 henry_vi_part_3:3.2
110 henry_vi_part_3:4.2
111 henry_vi_part_3:4.3
112 henry_vi_part_3:4.5
113 romeo_and_juliet:0.0
113 romeo_and_juliet:0.1
114 romeo_and_juliet:0.2
114 romeo_and_juliet:0.4
114 romeo_and_juliet:1.1
114 romeo_and_juliet:1.4
114 romeo_and_juliet:2.1
114 romeo_and_juliet:2.4
114 romeo_and_juliet:3.1
114 romeo_and_juliet:3.2
114 romeo_and_juliet:3.3
115 romeo_and_juliet:0.3
115 romeo_and_juliet:1.0
115 romeo_and_juliet:1.3
115 romeo_and_juliet:2.0
116 romeo_and_juliet:1.2
116 romeo_and_juliet:1.5
116 romeo_and_juliet:2.2
116 romeo_and_juliet:3.0
116 romeo_and_juliet:4.1
116 romeo_and_juliet:4.2
117 romeo_and_juliet:2.3
118 romeo_and_juliet:3.4
119 romeo_and_juliet:4.0
120 titus_andronicus:0.0
120 titus_andronicus:1.1
120 titus_andronicus:1.2
120 titus_andronicus:2.0
120 titus_andronicus:2.1
120 titus_andronicus:3.0
120 titus_andronicus:3.2
120 titus_andronicus:3.3
120 titus_andronicus:4.1
120 titus_andronicus:4.2
121 titus_andronicus:1.0
121 titus_andronicus:3.1
121 titus_andronicus:4.0
122 titus_andronicus:1.3
123 macbeth:0.0
123 macbeth:0.2
123 macbeth:0.4
123 macbeth:0.6
123 macbeth:1.0
123 macbeth:1.1
123 macbeth:1.2
123 macbeth:2.0
123 macbeth:2.1
123 macbeth:2.3
123 macbeth:3.0
123 macbeth:4.2
123 macbeth:4.4
123 macbeth:4.6
124 macbeth:0.1
124 macbeth:0.3
124 macbeth:0.5
125 macbeth:1.3
125 macbeth:3.1
125 macbeth:3.2
125 macbeth:4.5
125 macbeth:4.7
126 macbeth:2.2
127 macbeth:2.4
128 macbeth:2.5
129 macbeth:4.0
130 macbeth:4.1
130 macbeth:4.3
131 coriolanus:0.1
131 coriolanus:4.5
132 coriolanus:0.2
133 coriolanus:0.3
133 coriolanus:0.4
133 coriolanus:0.5
133 coriolanus:0.6
133 coriolanus:0.7
133 coriolanus:0.8
134 coriolanus:0.9
135 coriolanus:3.2
136 coriolanus:3.3
137 coriolanus:3.4
138 coriolanus:3.6
139 coriolanus:4.2
140 coriolanus:4.4
141 julius_caesar:0.0
142 julius_caesar:0.1
142 julius_caesar:0.2
142 julius_caesar:1.0
142 julius_caesar:1.1
142 julius_caesar:1.2
142 julius_caesar:2.0
142 julius_caesar:2.1
142 julius_caesar:3.1
142 julius_caesar:3.2
142 julius_caesar:4.0
142 julius_caesar:4.2
142 julius_caesar:4.3
143 julius_caesar:1.3
144 julius_caesar:2.2
145 julius_caesar:3.0
145 antony_and_cleopatra:0.3
145 antony_and_cleopatra:1.1
145 antony_and_cleopatra:1.2
145 antony_and_cleopatra:1.3
145 antony_and_cleopatra:2.1
145 antony_and_cleopatra:2.5
145 antony_and_cleopatra:2.11
145 antony_and_cleopatra:3.0
145 antony_and_cleopatra:3.4
145 antony_and_cleopatra:3.5
145 antony_and_cleopatra:4.0
146 julius_caesar:4.1
147 julius_caesar:4.4
148 comedy_of_errors:0.0
149 comedy_of_errors:0.1
149 comedy_of_errors:1.1
149 comedy_of_errors:2.0
149 comedy_of_errors:2.1
149 comedy_of_errors:3.0
149 comedy_of_errors:3.2
149 comedy_of_errors:3.3
149 comedy_of_errors:4.0
150 comedy_of_errors:1.0
150 comedy_of_errors:3.1
151 much_ado_about_nothing:0.0
151 much_ado_about_nothing:1.0
151 much_ado_about_nothing:1.2
151 much_ado_about_nothing:2.0
151 much_ado_about_nothing:2.1
151 much_ado_about_nothing:3.0
151 much_ado_about_nothing:4.0
151 much_ado_about_nothing:4.1
151 much_ado_about_nothing:4.2
151 much_ado_about_nothing:4.3
152 much_ado_about_nothing:0.1
153 much_ado_about_nothing:0.2
153 much_ado_about_nothing:1.1
154 much_ado_about_nothing:2.2
154 much_ado_about_nothing:2.4
154 much_ado_about_nothing:3.1
155 much_ado_about_nothing:2.3
156 twelfth_night:0.0
157 twelfth_night:0.1
157 twelfth_night:0.3
157 twelfth_night:1.3
158 twelfth_night:0.2
158 twelfth_night:1.2
158 twelfth_night:1.4
158 twelfth_night:2.1
158 twelfth_night:2.3
158 twelfth_night:3.0
158 twelfth_night:3.1
159 twelfth_night:0.4
159 twelfth_night:1.1
159 twelfth_night:2.0
159 twelfth_night:4.0
160 twelfth_night:1.0
160 twelfth_night:2.2
160 tempest:1.0
160 tempest:2.2
161 twelfth_night:3.2
162 lear:0.0
162 lear:0.3
162 lear:0.4
162 lear:1.3
162 lear:2.1
162 lear:2.3
162 lear:2.5
162 lear:3.6
162 lear:4.2
163 lear:0.1
163 lear:1.0
163 lear:2.2
163 lear:2.4
163 lear:2.6
163 lear:3.4
163 lear:4.0
164 lear:0.2
164 lear:3.1
165 lear:1.1
166 lear:1.2
167 lear:2.0
167 lear:3.2
168 lear:3.0
168 lear:3.5
168 lear:4.1
169 lear:3.3
170 cymbeline:0.0
170 cymbeline:0.2
170 cymbeline:0.5
170 cymbeline:2.1
170 cymbeline:2.3
170 cymbeline:3.2
170 cymbeline:4.0
170 cymbeline:4.4
171 cymbeline:0.1
171 cymbeline:1.0
171 cymbeline:1.2
171 cymbeline:2.4
172 cymbeline:0.3
172 cymbeline:1.3
172 cymbeline:4.1
172 cymbeline:4.2
172 cymbeline:4.3
173 cymbeline:0.4
174 cymbeline:1.1
175 cymbeline:1.4
176 cymbeline:2.0
177 cymbeline:2.2
177 cymbeline:2.5
177 cymbeline:3.1
177 cymbeline:3.3
178 cymbeline:2.6
179 cymbeline:3.0
180 measure_for_measure:0.0
180 measure_for_measure:1.0
180 measure_for_measure:2.1
180 measure_for_measure:3.3
181 measure_for_measure:0.1
181 measure_for_measure:0.3
181 measure_for_measure:1.1
181 measure_for_measure:1.3
181 measure_for_measure:2.0
181 measure_for_measure:3.0
181 measure_for_measure:3.5
181 measure_for_measure:4.0
182 measure_for_measure:0.2
183 measure_for_measure:1.2
183 measure_for_measure:3.1
183 measure_for_measure:3.2
184 measure_for_measure:3.4
185 pericles:0.0
186 pericles:0.1
186 pericles:0.2
186 pericles:1.3
186 pericles:4.0
187 pericles:0.3
187 pericles:2.2
187 pericles:3.2
187 pericles:3.3
188 pericles:1.0
189 pericles:1.1
189 pericles:1.2
189 pericles:1.4
190 pericles:2.0
191 pericles:2.1
191 pericles:2.3
191 pericles:4.2
192 pericles:3.0
193 pericles:3.1
193 pericles:3.5
194 pericles:3.4
195 pericles:4.1
196 winters_tale:0.0
197 winters_tale:0.1
197 winters_tale:1.0
197 winters_tale:1.2
197 winters_tale:2.1
197 winters_tale:3.1
197 winters_tale:4.0
197 winters_tale:4.2
198 winters_tale:1.1
199 winters_tale:2.0
200 winters_tale:2.2
201 winters_tale:3.0
202 winters_tale:3.2
202 winters_tale:3.3
202 winters_tale:4.1
203 antony_and_cleopatra:0.0
203 antony_and_cleopatra:0.2
203 antony_and_cleopatra:0.4
203 antony_and_cleopatra:1.4
203 antony_and_cleopatra:2.2
203 antony_and_cleopatra:2.10
203 antony_and_cleopatra:2.12
203 antony_and_cleopatra:3.3
203 antony_and_cleopatra:3.11
203 antony_and_cleopatra:3.12
203 antony_and_cleopatra:3.13
203 antony_and_cleopatra:3.14
203 antony_and_cleopatra:4.1
204 antony_and_cleopatra:0.1
204 antony_and_cleopatra:2.6
204 antony_and_cleopatra:2.8
204 antony_and_cleopatra:2.9
204 antony_and_cleopatra:3.1
204 antony_and_cleopatra:3.8
205 antony_and_cleopatra:1.0
205 antony_and_cleopatra:1.5
205 antony_and_cleopatra:1.6
205 antony_and_cleopatra:2.4
206 antony_and_cleopatra:2.0
207 antony_and_cleopatra:2.3
208 antony_and_cleopatra:2.7
209 antony_and_cleopatra:3.2
210 antony_and_cleopatra:3.6
210 antony_and_cleopatra:3.9
211 antony_and_cleopatra:3.7
212 antony_and_cleopatra:3.10
213 tempest:0.0
214 tempest:0.1
214 tempest:2.0
214 tempest:3.0
214 tempest:4.0
215 tempest:1.1
215 tempest:2.1
216 two_gentlemen_of_verona:0.0
216 two_gentlemen_of_verona:0.2
216 two_gentlemen_of_verona:1.1
216 two_gentlemen_of_verona:2.1
216 two_gentlemen_of_verona:3.1
216 two_gentlemen_of_verona:3.3
216 two_gentlemen_of_verona:4.1
216 two_gentlemen_of_verona:4.3
217 two_gentlemen_of_verona:0.1
217 two_gentlemen_of_verona:1.6
218 two_gentlemen_of_verona:1.0
218 two_gentlemen_of_verona:1.3
218 two_gentlemen_of_verona:1.5
219 two_gentlemen_of_verona:1.2
219 two_gentlemen_of_verona:1.4
219 two_gentlemen_of_verona:2.0
220 two_gentlemen_of_verona:3.0
220 two_gentlemen_of_verona:4.2
221 two_gentlemen_of_verona:3.2
221 two_gentlemen_of_verona:4.0
222 merchant_of_venice:0.0
222 merchant_of_venice:1.5
222 merchant_of_venice:1.7
223 merchant_of_venice:0.1
223 merchant_of_venice:1.8
223 merchant_of_venice:2.1
223 merchant_of_venice:2.3
223 merchant_of_venice:3.1
223 merchant_of_venice:4.0
224 merchant_of_venice:0.2
224 merchant_of_venice:2.0
224 merchant_of_venice:2.2
224 merchant_of_venice:3.0
225 merchant_of_venice:1.0
225 merchant_of_venice:1.6
226 merchant_of_venice:1.1
226 merchant_of_venice:1.2
226 merchant_of_venice:1.3
226 merchant_of_venice:2.4
227 merchant_of_venice:1.4
228 henry_viii:0.0
229 henry_viii:0.1
229 henry_viii:1.3
229 henry_viii:2.0
230 henry_viii:0.2
230 henry_viii:0.3
230 henry_viii:1.1
230 henry_viii:2.1
231 henry_viii:1.0
231 henry_viii:3.0
232 henry_viii:3.1
233 henry_viii:4.0
234 henry_viii:4.1
235 henry_viii:4.2
236 henry_viii:4.3
237 henry_viii:4.4
238 midsummer_nights_dream:0.0
238 midsummer_nights_dream:1.1
238 midsummer_nights_dream:2.1
238 midsummer_nights_dream:3.0
239 midsummer_nights_dream:0.1
239 midsummer_nights_dream:2.0
239 midsummer_nights_dream:3.1
240 midsummer_nights_dream:1.0
241 midsummer_nights_dream:4.0
242 as_you_like_it:0.0
243 as_you_like_it:0.1
243 as_you_like_it:0.2
243 as_you_like_it:1.3
243 as_you_like_it:2.1
243 as_you_like_it:2.3
243 as_you_like_it:3.0
243 as_you_like_it:3.2
243 as_you_like_it:4.1
244 as_you_like_it:1.0
244 as_you_like_it:1.6
244 as_you_like_it:4.3
245 as_you_like_it:1.1
246 as_you_like_it:1.2
246 as_you_like_it:1.5
247 as_you_like_it:1.4
248 as_you_like_it:2.0
249 as_you_like_it:2.2
249 as_you_like_it:4.0
250 as_you_like_it:2.4
251 as_you_like_it:3.1
252 as_you_like_it:4.2
253 troilus_and_cressida:0.0
253 troilus_and_cressida:0.1
253 troilus_and_cressida:2.0
253 troilus_and_cressida:2.1
253 troilus_and_cressida:3.1
253 troilus_and_cressida:3.3
253 troilus_and_cressida:4.1
254 troilus_and_cressida:0.2
254 troilus_and_cressida:3.4
254 troilus_and_cressida:4.4
254 troilus_and_cressida:4.7
254 troilus_and_cressida:4.8
255 troilus_and_cressida:1.0
255 troilus_and_cressida:1.2
255 troilus_and_cressida:2.2
255 troilus_and_cressida:4.0
255 troilus_and_cressida:4.3
256 troilus_and_cressida:1.1
256 troilus_and_cressida:4.2
256 troilus_and_cressida:4.5
256 troilus_and_cressida:4.9
257 troilus_and_cressida:3.0
257 troilus_and_cressida:3.2
258 troilus_and_cressida:4.6
259 henry_v:0.0
260 henry_v:0.1
261 henry_v:1.0
261 henry_v:1.2
262 henry_v:1.1
263 henry_v:1.3
264 henry_v:2.0
265 henry_v:2.1
266 henry_v:2.2
267 henry_v:2.3
268 henry_v:2.4
269 henry_v:2.5
269 henry_v:3.6
269 henry_v:3.7
269 henry_v:4.0
270 henry_v:2.6
270 henry_v:3.1
270 henry_v:3.4
271 henry_v:3.0
272 henry_v:3.2
273 henry_v:3.3
274 henry_v:3.5
275 henry_v:4.1
276 life_and_death_of_king_john:0.0
277 life_and_death_of_king_john:1.0
277 life_and_death_of_king_john:2.0
277 life_and_death_of_king_john:2.1
277 life_and_death_of_king_john:2.3
278 life_and_death_of_king_john:2.2
278 life_and_death_of_king_john:3.0
278 life_and_death_of_king_john:3.1
278 life_and_death_of_king_john:3.2
278 life_and_death_of_king_john:4.2
278 life_and_death_of_king_john:4.5
279 life_and_death_of_king_john:4.0
280 life_and_death_of_king_john:4.1
281 life_and_death_of_king_john:4.3
282 life_and_death_of_king_john:4.4
283 life_and_death_of_king_john:4.6
284 timon_of_athens:0.0
284 timon_of_athens:0.1
284 timon_of_athens:1.1
284 timon_of_athens:2.5
284 timon_of_athens:3.2
284 timon_of_athens:4.0
284 timon_of_athens:4.1
284 timon_of_athens:4.2
285 timon_of_athens:1.0
286 timon_of_athens:2.0
287 timon_of_athens:2.1
287 timon_of_athens:2.3
288 timon_of_athens:2.2
289 timon_of_athens:2.4
289 timon_of_athens:4.3
290 timon_of_athens:3.0
291 timon_of_athens:3.1
