1 othello:0.0
1 othello:0.1
1 othello:0.2
1 othello:1.0
1 othello:1.2
1 othello:2.0
1 othello:2.1
1 othello:2.2
1 othello:2.3
1 othello:3.0
1 othello:3.1
1 othello:3.2
1 othello:4.0
1 othello:4.1
2 othello:1.1
3 henry_iv_part_ii:0.0
3 henry_iv_part_ii:1.2
3 henry_iv_part_i:0.2
3 henry_iv_part_i:1.2
3 henry_iv_part_i:2.0
3 henry_iv_part_i:2.1
3 henry_iv_part_i:3.0
3 henry_iv_part_i:3.2
3 henry_iv_part_i:4.1
3 henry_iv_part_i:4.2
3 henry_iv_part_i:4.3
3 henry_iv_part_i:4.4
4 henry_iv_part_ii:0.1
4 henry_iv_part_ii:1.0
4 henry_iv_part_ii:2.1
4 henry_iv_part_ii:3.2
4 henry_iv_part_ii:4.4
4 merry_wives_of_windsor:0.0
4 merry_wives_of_windsor:0.2
4 merry_wives_of_windsor:1.0
4 merry_wives_of_windsor:1.1
4 merry_wives_of_windsor:2.1
4 merry_wives_of_windsor:2.2
4 merry_wives_of_windsor:2.4
4 merry_wives_of_windsor:3.1
4 merry_wives_of_windsor:3.3
4 merry_wives_of_windsor:3.4
4 merry_wives_of_windsor:4.0
4 merry_wives_of_windsor:4.2
4 merry_wives_of_windsor:4.4
5 henry_iv_part_ii:0.2
5 henry_iv_part_ii:3.0
5 henry_iv_part_ii:3.1
5 richard_ii:0.0
5 richard_ii:0.1
5 richard_ii:0.2
5 richard_ii:1.0
5 richard_ii:1.2
6 henry_iv_part_ii:1.1
6 henry_iv_part_ii:1.3
6 henry_iv_part_ii:4.3
6 henry_iv_part_i:0.1
6 henry_iv_part_i:1.1
6 henry_iv_part_i:1.3
6 henry_iv_part_i:2.2
6 henry_iv_part_i:3.1
6 henry_iv_part_i:4.0
7 henry_iv_part_ii:2.0
7 henry_iv_part_ii:3.3
7 henry_iv_part_ii:3.4
7 henry_iv_part_ii:4.1
7 henry_vi_part_2:0.0
7 henry_vi_part_2:0.2
7 henry_vi_part_2:1.0
7 henry_vi_part_2:1.1
7 henry_vi_part_2:1.2
7 henry_vi_part_2:2.0
7 henry_vi_part_2:2.1
7 henry_vi_part_2:2.2
7 henry_vi_part_2:3.0
7 henry_vi_part_2:3.3
7 henry_vi_part_2:3.8
7 henry_vi_part_2:4.0
7 henry_vi_part_2:4.1
7 richard_iii:0.2
7 richard_iii:1.0
7 richard_iii:1.1
7 richard_iii:1.3
7 richard_iii:2.0
7 richard_iii:2.4
7 richard_iii:2.6
7 richard_iii:3.1
7 richard_iii:3.3
7 richard_iii:4.0
7 henry_vi_part_1:4.2
7 henry_vi_part_1:4.4
7 henry_vi_part_3:0.0
7 henry_vi_part_3:0.1
7 henry_vi_part_3:1.0
7 henry_vi_part_3:1.2
7 henry_vi_part_3:1.4
7 henry_vi_part_3:2.0
7 henry_vi_part_3:2.2
7 henry_vi_part_3:3.2
7 henry_vi_part_3:3.3
7 henry_vi_part_3:4.5
7 henry_viii:0.0
7 henry_viii:0.1
7 henry_viii:1.0
7 henry_v:3.5
8 henry_iv_part_ii:4.0
8 henry_iv_part_ii:4.2
9 richard_ii:0.3
9 richard_ii:1.1
9 richard_ii:2.0
9 richard_ii:2.1
9 richard_ii:2.2
9 richard_ii:2.3
9 richard_ii:3.0
9 richard_ii:4.0
9 richard_ii:4.1
9 richard_ii:4.2
9 richard_ii:4.4
9 richard_ii:4.5
10 richard_ii:1.3
11 richard_ii:4.3
12 henry_vi_part_2:0.1
12 henry_vi_part_2:0.3
12 henry_vi_part_2:1.3
13 henry_vi_part_2:3.1
13 henry_vi_part_2:3.2
13 henry_vi_part_2:3.5
13 henry_vi_part_2:3.6
13 henry_vi_part_2:3.7
13 henry_vi_part_2:3.9
14 henry_vi_part_2:3.4
15 henry_vi_part_2:4.2
16 merry_wives_of_windsor:0.1
16 merry_wives_of_windsor:0.3
16 merry_wives_of_windsor:1.2
16 merry_wives_of_windsor:2.0
16 merry_wives_of_windsor:2.3
16 merry_wives_of_windsor:3.0
16 merry_wives_of_windsor:3.5
17 merry_wives_of_windsor:3.2
18 merry_wives_of_windsor:4.1
19 merry_wives_of_windsor:4.3
20 richard_iii:0.0
20 richard_iii:0.3
20 henry_vi_part_3:2.1
20 henry_vi_part_3:3.0
20 henry_vi_part_3:3.1
20 henry_vi_part_3:3.4
20 henry_vi_part_3:3.5
20 henry_vi_part_3:3.6
20 henry_vi_part_3:3.7
20 henry_vi_part_3:4.0
20 henry_vi_part_3:4.1
20 henry_vi_part_3:4.2
20 henry_vi_part_3:4.3
20 henry_vi_part_3:4.4
20 henry_vi_part_3:4.6
21 richard_iii:0.1
21 richard_iii:3.0
21 henry_viii:1.2
22 richard_iii:1.2
22 coriolanus:0.0
22 coriolanus:0.3
22 coriolanus:0.4
22 coriolanus:0.5
22 coriolanus:0.6
22 coriolanus:0.7
22 coriolanus:0.8
22 coriolanus:1.0
22 coriolanus:1.1
22 coriolanus:1.2
22 coriolanus:2.0
22 coriolanus:2.1
22 coriolanus:2.2
22 coriolanus:3.0
22 coriolanus:3.1
22 coriolanus:3.3
22 coriolanus:3.5
22 coriolanus:4.0
22 coriolanus:4.1
22 coriolanus:4.2
22 coriolanus:4.3
23 richard_iii:2.1
23 richard_iii:2.3
23 richard_iii:2.5
24 richard_iii:2.2
24 richard_iii:4.2
24 richard_iii:4.3
24 richard_iii:4.4
25 richard_iii:3.2
26 richard_iii:3.4
27 richard_iii:4.1
28 hamlet:0.0
28 hamlet:0.1
28 hamlet:0.3
28 hamlet:0.4
28 hamlet:1.1
28 hamlet:2.0
28 hamlet:2.1
28 hamlet:2.2
28 hamlet:2.3
28 hamlet:3.0
28 hamlet:3.1
28 hamlet:3.2
28 hamlet:3.3
28 hamlet:3.5
28 hamlet:4.0
28 hamlet:4.1
29 hamlet:0.2
29 hamlet:1.0
29 hamlet:3.4
29 hamlet:3.6
30 henry_iv_part_i:0.0
31 henry_iv_part_i:1.0
32 henry_iv_part_i:3.3
33 henry_vi_part_1:0.0
33 henry_vi_part_1:0.2
33 henry_vi_part_1:2.0
33 henry_vi_part_1:4.0
34 henry_vi_part_1:0.1
34 henry_vi_part_1:0.4
34 henry_vi_part_1:0.5
34 henry_vi_part_1:1.0
34 henry_vi_part_1:1.1
34 henry_vi_part_1:2.1
34 henry_vi_part_1:2.2
34 henry_vi_part_1:4.1
34 henry_vi_part_1:4.3
35 henry_vi_part_1:0.3
36 henry_vi_part_1:1.2
36 alls_well_that_ends_well:0.2
36 alls_well_that_ends_well:1.1
36 alls_well_that_ends_well:2.1
36 alls_well_that_ends_well:2.3
36 alls_well_that_ends_well:3.4
37 henry_vi_part_1:1.3
37 henry_vi_part_1:1.4
38 henry_vi_part_1:2.3
38 henry_vi_part_1:3.0
39 henry_vi_part_1:3.1
39 henry_vi_part_1:3.2
39 henry_vi_part_1:3.3
39 henry_vi_part_1:3.4
39 henry_vi_part_1:3.5
39 henry_vi_part_1:3.6
40 taming_of_the_shrew:0.0
40 taming_of_the_shrew:0.1
40 taming_of_the_shrew:1.0
40 taming_of_the_shrew:2.0
40 taming_of_the_shrew:2.1
40 taming_of_the_shrew:3.1
40 taming_of_the_shrew:3.3
40 taming_of_the_shrew:3.4
40 taming_of_the_shrew:4.0
40 taming_of_the_shrew:4.1
41 taming_of_the_shrew:3.0
41 taming_of_the_shrew:3.2
42 alls_well_that_ends_well:0.0
42 alls_well_that_ends_well:1.0
42 alls_well_that_ends_well:1.2
42 alls_well_that_ends_well:1.3
42 alls_well_that_ends_well:1.4
42 alls_well_that_ends_well:2.2
42 alls_well_that_ends_well:2.4
42 alls_well_that_ends_well:2.5
42 alls_well_that_ends_well:2.6
42 alls_well_that_ends_well:3.0
42 alls_well_that_ends_well:3.1
42 alls_well_that_ends_well:3.2
42 alls_well_that_ends_well:4.1
42 alls_well_that_ends_well:4.2
43 alls_well_that_ends_well:0.1
44 alls_well_that_ends_well:2.0
45 alls_well_that_ends_well:3.3
45 alls_well_that_ends_well:4.0
46 loves_labors_lost:0.0
46 loves_labors_lost:1.0
46 loves_labors_lost:3.0
46 loves_labors_lost:3.2
46 loves_labors_lost:4.1
47 loves_labors_lost:0.1
47 loves_labors_lost:2.0
47 loves_labors_lost:4.0
48 loves_labors_lost:3.1
49 henry_vi_part_3:0.2
49 henry_vi_part_3:0.3
49 henry_vi_part_3:1.1
49 henry_vi_part_3:1.3
49 henry_vi_part_3:1.5
50 romeo_and_juliet:0.0
50 romeo_and_juliet:0.1
50 romeo_and_juliet:0.3
50 romeo_and_juliet:1.0
50 romeo_and_juliet:1.3
50 romeo_and_juliet:2.0
51 romeo_and_juliet:0.2
51 romeo_and_juliet:0.4
51 romeo_and_juliet:1.1
51 romeo_and_juliet:1.2
51 romeo_and_juliet:1.4
51 romeo_and_juliet:1.5
51 romeo_and_juliet:2.1
51 romeo_and_juliet:2.2
51 romeo_and_juliet:2.4
51 romeo_and_juliet:3.0
51 romeo_and_juliet:3.2
51 romeo_and_juliet:4.0
51 romeo_and_juliet:4.1
51 romeo_and_juliet:4.2
51 measure_for_measure:1.2
52 romeo_and_juliet:2.3
52 romeo_and_juliet:3.1
52 romeo_and_juliet:3.3
52 romeo_and_juliet:3.4
53 titus_andronicus:0.0
53 titus_andronicus:1.1
53 titus_andronicus:1.2
53 titus_andronicus:2.0
53 titus_andronicus:2.1
53 titus_andronicus:3.0
53 titus_andronicus:3.2
53 titus_andronicus:3.3
53 titus_andronicus:4.1
53 titus_andronicus:4.2
54 titus_andronicus:1.0
54 titus_andronicus:1.3
54 titus_andronicus:3.1
54 titus_andronicus:4.0
55 macbeth:0.0
55 macbeth:0.2
55 macbeth:0.4
55 macbeth:0.6
55 macbeth:1.0
55 macbeth:1.1
55 macbeth:1.2
55 macbeth:2.0
55 macbeth:2.1
55 macbeth:2.2
55 macbeth:2.3
55 macbeth:3.0
55 macbeth:4.0
55 macbeth:4.2
55 macbeth:4.4
55 macbeth:4.6
56 macbeth:0.1
56 macbeth:0.3
56 macbeth:0.5
56 macbeth:1.3
56 macbeth:2.5
56 macbeth:3.1
56 macbeth:3.2
56 macbeth:4.5
56 macbeth:4.7
57 macbeth:2.4
58 macbeth:4.1
58 macbeth:4.3
59 coriolanus:0.1
59 coriolanus:0.9
59 coriolanus:3.6
59 coriolanus:4.5
60 coriolanus:0.2
60 coriolanus:4.4
61 coriolanus:3.2
62 coriolanus:3.4
63 julius_caesar:0.0
64 julius_caesar:0.1
64 julius_caesar:0.2
64 julius_caesar:1.0
64 julius_caesar:1.1
64 julius_caesar:1.2
64 julius_caesar:1.3
64 julius_caesar:2.0
64 julius_caesar:2.1
64 julius_caesar:3.1
64 julius_caesar:3.2
64 julius_caesar:4.0
64 julius_caesar:4.2
64 julius_caesar:4.3
64 julius_caesar:4.4
65 julius_caesar:2.2
66 julius_caesar:3.0
66 antony_and_cleopatra:0.3
66 antony_and_cleopatra:1.1
66 antony_and_cleopatra:1.2
66 antony_and_cleopatra:1.3
66 antony_and_cleopatra:2.1
66 antony_and_cleopatra:2.3
66 antony_and_cleopatra:2.5
66 antony_and_cleopatra:2.7
66 antony_and_cleopatra:2.8
66 antony_and_cleopatra:2.11
66 antony_and_cleopatra:3.0
66 antony_and_cleopatra:3.5
66 antony_and_cleopatra:3.10
66 antony_and_cleopatra:4.0
67 julius_caesar:4.1
68 comedy_of_errors:0.0
69 comedy_of_errors:0.1
69 comedy_of_errors:1.0
69 comedy_of_errors:1.1
69 comedy_of_errors:2.0
69 comedy_of_errors:2.1
69 comedy_of_errors:3.0
69 comedy_of_errors:3.1
69 comedy_of_errors:3.2
69 comedy_of_errors:3.3
69 comedy_of_errors:4.0
70 much_ado_about_nothing:0.0
70 much_ado_about_nothing:0.1
70 much_ado_about_nothing:0.2
70 much_ado_about_nothing:1.0
70 much_ado_about_nothing:1.1
70 much_ado_about_nothing:1.2
70 much_ado_about_nothing:2.0
70 much_ado_about_nothing:2.1
70 much_ado_about_nothing:2.3
70 much_ado_about_nothing:3.0
70 much_ado_about_nothing:4.0
70 much_ado_about_nothing:4.1
70 much_ado_about_nothing:4.2
70 much_ado_about_nothing:4.3
71 much_ado_about_nothing:2.2
71 much_ado_about_nothing:2.4
71 much_ado_about_nothing:3.1
72 twelfth_night:0.0
72 twelfth_night:1.3
73 twelfth_night:0.1
73 twelfth_night:0.3
73 twelfth_night:0.4
73 twelfth_night:1.1
73 twelfth_night:2.0
73 twelfth_night:4.0
74 twelfth_night:0.2
74 twelfth_night:1.2
74 twelfth_night:1.4
74 twelfth_night:2.1
74 twelfth_night:2.3
74 twelfth_night:3.0
74 twelfth_night:3.1
75 twelfth_night:1.0
75 twelfth_night:2.2
75 twelfth_night:3.2
75 tempest:0.0
75 tempest:1.0
75 tempest:2.2
75 merchant_of_venice:0.0
76 lear:0.0
76 lear:0.3
76 lear:0.4
76 lear:1.1
76 lear:1.3
76 lear:2.0
76 lear:2.1
76 lear:2.3
76 lear:2.5
76 lear:3.2
76 lear:3.5
76 lear:3.6
76 lear:4.1
76 lear:4.2
77 lear:0.1
77 lear:1.0
77 lear:2.2
77 lear:2.4
77 lear:2.6
77 lear:3.0
77 lear:3.4
77 lear:4.0
78 lear:0.2
78 lear:3.1
79 lear:1.2
80 lear:3.3
81 cymbeline:0.0
81 cymbeline:0.2
81 cymbeline:0.3
81 cymbeline:0.5
81 cymbeline:1.1
81 cymbeline:1.3
81 cymbeline:1.4
81 cymbeline:2.1
81 cymbeline:2.3
81 cymbeline:4.0
81 cymbeline:4.1
81 cymbeline:4.2
81 cymbeline:4.3
81 cymbeline:4.4
82 cymbeline:0.1
82 cymbeline:1.0
82 cymbeline:1.2
82 cymbeline:2.0
82 cymbeline:2.4
82 cymbeline:3.0
82 cymbeline:3.2
83 cymbeline:0.4
84 cymbeline:2.2
84 cymbeline:2.5
84 cymbeline:3.1
84 cymbeline:3.3
85 cymbeline:2.6
86 measure_for_measure:0.0
86 measure_for_measure:0.2
86 measure_for_measure:1.0
86 measure_for_measure:2.1
86 measure_for_measure:3.1
86 measure_for_measure:3.2
86 measure_for_measure:3.3
86 measure_for_measure:3.4
86 measure_for_measure:4.0
87 measure_for_measure:0.1
87 measure_for_measure:0.3
87 measure_for_measure:1.1
87 measure_for_measure:1.3
87 measure_for_measure:2.0
87 measure_for_measure:3.0
87 measure_for_measure:3.5
88 pericles:0.0
88 pericles:0.1
88 pericles:0.2
88 pericles:1.3
88 pericles:4.0
89 pericles:0.3
89 pericles:2.2
89 pericles:3.2
89 pericles:3.3
90 pericles:1.0
91 pericles:1.1
91 pericles:1.2
91 pericles:1.4
92 pericles:2.0
93 pericles:2.1
93 pericles:2.3
93 pericles:4.2
94 pericles:3.0
95 pericles:3.1
95 pericles:3.5
96 pericles:3.4
96 henry_viii:3.0
97 pericles:4.1
98 winters_tale:0.0
98 winters_tale:0.1
98 winters_tale:1.0
98 winters_tale:1.2
98 winters_tale:2.1
98 winters_tale:3.1
98 winters_tale:4.0
98 winters_tale:4.2
99 winters_tale:1.1
100 winters_tale:2.0
101 winters_tale:2.2
102 winters_tale:3.0
103 winters_tale:3.2
103 winters_tale:3.3
103 winters_tale:4.1
104 antony_and_cleopatra:0.0
104 antony_and_cleopatra:0.1
104 antony_and_cleopatra:0.2
104 antony_and_cleopatra:0.4
104 antony_and_cleopatra:1.4
104 antony_and_cleopatra:2.2
104 antony_and_cleopatra:2.6
104 antony_and_cleopatra:2.10
104 antony_and_cleopatra:2.12
104 antony_and_cleopatra:3.1
104 antony_and_cleopatra:3.3
104 antony_and_cleopatra:3.4
104 antony_and_cleopatra:3.7
104 antony_and_cleopatra:3.12
104 antony_and_cleopatra:3.14
104 antony_and_cleopatra:4.1
105 antony_and_cleopatra:1.0
105 antony_and_cleopatra:1.5
105 antony_and_cleopatra:1.6
105 antony_and_cleopatra:2.4
105 antony_and_cleopatra:2.9
106 antony_and_cleopatra:2.0
107 antony_and_cleopatra:3.2
107 antony_and_cleopatra:3.8
108 antony_and_cleopatra:3.6
108 antony_and_cleopatra:3.9
108 antony_and_cleopatra:3.11
108 antony_and_cleopatra:3.13
109 tempest:0.1
109 tempest:2.0
109 tempest:3.0
109 tempest:4.0
110 tempest:1.1
110 tempest:2.1
111 two_gentlemen_of_verona:0.0
111 two_gentlemen_of_verona:0.2
111 two_gentlemen_of_verona:1.0
111 two_gentlemen_of_verona:1.3
111 two_gentlemen_of_verona:1.5
111 two_gentlemen_of_verona:2.1
111 two_gentlemen_of_verona:3.0
111 two_gentlemen_of_verona:3.1
111 two_gentlemen_of_verona:3.3
111 two_gentlemen_of_verona:4.1
111 two_gentlemen_of_verona:4.2
111 two_gentlemen_of_verona:4.3
112 two_gentlemen_of_verona:0.1
112 two_gentlemen_of_verona:1.1
112 two_gentlemen_of_verona:1.6
113 two_gentlemen_of_verona:1.2
113 two_gentlemen_of_verona:1.4
113 two_gentlemen_of_verona:2.0
114 two_gentlemen_of_verona:3.2
114 two_gentlemen_of_verona:4.0
115 merchant_of_venice:0.1
115 merchant_of_venice:1.0
115 merchant_of_venice:1.6
115 merchant_of_venice:1.8
115 merchant_of_venice:2.1
115 merchant_of_venice:2.3
115 merchant_of_venice:3.1
115 merchant_of_venice:4.0
116 merchant_of_venice:0.2
116 merchant_of_venice:1.4
116 merchant_of_venice:2.0
116 merchant_of_venice:2.2
116 merchant_of_venice:3.0
117 merchant_of_venice:1.1
117 merchant_of_venice:1.2
117 merchant_of_venice:1.3
117 merchant_of_venice:2.4
118 merchant_of_venice:1.5
118 merchant_of_venice:1.7
119 henry_viii:0.2
119 henry_viii:0.3
119 henry_viii:1.1
119 henry_viii:1.3
119 henry_viii:2.0
119 henry_viii:2.1
119 henry_viii:4.0
119 henry_viii:4.2
120 henry_viii:3.1
121 henry_viii:4.1
121 henry_viii:4.4
122 henry_viii:4.3
123 midsummer_nights_dream:0.0
123 midsummer_nights_dream:1.1
123 midsummer_nights_dream:2.1
123 midsummer_nights_dream:3.0
123 midsummer_nights_dream:4.0
124 midsummer_nights_dream:0.1
124 midsummer_nights_dream:2.0
124 midsummer_nights_dream:3.1
125 midsummer_nights_dream:1.0
126 as_you_like_it:0.0
126 as_you_like_it:1.2
126 as_you_like_it:1.5
127 as_you_like_it:0.1
127 as_you_like_it:0.2
127 as_you_like_it:1.3
127 as_you_like_it:2.1
127 as_you_like_it:2.3
127 as_you_like_it:3.0
127 as_you_like_it:3.2
127 as_you_like_it:4.1
128 as_you_like_it:1.0
128 as_you_like_it:1.4
128 as_you_like_it:1.6
128 as_you_like_it:3.1
128 as_you_like_it:4.3
129 as_you_like_it:1.1
129 as_you_like_it:2.0
130 as_you_like_it:2.2
130 as_you_like_it:4.0
130 as_you_like_it:4.2
131 as_you_like_it:2.4
132 troilus_and_cressida:0.0
132 troilus_and_cressida:0.1
132 troilus_and_cressida:2.0
132 troilus_and_cressida:2.1
132 troilus_and_cressida:3.1
132 troilus_and_cressida:3.3
132 troilus_and_cressida:4.1
133 troilus_and_cressida:0.2
133 troilus_and_cressida:3.4
133 troilus_and_cressida:4.4
133 troilus_and_cressida:4.7
133 troilus_and_cressida:4.8
134 troilus_and_cressida:1.0
134 troilus_and_cressida:1.2
134 troilus_and_cressida:2.2
134 troilus_and_cressida:4.0
134 troilus_and_cressida:4.3
134 troilus_and_cressida:4.6
135 troilus_and_cressida:1.1
135 troilus_and_cressida:4.2
135 troilus_and_cressida:4.5
135 troilus_and_cressida:4.9
136 troilus_and_cressida:3.0
136 troilus_and_cressida:3.2
137 henry_v:0.0
138 henry_v:0.1
138 henry_v:1.3
138 henry_v:2.4
138 henry_v:2.6
138 henry_v:3.1
138 henry_v:3.2
138 henry_v:3.4
139 henry_v:1.0
139 henry_v:1.2
140 henry_v:1.1
141 henry_v:2.0
142 henry_v:2.1
142 henry_v:2.5
142 henry_v:3.0
142 henry_v:3.6
142 henry_v:3.7
142 henry_v:4.0
143 henry_v:2.2
144 henry_v:2.3
144 henry_v:3.3
144 henry_v:4.1
145 life_and_death_of_king_john:0.0
145 life_and_death_of_king_john:1.0
145 life_and_death_of_king_john:2.0
145 life_and_death_of_king_john:2.1
145 life_and_death_of_king_john:2.2
145 life_and_death_of_king_john:2.3
145 life_and_death_of_king_john:4.0
145 life_and_death_of_king_john:4.1
146 life_and_death_of_king_john:3.0
146 life_and_death_of_king_john:3.1
146 life_and_death_of_king_john:3.2
146 life_and_death_of_king_john:4.2
146 life_and_death_of_king_john:4.3
146 life_and_death_of_king_john:4.5
146 life_and_death_of_king_john:4.6
147 life_and_death_of_king_john:4.4
148 timon_of_athens:0.0
148 timon_of_athens:0.1
148 timon_of_athens:1.1
148 timon_of_athens:2.1
148 timon_of_athens:2.3
148 timon_of_athens:2.5
148 timon_of_athens:3.0
148 timon_of_athens:3.1
148 timon_of_athens:3.2
148 timon_of_athens:4.0
148 timon_of_athens:4.1
148 timon_of_athens:4.2
149 timon_of_athens:1.0
150 timon_of_athens:2.0
151 timon_of_athens:2.2
152 timon_of_athens:2.4
152 timon_of_athens:4.3
