1 othello:0.0
1 othello:0.1
1 othello:0.2
1 othello:1.0
1 othello:1.2
1 othello:2.0
1 othello:2.1
1 othello:2.2
1 othello:2.3
1 othello:3.0
1 othello:3.1
1 othello:3.2
1 othello:4.0
1 othello:4.1
2 othello:1.1
3 henry_iv_part_ii:0.0
3 henry_iv_part_ii:0.2
3 henry_iv_part_ii:1.2
3 henry_iv_part_ii:2.0
3 henry_iv_part_ii:3.0
3 henry_iv_part_ii:3.1
3 henry_iv_part_ii:3.3
3 henry_iv_part_ii:3.4
3 henry_iv_part_ii:4.1
3 richard_ii:0.0
3 richard_ii:0.1
3 richard_ii:0.2
3 richard_ii:0.3
3 richard_ii:1.0
3 richard_ii:1.1
3 richard_ii:1.2
3 richard_ii:2.0
3 richard_ii:2.1
3 richard_ii:2.2
3 richard_ii:2.3
3 richard_ii:3.0
3 richard_ii:4.0
3 richard_ii:4.1
3 richard_ii:4.2
3 richard_ii:4.4
3 richard_ii:4.5
3 henry_vi_part_2:0.0
3 henry_vi_part_2:0.2
3 henry_vi_part_2:1.1
3 henry_vi_part_2:1.2
3 henry_vi_part_2:2.0
3 henry_vi_part_2:2.1
3 henry_vi_part_2:2.2
3 henry_vi_part_2:3.0
3 henry_vi_part_2:3.3
3 henry_vi_part_2:3.8
3 henry_vi_part_2:4.0
3 henry_vi_part_2:4.1
3 henry_vi_part_2:4.2
3 richard_iii:1.3
3 henry_iv_part_i:0.0
3 henry_iv_part_i:0.2
3 henry_iv_part_i:2.1
3 henry_iv_part_i:3.3
3 henry_vi_part_1:0.0
3 henry_vi_part_1:1.3
3 henry_vi_part_1:1.4
3 henry_vi_part_1:2.0
3 henry_vi_part_1:2.3
3 henry_vi_part_1:3.0
3 henry_vi_part_1:4.0
3 henry_vi_part_1:4.2
3 henry_vi_part_1:4.4
3 henry_vi_part_3:0.0
3 henry_vi_part_3:0.1
3 henry_vi_part_3:1.0
3 henry_vi_part_3:1.2
3 henry_vi_part_3:1.4
3 henry_vi_part_3:2.0
3 henry_vi_part_3:2.2
3 henry_vi_part_3:3.2
3 henry_vi_part_3:4.5
3 henry_viii:0.1
3 henry_v:0.1
3 henry_v:1.1
3 henry_v:1.3
3 henry_v:3.0
3 henry_v:3.2
3 henry_v:3.5
4 henry_iv_part_ii:0.1
4 henry_iv_part_ii:1.0
4 henry_iv_part_ii:2.1
4 henry_iv_part_ii:3.2
4 henry_iv_part_ii:4.0
4 henry_iv_part_ii:4.2
4 henry_iv_part_ii:4.4
4 merry_wives_of_windsor:0.0
4 merry_wives_of_windsor:0.2
4 merry_wives_of_windsor:1.0
4 merry_wives_of_windsor:1.1
4 merry_wives_of_windsor:2.1
4 merry_wives_of_windsor:2.2
4 merry_wives_of_windsor:2.4
4 merry_wives_of_windsor:3.1
4 merry_wives_of_windsor:3.3
4 merry_wives_of_windsor:3.4
4 merry_wives_of_windsor:4.0
4 merry_wives_of_windsor:4.2
4 merry_wives_of_windsor:4.4
5 henry_iv_part_ii:1.1
5 henry_iv_part_ii:1.3
5 henry_iv_part_ii:4.3
5 henry_iv_part_i:0.1
5 henry_iv_part_i:1.1
5 henry_iv_part_i:1.3
5 henry_iv_part_i:2.2
5 henry_iv_part_i:3.1
5 henry_iv_part_i:4.0
6 richard_ii:1.3
6 henry_vi_part_1:0.3
7 richard_ii:4.3
8 henry_vi_part_2:0.1
8 henry_vi_part_2:0.3
8 henry_vi_part_2:1.3
9 henry_vi_part_2:1.0
9 richard_iii:0.1
9 richard_iii:0.2
9 richard_iii:1.0
9 richard_iii:1.1
9 richard_iii:2.0
9 richard_iii:2.1
9 richard_iii:2.3
9 richard_iii:2.4
9 richard_iii:2.6
9 richard_iii:3.0
9 richard_iii:3.1
9 richard_iii:3.2
9 richard_iii:3.3
9 richard_iii:4.0
9 richard_iii:4.2
9 richard_iii:4.3
9 henry_vi_part_1:0.2
9 henry_vi_part_3:3.3
9 henry_viii:0.0
10 henry_vi_part_2:3.1
10 henry_vi_part_2:3.2
10 henry_vi_part_2:3.5
10 henry_vi_part_2:3.6
10 henry_vi_part_2:3.7
10 henry_vi_part_2:3.9
11 henry_vi_part_2:3.4
11 richard_iii:1.2
11 coriolanus:0.0
11 coriolanus:0.3
11 coriolanus:0.4
11 coriolanus:0.5
11 coriolanus:0.6
11 coriolanus:0.7
11 coriolanus:0.8
11 coriolanus:1.0
11 coriolanus:1.1
11 coriolanus:1.2
11 coriolanus:2.0
11 coriolanus:2.1
11 coriolanus:2.2
11 coriolanus:3.0
11 coriolanus:3.1
11 coriolanus:3.3
11 coriolanus:3.5
11 coriolanus:4.0
11 coriolanus:4.1
11 coriolanus:4.2
11 coriolanus:4.3
12 merry_wives_of_windsor:0.1
12 merry_wives_of_windsor:0.3
12 merry_wives_of_windsor:1.2
12 merry_wives_of_windsor:2.0
12 merry_wives_of_windsor:2.3
12 merry_wives_of_windsor:3.0
12 merry_wives_of_windsor:3.5
12 merry_wives_of_windsor:4.1
13 merry_wives_of_windsor:3.2
14 merry_wives_of_windsor:4.3
15 richard_iii:0.0
15 richard_iii:0.3
15 henry_vi_part_3:2.1
15 henry_vi_part_3:3.0
15 henry_vi_part_3:3.1
15 henry_vi_part_3:3.4
15 henry_vi_part_3:3.5
15 henry_vi_part_3:3.6
15 henry_vi_part_3:3.7
15 henry_vi_part_3:4.0
15 henry_vi_part_3:4.1
15 henry_vi_part_3:4.2
15 henry_vi_part_3:4.3
15 henry_vi_part_3:4.4
15 henry_vi_part_3:4.6
16 richard_iii:2.2
17 richard_iii:2.5
18 richard_iii:3.4
18 richard_iii:4.4
19 richard_iii:4.1
20 hamlet:0.0
20 hamlet:0.1
20 hamlet:0.3
20 hamlet:0.4
20 hamlet:1.1
20 hamlet:2.0
20 hamlet:2.1
20 hamlet:2.2
20 hamlet:2.3
20 hamlet:3.0
20 hamlet:3.1
20 hamlet:3.2
20 hamlet:3.3
20 hamlet:3.5
20 hamlet:4.0
20 hamlet:4.1
21 hamlet:0.2
21 hamlet:1.0
21 hamlet:3.4
21 hamlet:3.6
22 henry_iv_part_i:1.0
23 henry_iv_part_i:1.2
23 henry_iv_part_i:2.0
23 henry_iv_part_i:3.0
23 henry_iv_part_i:3.2
23 henry_iv_part_i:4.1
23 henry_iv_part_i:4.2
23 henry_iv_part_i:4.3
23 henry_iv_part_i:4.4
24 henry_vi_part_1:0.1
24 henry_vi_part_1:0.4
24 henry_vi_part_1:0.5
24 henry_vi_part_1:1.0
24 henry_vi_part_1:1.1
24 henry_vi_part_1:1.2
24 henry_vi_part_1:2.1
24 henry_vi_part_1:2.2
24 henry_vi_part_1:3.1
24 henry_vi_part_1:3.2
24 henry_vi_part_1:3.3
24 henry_vi_part_1:3.4
24 henry_vi_part_1:3.5
24 henry_vi_part_1:3.6
24 henry_vi_part_1:4.1
24 henry_vi_part_1:4.3
25 taming_of_the_shrew:0.0
25 taming_of_the_shrew:0.1
25 taming_of_the_shrew:1.0
25 taming_of_the_shrew:2.0
25 taming_of_the_shrew:2.1
25 taming_of_the_shrew:3.0
25 taming_of_the_shrew:3.1
25 taming_of_the_shrew:3.2
25 taming_of_the_shrew:3.3
25 taming_of_the_shrew:3.4
25 taming_of_the_shrew:4.0
25 taming_of_the_shrew:4.1
26 alls_well_that_ends_well:0.0
26 alls_well_that_ends_well:0.1
26 alls_well_that_ends_well:0.2
26 alls_well_that_ends_well:1.0
26 alls_well_that_ends_well:1.1
26 alls_well_that_ends_well:1.2
26 alls_well_that_ends_well:1.3
26 alls_well_that_ends_well:1.4
26 alls_well_that_ends_well:2.1
26 alls_well_that_ends_well:2.2
26 alls_well_that_ends_well:2.3
26 alls_well_that_ends_well:2.4
26 alls_well_that_ends_well:2.5
26 alls_well_that_ends_well:2.6
26 alls_well_that_ends_well:3.0
26 alls_well_that_ends_well:3.1
26 alls_well_that_ends_well:3.2
26 alls_well_that_ends_well:3.3
26 alls_well_that_ends_well:3.4
26 alls_well_that_ends_well:4.0
26 alls_well_that_ends_well:4.1
26 alls_well_that_ends_well:4.2
27 alls_well_that_ends_well:2.0
28 loves_labors_lost:0.0
28 loves_labors_lost:1.0
28 loves_labors_lost:3.0
28 loves_labors_lost:3.2
28 loves_labors_lost:4.1
29 loves_labors_lost:0.1
29 loves_labors_lost:2.0
29 loves_labors_lost:4.0
30 loves_labors_lost:3.1
31 henry_vi_part_3:0.2
31 henry_vi_part_3:0.3
31 henry_vi_part_3:1.1
31 henry_vi_part_3:1.3
31 henry_vi_part_3:1.5
32 romeo_and_juliet:0.0
32 romeo_and_juliet:0.1
32 romeo_and_juliet:0.3
32 romeo_and_juliet:1.0
32 romeo_and_juliet:1.3
32 romeo_and_juliet:2.0
33 romeo_and_juliet:0.2
33 romeo_and_juliet:0.4
33 romeo_and_juliet:1.1
33 romeo_and_juliet:1.2
33 romeo_and_juliet:1.4
33 romeo_and_juliet:1.5
33 romeo_and_juliet:2.1
33 romeo_and_juliet:2.2
33 romeo_and_juliet:2.3
33 romeo_and_juliet:2.4
33 romeo_and_juliet:3.0
33 romeo_and_juliet:3.1
33 romeo_and_juliet:3.2
33 romeo_and_juliet:3.3
33 romeo_and_juliet:3.4
33 romeo_and_juliet:4.0
33 romeo_and_juliet:4.1
33 romeo_and_juliet:4.2
33 measure_for_measure:1.2
34 titus_andronicus:0.0
34 titus_andronicus:1.1
34 titus_andronicus:1.2
34 titus_andronicus:2.0
34 titus_andronicus:2.1
34 titus_andronicus:3.0
34 titus_andronicus:3.2
34 titus_andronicus:3.3
34 titus_andronicus:4.1
34 titus_andronicus:4.2
35 titus_andronicus:1.0
35 titus_andronicus:1.3
35 titus_andronicus:3.1
35 titus_andronicus:4.0
36 macbeth:0.0
36 macbeth:0.2
36 macbeth:0.4
36 macbeth:0.6
36 macbeth:1.0
36 macbeth:1.1
36 macbeth:1.2
36 macbeth:2.0
36 macbeth:2.1
36 macbeth:2.2
36 macbeth:2.3
36 macbeth:3.0
36 macbeth:4.0
36 macbeth:4.2
36 macbeth:4.4
36 macbeth:4.6
37 macbeth:0.1
37 macbeth:0.3
37 macbeth:0.5
37 macbeth:1.3
37 macbeth:2.5
37 macbeth:3.1
37 macbeth:3.2
37 macbeth:4.5
37 macbeth:4.7
38 macbeth:2.4
39 macbeth:4.1
39 macbeth:4.3
40 coriolanus:0.1
40 coriolanus:0.9
40 coriolanus:3.2
40 coriolanus:3.6
40 coriolanus:4.5
41 coriolanus:0.2
41 coriolanus:4.4
42 coriolanus:3.4
43 julius_caesar:0.0
44 julius_caesar:0.1
44 julius_caesar:0.2
44 julius_caesar:1.0
44 julius_caesar:1.1
44 julius_caesar:1.2
44 julius_caesar:1.3
44 julius_caesar:2.0
44 julius_caesar:2.1
44 julius_caesar:2.2
44 julius_caesar:3.1
44 julius_caesar:3.2
44 julius_caesar:4.0
44 julius_caesar:4.1
44 julius_caesar:4.2
44 julius_caesar:4.3
44 julius_caesar:4.4
44 antony_and_cleopatra:0.3
45 julius_caesar:3.0
45 antony_and_cleopatra:0.0
45 antony_and_cleopatra:0.1
45 antony_and_cleopatra:0.2
45 antony_and_cleopatra:0.4
45 antony_and_cleopatra:1.1
45 antony_and_cleopatra:1.2
45 antony_and_cleopatra:1.3
45 antony_and_cleopatra:1.4
45 antony_and_cleopatra:2.1
45 antony_and_cleopatra:2.2
45 antony_and_cleopatra:2.3
45 antony_and_cleopatra:2.5
45 antony_and_cleopatra:2.6
45 antony_and_cleopatra:2.8
45 antony_and_cleopatra:2.10
45 antony_and_cleopatra:2.11
45 antony_and_cleopatra:2.12
45 antony_and_cleopatra:3.0
45 antony_and_cleopatra:3.1
45 antony_and_cleopatra:3.3
45 antony_and_cleopatra:3.4
45 antony_and_cleopatra:3.5
45 antony_and_cleopatra:3.6
45 antony_and_cleopatra:3.7
45 antony_and_cleopatra:3.9
45 antony_and_cleopatra:3.11
45 antony_and_cleopatra:3.12
45 antony_and_cleopatra:3.13
45 antony_and_cleopatra:3.14
45 antony_and_cleopatra:4.1
46 comedy_of_errors:0.0
47 comedy_of_errors:0.1
47 comedy_of_errors:1.0
47 comedy_of_errors:1.1
47 comedy_of_errors:2.0
47 comedy_of_errors:2.1
47 comedy_of_errors:3.0
47 comedy_of_errors:3.1
47 comedy_of_errors:3.2
47 comedy_of_errors:3.3
47 comedy_of_errors:4.0
48 much_ado_about_nothing:0.0
48 much_ado_about_nothing:0.1
48 much_ado_about_nothing:0.2
48 much_ado_about_nothing:1.0
48 much_ado_about_nothing:1.1
48 much_ado_about_nothing:1.2
48 much_ado_about_nothing:2.0
48 much_ado_about_nothing:2.1
48 much_ado_about_nothing:2.3
48 much_ado_about_nothing:3.0
48 much_ado_about_nothing:4.0
48 much_ado_about_nothing:4.1
48 much_ado_about_nothing:4.2
48 much_ado_about_nothing:4.3
49 much_ado_about_nothing:2.2
49 much_ado_about_nothing:2.4
49 much_ado_about_nothing:3.1
50 twelfth_night:0.0
50 twelfth_night:1.3
51 twelfth_night:0.1
51 twelfth_night:0.3
51 twelfth_night:0.4
51 twelfth_night:1.1
51 twelfth_night:2.0
51 twelfth_night:4.0
52 twelfth_night:0.2
52 twelfth_night:1.2
52 twelfth_night:1.4
52 twelfth_night:2.1
52 twelfth_night:2.3
52 twelfth_night:3.0
52 twelfth_night:3.1
53 twelfth_night:1.0
53 twelfth_night:2.2
53 twelfth_night:3.2
53 tempest:0.0
53 tempest:1.0
53 tempest:2.2
53 merchant_of_venice:0.0
53 merchant_of_venice:0.2
53 merchant_of_venice:1.7
53 merchant_of_venice:2.0
53 merchant_of_venice:2.2
54 lear:0.0
54 lear:0.3
54 lear:0.4
54 lear:1.1
54 lear:1.3
54 lear:2.0
54 lear:2.1
54 lear:2.3
54 lear:2.5
54 lear:3.2
54 lear:3.5
54 lear:3.6
54 lear:4.1
54 lear:4.2
55 lear:0.1
55 lear:1.0
55 lear:2.2
55 lear:2.4
55 lear:2.6
55 lear:3.0
55 lear:3.4
55 lear:4.0
56 lear:0.2
56 lear:3.1
57 lear:1.2
58 lear:3.3
59 cymbeline:0.0
59 cymbeline:0.2
59 cymbeline:0.3
59 cymbeline:0.5
59 cymbeline:1.1
59 cymbeline:1.3
59 cymbeline:1.4
59 cymbeline:2.1
59 cymbeline:2.3
59 cymbeline:4.0
59 cymbeline:4.1
59 cymbeline:4.2
59 cymbeline:4.3
59 cymbeline:4.4
60 cymbeline:0.1
60 cymbeline:1.0
60 cymbeline:1.2
60 cymbeline:2.0
60 cymbeline:2.4
60 cymbeline:3.0
60 cymbeline:3.2
61 cymbeline:0.4
62 cymbeline:2.2
62 cymbeline:2.5
62 cymbeline:3.1
62 cymbeline:3.3
63 cymbeline:2.6
64 measure_for_measure:0.0
64 measure_for_measure:0.2
64 measure_for_measure:1.0
64 measure_for_measure:2.1
64 measure_for_measure:3.1
64 measure_for_measure:3.2
64 measure_for_measure:3.3
64 measure_for_measure:3.4
64 measure_for_measure:4.0
65 measure_for_measure:0.1
65 measure_for_measure:0.3
65 measure_for_measure:1.1
65 measure_for_measure:1.3
65 measure_for_measure:2.0
65 measure_for_measure:3.0
65 measure_for_measure:3.5
66 pericles:0.0
66 pericles:0.1
66 pericles:0.2
66 pericles:1.3
66 pericles:2.0
66 pericles:4.0
67 pericles:0.3
67 pericles:2.2
67 pericles:3.2
67 pericles:3.3
68 pericles:1.0
69 pericles:1.1
69 pericles:1.2
69 pericles:1.4
70 pericles:2.1
70 pericles:2.3
70 pericles:4.2
71 pericles:3.0
72 pericles:3.1
72 pericles:3.5
73 pericles:3.4
73 henry_viii:1.0
73 henry_viii:3.0
74 pericles:4.1
75 winters_tale:0.0
75 winters_tale:0.1
75 winters_tale:1.0
75 winters_tale:1.2
75 winters_tale:2.1
75 winters_tale:3.1
75 winters_tale:4.0
75 winters_tale:4.2
76 winters_tale:1.1
77 winters_tale:2.0
78 winters_tale:2.2
79 winters_tale:3.0
80 winters_tale:3.2
80 winters_tale:3.3
80 winters_tale:4.1
81 antony_and_cleopatra:1.0
81 antony_and_cleopatra:1.5
81 antony_and_cleopatra:1.6
81 antony_and_cleopatra:2.4
81 antony_and_cleopatra:2.9
82 antony_and_cleopatra:2.0
83 antony_and_cleopatra:2.7
83 antony_and_cleopatra:3.10
83 antony_and_cleopatra:4.0
84 antony_and_cleopatra:3.2
84 antony_and_cleopatra:3.8
85 tempest:0.1
85 tempest:2.0
85 tempest:3.0
85 tempest:4.0
86 tempest:1.1
86 tempest:2.1
87 two_gentlemen_of_verona:0.0
87 two_gentlemen_of_verona:0.2
87 two_gentlemen_of_verona:1.0
87 two_gentlemen_of_verona:1.3
87 two_gentlemen_of_verona:1.5
87 two_gentlemen_of_verona:2.1
87 two_gentlemen_of_verona:3.0
87 two_gentlemen_of_verona:3.1
87 two_gentlemen_of_verona:3.2
87 two_gentlemen_of_verona:3.3
87 two_gentlemen_of_verona:4.0
87 two_gentlemen_of_verona:4.1
87 two_gentlemen_of_verona:4.2
87 two_gentlemen_of_verona:4.3
88 two_gentlemen_of_verona:0.1
88 two_gentlemen_of_verona:1.1
88 two_gentlemen_of_verona:1.6
89 two_gentlemen_of_verona:1.2
89 two_gentlemen_of_verona:1.4
89 two_gentlemen_of_verona:2.0
90 merchant_of_venice:0.1
90 merchant_of_venice:1.0
90 merchant_of_venice:1.6
90 merchant_of_venice:1.8
90 merchant_of_venice:2.1
90 merchant_of_venice:2.3
90 merchant_of_venice:3.0
90 merchant_of_venice:3.1
90 merchant_of_venice:4.0
91 merchant_of_venice:1.1
91 merchant_of_venice:1.2
91 merchant_of_venice:1.3
91 merchant_of_venice:1.4
91 merchant_of_venice:1.5
91 merchant_of_venice:2.4
92 henry_viii:0.2
92 henry_viii:0.3
92 henry_viii:1.1
92 henry_viii:1.2
92 henry_viii:1.3
92 henry_viii:2.0
92 henry_viii:2.1
92 henry_viii:4.0
92 henry_viii:4.2
93 henry_viii:3.1
94 henry_viii:4.1
94 henry_viii:4.4
95 henry_viii:4.3
96 midsummer_nights_dream:0.0
96 midsummer_nights_dream:1.0
96 midsummer_nights_dream:1.1
96 midsummer_nights_dream:2.1
96 midsummer_nights_dream:3.0
96 midsummer_nights_dream:4.0
97 midsummer_nights_dream:0.1
97 midsummer_nights_dream:2.0
97 midsummer_nights_dream:3.1
98 as_you_like_it:0.0
98 as_you_like_it:0.1
98 as_you_like_it:0.2
98 as_you_like_it:1.1
98 as_you_like_it:1.3
98 as_you_like_it:2.0
98 as_you_like_it:2.1
98 as_you_like_it:2.3
98 as_you_like_it:2.4
98 as_you_like_it:3.0
98 as_you_like_it:3.2
98 as_you_like_it:4.1
98 as_you_like_it:4.3
99 as_you_like_it:1.0
99 as_you_like_it:1.4
99 as_you_like_it:1.6
99 as_you_like_it:3.1
100 as_you_like_it:1.2
100 as_you_like_it:1.5
101 as_you_like_it:2.2
101 as_you_like_it:4.0
101 as_you_like_it:4.2
102 troilus_and_cressida:0.0
102 troilus_and_cressida:0.1
102 troilus_and_cressida:1.1
102 troilus_and_cressida:2.0
102 troilus_and_cressida:2.1
102 troilus_and_cressida:3.1
102 troilus_and_cressida:3.2
102 troilus_and_cressida:3.3
102 troilus_and_cressida:4.1
102 troilus_and_cressida:4.2
102 troilus_and_cressida:4.5
102 troilus_and_cressida:4.9
103 troilus_and_cressida:0.2
103 troilus_and_cressida:3.0
103 troilus_and_cressida:3.4
103 troilus_and_cressida:4.4
103 troilus_and_cressida:4.7
103 troilus_and_cressida:4.8
104 troilus_and_cressida:1.0
104 troilus_and_cressida:1.2
104 troilus_and_cressida:2.2
104 troilus_and_cressida:4.0
104 troilus_and_cressida:4.3
104 troilus_and_cressida:4.6
105 henry_v:0.0
106 henry_v:1.0
106 henry_v:1.2
107 henry_v:2.0
108 henry_v:2.1
108 henry_v:2.5
108 henry_v:3.6
108 henry_v:3.7
108 henry_v:4.0
109 henry_v:2.2
110 henry_v:2.3
110 henry_v:3.3
110 henry_v:4.1
111 henry_v:2.4
111 henry_v:2.6
111 henry_v:3.1
111 henry_v:3.4
112 life_and_death_of_king_john:0.0
112 life_and_death_of_king_john:1.0
112 life_and_death_of_king_john:2.0
112 life_and_death_of_king_john:2.1
112 life_and_death_of_king_john:2.2
112 life_and_death_of_king_john:2.3
112 life_and_death_of_king_john:3.0
112 life_and_death_of_king_john:3.1
112 life_and_death_of_king_john:3.2
112 life_and_death_of_king_john:4.0
112 life_and_death_of_king_john:4.1
112 life_and_death_of_king_john:4.2
112 life_and_death_of_king_john:4.3
112 life_and_death_of_king_john:4.5
112 life_and_death_of_king_john:4.6
113 life_and_death_of_king_john:4.4
114 timon_of_athens:0.0
114 timon_of_athens:0.1
114 timon_of_athens:1.0
114 timon_of_athens:1.1
114 timon_of_athens:2.1
114 timon_of_athens:2.3
114 timon_of_athens:2.5
114 timon_of_athens:3.0
114 timon_of_athens:3.1
114 timon_of_athens:3.2
114 timon_of_athens:4.0
114 timon_of_athens:4.1
114 timon_of_athens:4.2
115 timon_of_athens:2.0
116 timon_of_athens:2.2
117 timon_of_athens:2.4
117 timon_of_athens:4.3
