1 othello:0.0
1 othello:0.1
1 othello:0.2
1 othello:1.0
1 othello:1.2
1 othello:2.0
1 othello:2.1
1 othello:2.2
1 othello:2.3
1 othello:3.0
1 othello:3.1
1 othello:4.0
1 othello:4.1
2 othello:1.1
3 othello:3.2
4 henry_iv_part_ii:0.0
5 henry_iv_part_ii:0.1
5 henry_iv_part_ii:1.0
5 henry_iv_part_ii:4.4
6 henry_iv_part_ii:0.2
7 henry_iv_part_ii:1.1
7 henry_iv_part_i:0.1
7 henry_iv_part_i:1.1
7 henry_iv_part_i:1.3
7 henry_iv_part_i:2.2
8 henry_iv_part_ii:1.2
9 henry_iv_part_ii:1.3
9 henry_iv_part_ii:4.3
10 henry_iv_part_ii:2.0
11 henry_iv_part_ii:2.1
12 henry_iv_part_ii:3.0
12 henry_iv_part_ii:3.1
13 henry_iv_part_ii:3.2
14 henry_iv_part_ii:3.3
14 henry_iv_part_ii:3.4
15 henry_iv_part_ii:4.0
15 henry_iv_part_ii:4.2
16 henry_iv_part_ii:4.1
17 richard_ii:0.0
17 richard_ii:0.2
18 richard_ii:0.1
19 richard_ii:0.3
20 richard_ii:1.0
21 richard_ii:1.1
22 richard_ii:1.2
23 richard_ii:1.3
24 richard_ii:2.0
25 richard_ii:2.1
25 richard_ii:2.2
25 richard_ii:3.0
26 richard_ii:2.3
27 richard_ii:4.0
28 richard_ii:4.1
28 richard_ii:4.2
28 richard_iii:1.3
29 richard_ii:4.3
30 richard_ii:4.4
31 richard_ii:4.5
32 henry_vi_part_2:0.0
32 henry_vi_part_2:0.2
32 henry_vi_part_2:2.0
32 henry_vi_part_2:2.1
32 henry_vi_part_1:4.2
32 henry_vi_part_1:4.4
33 henry_vi_part_2:0.1
34 henry_vi_part_2:0.3
35 henry_vi_part_2:1.0
36 henry_vi_part_2:1.1
37 henry_vi_part_2:1.2
38 henry_vi_part_2:1.3
39 henry_vi_part_2:2.2
40 henry_vi_part_2:3.0
41 henry_vi_part_2:3.1
41 henry_vi_part_2:3.2
41 henry_vi_part_2:3.5
41 henry_vi_part_2:3.6
41 henry_vi_part_2:3.7
42 henry_vi_part_2:3.3
43 henry_vi_part_2:3.4
44 henry_vi_part_2:3.8
44 henry_vi_part_2:4.0
44 henry_vi_part_2:4.1
44 henry_vi_part_3:0.0
44 henry_vi_part_3:0.3
44 henry_vi_part_3:1.0
44 henry_vi_part_3:1.1
44 henry_vi_part_3:1.5
45 henry_vi_part_2:3.9
46 henry_vi_part_2:4.2
47 merry_wives_of_windsor:0.0
47 merry_wives_of_windsor:0.1
47 merry_wives_of_windsor:2.0
47 merry_wives_of_windsor:2.3
47 merry_wives_of_windsor:3.0
48 merry_wives_of_windsor:0.2
48 henry_v:1.0
48 henry_v:1.2
49 merry_wives_of_windsor:0.3
49 merry_wives_of_windsor:1.2
50 merry_wives_of_windsor:1.0
50 merry_wives_of_windsor:1.1
50 merry_wives_of_windsor:2.1
50 merry_wives_of_windsor:2.2
50 merry_wives_of_windsor:2.4
50 merry_wives_of_windsor:3.1
50 merry_wives_of_windsor:3.3
50 merry_wives_of_windsor:4.0
50 merry_wives_of_windsor:4.2
50 merry_wives_of_windsor:4.4
51 merry_wives_of_windsor:3.2
52 merry_wives_of_windsor:3.4
53 merry_wives_of_windsor:3.5
54 merry_wives_of_windsor:4.1
55 merry_wives_of_windsor:4.3
56 richard_iii:0.0
57 richard_iii:0.1
57 henry_viii:1.2
58 richard_iii:0.2
58 richard_iii:1.0
59 richard_iii:0.3
59 macbeth:2.2
60 richard_iii:1.1
61 richard_iii:1.2
61 coriolanus:1.2
61 coriolanus:3.3
61 julius_caesar:2.1
61 julius_caesar:2.2
62 richard_iii:2.0
62 richard_iii:2.4
62 richard_iii:2.6
63 richard_iii:2.1
63 richard_iii:2.3
64 richard_iii:2.2
65 richard_iii:2.5
66 richard_iii:3.0
66 richard_iii:3.3
67 richard_iii:3.1
67 richard_iii:3.2
68 richard_iii:3.4
69 richard_iii:4.0
70 richard_iii:4.1
71 richard_iii:4.2
72 richard_iii:4.3
73 richard_iii:4.4
74 hamlet:0.0
74 hamlet:0.1
74 hamlet:0.3
74 hamlet:0.4
74 hamlet:3.5
74 hamlet:4.0
74 hamlet:4.1
75 hamlet:0.2
75 hamlet:3.4
75 hamlet:3.6
76 hamlet:1.0
77 hamlet:1.1
77 hamlet:2.0
77 hamlet:2.1
77 hamlet:2.3
77 hamlet:3.0
77 hamlet:3.1
77 hamlet:3.2
77 hamlet:3.3
78 hamlet:2.2
79 henry_iv_part_i:0.0
80 henry_iv_part_i:0.2
80 henry_iv_part_i:2.0
80 henry_iv_part_i:3.0
80 henry_iv_part_i:3.2
80 henry_iv_part_i:4.1
81 henry_iv_part_i:1.0
82 henry_iv_part_i:1.2
83 henry_iv_part_i:2.1
84 henry_iv_part_i:3.1
85 henry_iv_part_i:3.3
86 henry_iv_part_i:4.0
86 henry_iv_part_i:4.4
87 henry_iv_part_i:4.2
87 henry_iv_part_i:4.3
88 henry_vi_part_1:0.0
89 henry_vi_part_1:0.1
89 henry_vi_part_1:0.5
89 henry_vi_part_1:1.0
89 henry_vi_part_1:2.1
89 henry_vi_part_1:2.2
89 henry_vi_part_1:4.1
89 henry_vi_part_1:4.3
90 henry_vi_part_1:0.2
90 henry_vi_part_1:2.0
90 henry_vi_part_1:4.0
91 henry_vi_part_1:0.3
92 henry_vi_part_1:0.4
93 henry_vi_part_1:1.1
93 henry_vi_part_1:3.4
93 henry_vi_part_1:3.5
93 henry_vi_part_1:3.6
94 henry_vi_part_1:1.2
95 henry_vi_part_1:1.3
96 henry_vi_part_1:1.4
97 henry_vi_part_1:2.3
97 henry_vi_part_1:3.0
98 henry_vi_part_1:3.1
99 henry_vi_part_1:3.2
99 henry_vi_part_1:3.3
100 taming_of_the_shrew:0.0
100 taming_of_the_shrew:0.1
100 taming_of_the_shrew:1.0
100 taming_of_the_shrew:2.1
100 taming_of_the_shrew:3.1
100 taming_of_the_shrew:3.3
100 taming_of_the_shrew:3.4
100 taming_of_the_shrew:4.0
100 taming_of_the_shrew:4.1
101 taming_of_the_shrew:2.0
102 taming_of_the_shrew:3.0
102 taming_of_the_shrew:3.2
103 alls_well_that_ends_well:0.0
103 alls_well_that_ends_well:1.0
103 alls_well_that_ends_well:1.2
103 alls_well_that_ends_well:1.3
103 alls_well_that_ends_well:1.4
103 alls_well_that_ends_well:2.5
103 alls_well_that_ends_well:3.2
103 alls_well_that_ends_well:4.1
104 alls_well_that_ends_well:0.1
105 alls_well_that_ends_well:0.2
105 alls_well_that_ends_well:1.1
105 alls_well_that_ends_well:2.1
106 alls_well_that_ends_well:2.0
107 alls_well_that_ends_well:2.2
108 alls_well_that_ends_well:2.3
109 alls_well_that_ends_well:2.4
109 alls_well_that_ends_well:3.3
109 alls_well_that_ends_well:4.0
110 alls_well_that_ends_well:2.6
111 alls_well_that_ends_well:3.0
112 alls_well_that_ends_well:3.1
112 alls_well_that_ends_well:4.2
113 alls_well_that_ends_well:3.4
114 loves_labors_lost:0.0
114 loves_labors_lost:3.2
115 loves_labors_lost:0.1
115 loves_labors_lost:2.0
115 loves_labors_lost:4.0
116 loves_labors_lost:1.0
116 loves_labors_lost:3.0
116 loves_labors_lost:4.1
117 loves_labors_lost:3.1
118 henry_vi_part_3:0.1
119 henry_vi_part_3:0.2
119 henry_vi_part_3:1.3
120 henry_vi_part_3:1.2
121 henry_vi_part_3:1.4
122 henry_vi_part_3:2.0
123 henry_vi_part_3:2.1
123 henry_vi_part_3:3.0
123 henry_vi_part_3:3.6
123 henry_vi_part_3:4.4
123 henry_vi_part_3:4.6
124 henry_vi_part_3:2.2
125 henry_vi_part_3:3.1
125 henry_vi_part_3:3.5
125 henry_vi_part_3:3.7
125 henry_vi_part_3:4.0
125 henry_vi_part_3:4.1
126 henry_vi_part_3:3.2
127 henry_vi_part_3:3.3
128 henry_vi_part_3:3.4
129 henry_vi_part_3:4.2
130 henry_vi_part_3:4.3
131 henry_vi_part_3:4.5
132 romeo_and_juliet:0.0
133 romeo_and_juliet:0.1
134 romeo_and_juliet:0.2
134 romeo_and_juliet:0.4
134 romeo_and_juliet:1.1
134 romeo_and_juliet:1.4
134 romeo_and_juliet:2.1
134 romeo_and_juliet:2.4
134 romeo_and_juliet:3.1
134 romeo_and_juliet:3.2
134 romeo_and_juliet:3.3
135 romeo_and_juliet:0.3
135 romeo_and_juliet:1.0
135 romeo_and_juliet:1.3
135 romeo_and_juliet:2.0
136 romeo_and_juliet:1.2
136 romeo_and_juliet:1.5
136 romeo_and_juliet:2.2
136 romeo_and_juliet:3.0
136 romeo_and_juliet:4.1
136 romeo_and_juliet:4.2
137 romeo_and_juliet:2.3
138 romeo_and_juliet:3.4
139 romeo_and_juliet:4.0
140 titus_andronicus:0.0
140 titus_andronicus:1.1
140 titus_andronicus:1.2
140 titus_andronicus:2.0
140 titus_andronicus:2.1
140 titus_andronicus:3.0
140 titus_andronicus:3.2
140 titus_andronicus:3.3
140 titus_andronicus:4.1
140 titus_andronicus:4.2
141 titus_andronicus:1.0
141 titus_andronicus:3.1
142 titus_andronicus:1.3
143 titus_andronicus:4.0
144 macbeth:0.0
145 macbeth:0.1
146 macbeth:0.2
146 macbeth:0.4
146 macbeth:0.6
146 macbeth:1.0
146 macbeth:1.1
146 macbeth:1.2
146 macbeth:2.0
146 macbeth:2.1
146 macbeth:2.3
146 macbeth:3.0
146 macbeth:4.2
147 macbeth:0.3
147 macbeth:0.5
148 macbeth:1.3
148 macbeth:3.1
148 macbeth:3.2
148 macbeth:4.5
148 macbeth:4.7
149 macbeth:2.4
150 macbeth:2.5
151 macbeth:4.0
152 macbeth:4.1
152 macbeth:4.3
153 macbeth:4.4
154 macbeth:4.6
155 coriolanus:0.0
155 coriolanus:1.0
155 coriolanus:1.1
155 coriolanus:2.0
155 coriolanus:2.1
155 coriolanus:2.2
155 coriolanus:3.0
155 coriolanus:3.1
155 coriolanus:3.5
155 coriolanus:4.0
155 coriolanus:4.1
155 coriolanus:4.3
156 coriolanus:0.1
156 coriolanus:4.5
157 coriolanus:0.2
158 coriolanus:0.3
158 coriolanus:0.4
158 coriolanus:0.5
158 coriolanus:0.6
158 coriolanus:0.7
158 coriolanus:0.8
159 coriolanus:0.9
160 coriolanus:3.2
161 coriolanus:3.4
162 coriolanus:3.6
163 coriolanus:4.2
164 coriolanus:4.4
165 julius_caesar:0.0
166 julius_caesar:0.1
166 julius_caesar:0.2
166 julius_caesar:1.0
166 julius_caesar:1.1
166 julius_caesar:1.2
166 julius_caesar:2.0
166 julius_caesar:3.1
166 julius_caesar:3.2
166 julius_caesar:4.0
166 julius_caesar:4.2
166 julius_caesar:4.3
167 julius_caesar:1.3
168 julius_caesar:3.0
168 antony_and_cleopatra:0.3
168 antony_and_cleopatra:1.1
168 antony_and_cleopatra:1.3
168 antony_and_cleopatra:1.5
168 antony_and_cleopatra:1.6
168 antony_and_cleopatra:2.1
168 antony_and_cleopatra:2.4
168 antony_and_cleopatra:2.6
168 antony_and_cleopatra:2.9
168 antony_and_cleopatra:3.1
168 antony_and_cleopatra:3.5
168 antony_and_cleopatra:3.8
169 julius_caesar:4.1
170 julius_caesar:4.4
171 comedy_of_errors:0.0
172 comedy_of_errors:0.1
172 comedy_of_errors:1.1
172 comedy_of_errors:2.0
172 comedy_of_errors:2.1
172 comedy_of_errors:3.0
172 comedy_of_errors:3.2
172 comedy_of_errors:3.3
172 comedy_of_errors:4.0
173 comedy_of_errors:1.0
173 comedy_of_errors:3.1
174 much_ado_about_nothing:0.0
174 much_ado_about_nothing:1.0
174 much_ado_about_nothing:1.2
174 much_ado_about_nothing:2.1
174 much_ado_about_nothing:3.0
174 much_ado_about_nothing:4.0
174 much_ado_about_nothing:4.2
174 much_ado_about_nothing:4.3
175 much_ado_about_nothing:0.1
176 much_ado_about_nothing:0.2
176 much_ado_about_nothing:1.1
177 much_ado_about_nothing:2.0
177 much_ado_about_nothing:2.3
177 much_ado_about_nothing:4.1
178 much_ado_about_nothing:2.2
178 much_ado_about_nothing:2.4
178 much_ado_about_nothing:3.1
179 twelfth_night:0.0
180 twelfth_night:0.1
180 twelfth_night:0.3
180 twelfth_night:1.3
181 twelfth_night:0.2
181 twelfth_night:1.2
181 twelfth_night:1.4
181 twelfth_night:2.1
181 twelfth_night:2.3
181 twelfth_night:3.0
182 twelfth_night:0.4
182 twelfth_night:1.1
182 twelfth_night:2.0
182 twelfth_night:4.0
183 twelfth_night:1.0
183 twelfth_night:2.2
183 tempest:1.0
183 tempest:2.2
184 twelfth_night:3.1
185 twelfth_night:3.2
186 lear:0.0
186 lear:0.3
186 lear:0.4
186 lear:1.3
186 lear:2.1
186 lear:2.3
186 lear:2.5
186 lear:3.6
187 lear:0.1
187 lear:1.0
187 lear:2.2
187 lear:2.4
187 lear:2.6
187 lear:4.0
187 lear:4.2
188 lear:0.2
188 lear:3.1
189 lear:1.1
190 lear:1.2
191 lear:2.0
191 lear:3.2
192 lear:3.0
192 lear:3.5
192 lear:4.1
193 lear:3.3
194 lear:3.4
195 cymbeline:0.0
195 cymbeline:4.4
196 cymbeline:0.1
196 cymbeline:1.0
196 cymbeline:1.2
196 cymbeline:2.4
197 cymbeline:0.2
197 cymbeline:2.1
197 cymbeline:2.3
198 cymbeline:0.3
198 cymbeline:1.3
198 cymbeline:4.1
198 cymbeline:4.2
198 cymbeline:4.3
199 cymbeline:0.4
200 cymbeline:0.5
201 cymbeline:1.1
202 cymbeline:1.4
203 cymbeline:2.0
204 cymbeline:2.2
204 cymbeline:2.5
204 cymbeline:3.1
204 cymbeline:3.3
205 cymbeline:2.6
206 cymbeline:3.0
207 cymbeline:3.2
208 cymbeline:4.0
209 measure_for_measure:0.0
209 measure_for_measure:3.3
210 measure_for_measure:0.1
210 measure_for_measure:2.1
211 measure_for_measure:0.2
212 measure_for_measure:0.3
212 measure_for_measure:1.1
212 measure_for_measure:1.3
212 measure_for_measure:2.0
213 measure_for_measure:1.0
214 measure_for_measure:1.2
214 measure_for_measure:3.1
214 measure_for_measure:3.2
214 measure_for_measure:4.0
215 measure_for_measure:3.0
215 measure_for_measure:3.5
216 measure_for_measure:3.4
217 pericles:0.0
218 pericles:0.1
218 pericles:4.0
219 pericles:0.2
220 pericles:0.3
220 pericles:2.2
220 pericles:3.2
220 pericles:3.3
221 pericles:1.0
222 pericles:1.1
222 pericles:1.2
222 pericles:1.4
223 pericles:1.3
224 pericles:2.0
225 pericles:2.1
225 pericles:2.3
225 pericles:4.2
226 pericles:3.0
227 pericles:3.1
227 pericles:3.5
228 pericles:3.4
229 pericles:4.1
230 winters_tale:0.0
231 winters_tale:0.1
231 winters_tale:1.0
231 winters_tale:1.2
231 winters_tale:2.1
231 winters_tale:4.0
231 winters_tale:4.2
232 winters_tale:1.1
233 winters_tale:2.0
234 winters_tale:2.2
235 winters_tale:3.0
236 winters_tale:3.1
237 winters_tale:3.2
237 winters_tale:3.3
237 winters_tale:4.1
238 antony_and_cleopatra:0.0
238 antony_and_cleopatra:0.2
238 antony_and_cleopatra:0.4
238 antony_and_cleopatra:1.4
238 antony_and_cleopatra:2.2
238 antony_and_cleopatra:2.10
238 antony_and_cleopatra:2.12
238 antony_and_cleopatra:3.3
238 antony_and_cleopatra:3.12
238 antony_and_cleopatra:3.14
238 antony_and_cleopatra:4.1
239 antony_and_cleopatra:0.1
240 antony_and_cleopatra:1.0
241 antony_and_cleopatra:1.2
242 antony_and_cleopatra:2.0
243 antony_and_cleopatra:2.3
244 antony_and_cleopatra:2.5
244 antony_and_cleopatra:3.0
244 antony_and_cleopatra:3.10
244 antony_and_cleopatra:4.0
245 antony_and_cleopatra:2.7
246 antony_and_cleopatra:2.8
247 antony_and_cleopatra:2.11
248 antony_and_cleopatra:3.2
249 antony_and_cleopatra:3.4
249 antony_and_cleopatra:3.13
250 antony_and_cleopatra:3.6
250 antony_and_cleopatra:3.9
251 antony_and_cleopatra:3.7
252 antony_and_cleopatra:3.11
253 tempest:0.0
254 tempest:0.1
254 tempest:2.0
254 tempest:3.0
254 tempest:4.0
255 tempest:1.1
255 tempest:2.1
256 two_gentlemen_of_verona:0.0
256 two_gentlemen_of_verona:2.1
256 two_gentlemen_of_verona:3.1
256 two_gentlemen_of_verona:3.3
256 two_gentlemen_of_verona:4.1
256 two_gentlemen_of_verona:4.3
257 two_gentlemen_of_verona:0.1
257 two_gentlemen_of_verona:1.1
257 two_gentlemen_of_verona:1.6
258 two_gentlemen_of_verona:0.2
259 two_gentlemen_of_verona:1.0
259 two_gentlemen_of_verona:1.3
259 two_gentlemen_of_verona:1.5
260 two_gentlemen_of_verona:1.2
260 two_gentlemen_of_verona:1.4
260 two_gentlemen_of_verona:2.0
261 two_gentlemen_of_verona:3.0
261 two_gentlemen_of_verona:4.2
262 two_gentlemen_of_verona:3.2
262 two_gentlemen_of_verona:4.0
263 merchant_of_venice:0.0
263 merchant_of_venice:1.7
264 merchant_of_venice:0.1
264 merchant_of_venice:1.8
264 merchant_of_venice:2.3
264 merchant_of_venice:3.1
264 merchant_of_venice:4.0
265 merchant_of_venice:0.2
265 merchant_of_venice:2.0
265 merchant_of_venice:2.2
265 merchant_of_venice:3.0
266 merchant_of_venice:1.0
267 merchant_of_venice:1.1
267 merchant_of_venice:1.2
268 merchant_of_venice:1.3
268 merchant_of_venice:1.5
268 merchant_of_venice:2.4
269 merchant_of_venice:1.4
270 merchant_of_venice:1.6
271 merchant_of_venice:2.1
272 henry_viii:0.0
273 henry_viii:0.1
273 henry_viii:1.3
273 henry_viii:2.0
274 henry_viii:0.2
274 henry_viii:0.3
274 henry_viii:1.1
274 henry_viii:2.1
275 henry_viii:1.0
275 henry_viii:3.0
276 henry_viii:3.1
277 henry_viii:4.0
278 henry_viii:4.1
279 henry_viii:4.2
280 henry_viii:4.3
281 henry_viii:4.4
282 midsummer_nights_dream:0.0
282 midsummer_nights_dream:1.1
282 midsummer_nights_dream:2.1
282 midsummer_nights_dream:3.0
283 midsummer_nights_dream:0.1
283 midsummer_nights_dream:2.0
283 midsummer_nights_dream:3.1
284 midsummer_nights_dream:1.0
285 midsummer_nights_dream:4.0
286 as_you_like_it:0.0
287 as_you_like_it:0.1
287 as_you_like_it:0.2
287 as_you_like_it:2.1
287 as_you_like_it:2.3
287 as_you_like_it:3.0
287 as_you_like_it:3.2
287 as_you_like_it:4.1
287 as_you_like_it:4.3
288 as_you_like_it:1.0
289 as_you_like_it:1.1
290 as_you_like_it:1.2
291 as_you_like_it:1.3
292 as_you_like_it:1.4
293 as_you_like_it:1.5
294 as_you_like_it:1.6
295 as_you_like_it:2.0
296 as_you_like_it:2.2
296 as_you_like_it:4.0
297 as_you_like_it:2.4
298 as_you_like_it:3.1
299 as_you_like_it:4.2
300 troilus_and_cressida:0.0
300 troilus_and_cressida:0.1
300 troilus_and_cressida:2.0
300 troilus_and_cressida:2.1
300 troilus_and_cressida:3.1
300 troilus_and_cressida:3.3
300 troilus_and_cressida:4.1
301 troilus_and_cressida:0.2
301 troilus_and_cressida:3.4
301 troilus_and_cressida:4.4
301 troilus_and_cressida:4.8
302 troilus_and_cressida:1.0
302 troilus_and_cressida:1.2
302 troilus_and_cressida:2.2
302 troilus_and_cressida:4.0
303 troilus_and_cressida:1.1
303 troilus_and_cressida:4.2
304 troilus_and_cressida:3.0
305 troilus_and_cressida:3.2
305 troilus_and_cressida:4.5
306 troilus_and_cressida:4.3
307 troilus_and_cressida:4.6
308 troilus_and_cressida:4.7
309 troilus_and_cressida:4.9
310 henry_v:0.0
311 henry_v:0.1
312 henry_v:1.1
313 henry_v:1.3
314 henry_v:2.0
315 henry_v:2.1
316 henry_v:2.2
317 henry_v:2.3
318 henry_v:2.4
319 henry_v:2.5
319 henry_v:3.6
319 henry_v:3.7
319 henry_v:4.0
320 henry_v:2.6
320 henry_v:3.1
320 henry_v:3.4
321 henry_v:3.0
322 henry_v:3.2
323 henry_v:3.3
324 henry_v:3.5
325 henry_v:4.1
326 life_and_death_of_king_john:0.0
327 life_and_death_of_king_john:1.0
327 life_and_death_of_king_john:2.0
327 life_and_death_of_king_john:2.3
328 life_and_death_of_king_john:2.1
329 life_and_death_of_king_john:2.2
329 life_and_death_of_king_john:3.0
329 life_and_death_of_king_john:3.1
329 life_and_death_of_king_john:3.2
329 life_and_death_of_king_john:4.5
330 life_and_death_of_king_john:4.0
331 life_and_death_of_king_john:4.1
332 life_and_death_of_king_john:4.2
333 life_and_death_of_king_john:4.3
334 life_and_death_of_king_john:4.4
335 life_and_death_of_king_john:4.6
336 timon_of_athens:0.0
336 timon_of_athens:0.1
336 timon_of_athens:1.1
336 timon_of_athens:2.5
336 timon_of_athens:3.2
336 timon_of_athens:4.0
336 timon_of_athens:4.1
336 timon_of_athens:4.2
337 timon_of_athens:1.0
338 timon_of_athens:2.0
339 timon_of_athens:2.1
340 timon_of_athens:2.2
341 timon_of_athens:2.3
342 timon_of_athens:2.4
343 timon_of_athens:3.0
344 timon_of_athens:3.1
345 timon_of_athens:4.3
