1 othello:0.0
1 othello:0.1
1 othello:0.2
1 othello:1.0
1 othello:1.1
1 othello:1.2
1 othello:2.0
1 othello:2.1
1 othello:2.2
1 othello:2.3
1 othello:3.0
1 othello:3.1
1 othello:3.2
1 othello:4.0
1 othello:4.1
1 winters_tale:1.1
2 henry_iv_part_ii:0.0
2 henry_iv_part_ii:0.2
2 henry_iv_part_ii:1.2
2 henry_iv_part_ii:2.0
2 henry_iv_part_ii:3.0
2 henry_iv_part_ii:3.1
2 henry_iv_part_ii:3.3
2 henry_iv_part_ii:3.4
2 henry_iv_part_ii:4.1
2 richard_ii:0.0
2 richard_ii:0.1
2 richard_ii:0.2
2 richard_ii:0.3
2 richard_ii:1.0
2 richard_ii:1.1
2 richard_ii:1.2
2 richard_ii:1.3
2 richard_ii:2.0
2 richard_ii:2.1
2 richard_ii:2.2
2 richard_ii:2.3
2 richard_ii:3.0
2 richard_ii:4.0
2 richard_ii:4.1
2 richard_ii:4.2
2 richard_ii:4.4
2 richard_ii:4.5
2 henry_vi_part_2:0.0
2 henry_vi_part_2:0.1
2 henry_vi_part_2:0.2
2 henry_vi_part_2:0.3
2 henry_vi_part_2:1.0
2 henry_vi_part_2:1.1
2 henry_vi_part_2:1.2
2 henry_vi_part_2:1.3
2 henry_vi_part_2:2.0
2 henry_vi_part_2:2.1
2 henry_vi_part_2:2.2
2 henry_vi_part_2:3.0
2 henry_vi_part_2:3.3
2 henry_vi_part_2:3.8
2 henry_vi_part_2:4.0
2 henry_vi_part_2:4.1
2 henry_vi_part_2:4.2
2 richard_iii:0.0
2 richard_iii:0.1
2 richard_iii:0.2
2 richard_iii:0.3
2 richard_iii:1.0
2 richard_iii:1.1
2 richard_iii:1.3
2 richard_iii:2.0
2 richard_iii:2.1
2 richard_iii:2.2
2 richard_iii:2.3
2 richard_iii:2.4
2 richard_iii:2.6
2 richard_iii:3.0
2 richard_iii:3.1
2 richard_iii:3.2
2 richard_iii:3.3
2 richard_iii:4.0
2 richard_iii:4.2
2 richard_iii:4.3
2 henry_iv_part_i:0.0
2 henry_iv_part_i:0.2
2 henry_iv_part_i:1.2
2 henry_iv_part_i:2.0
2 henry_iv_part_i:2.1
2 henry_iv_part_i:3.0
2 henry_iv_part_i:3.2
2 henry_iv_part_i:3.3
2 henry_iv_part_i:4.0
2 henry_iv_part_i:4.1
2 henry_iv_part_i:4.3
2 henry_iv_part_i:4.4
2 henry_vi_part_1:0.0
2 henry_vi_part_1:0.1
2 henry_vi_part_1:0.2
2 henry_vi_part_1:0.3
2 henry_vi_part_1:1.3
2 henry_vi_part_1:1.4
2 henry_vi_part_1:2.0
2 henry_vi_part_1:2.3
2 henry_vi_part_1:3.0
2 henry_vi_part_1:4.0
2 henry_vi_part_1:4.2
2 henry_vi_part_1:4.4
2 alls_well_that_ends_well:2.0
2 henry_vi_part_3:0.0
2 henry_vi_part_3:0.1
2 henry_vi_part_3:0.2
2 henry_vi_part_3:0.3
2 henry_vi_part_3:1.0
2 henry_vi_part_3:1.1
2 henry_vi_part_3:1.2
2 henry_vi_part_3:1.3
2 henry_vi_part_3:1.4
2 henry_vi_part_3:1.5
2 henry_vi_part_3:2.0
2 henry_vi_part_3:2.1
2 henry_vi_part_3:2.2
2 henry_vi_part_3:3.0
2 henry_vi_part_3:3.1
2 henry_vi_part_3:3.2
2 henry_vi_part_3:3.3
2 henry_vi_part_3:3.4
2 henry_vi_part_3:3.5
2 henry_vi_part_3:3.6
2 henry_vi_part_3:3.7
2 henry_vi_part_3:4.0
2 henry_vi_part_3:4.1
2 henry_vi_part_3:4.2
2 henry_vi_part_3:4.3
2 henry_vi_part_3:4.4
2 henry_vi_part_3:4.5
2 henry_vi_part_3:4.6
2 comedy_of_errors:0.0
2 lear:0.0
2 lear:0.1
2 lear:1.0
2 lear:2.2
2 cymbeline:0.0
2 cymbeline:2.2
2 henry_viii:0.0
2 henry_viii:0.1
2 as_you_like_it:0.0
2 troilus_and_cressida:0.2
2 henry_v:0.0
2 henry_v:0.1
2 henry_v:1.1
2 henry_v:1.3
2 henry_v:2.0
2 henry_v:2.2
2 henry_v:2.4
2 henry_v:3.0
2 henry_v:3.2
2 henry_v:3.5
2 henry_v:4.1
2 life_and_death_of_king_john:0.0
2 life_and_death_of_king_john:1.0
2 life_and_death_of_king_john:2.0
2 life_and_death_of_king_john:2.1
2 life_and_death_of_king_john:2.2
2 life_and_death_of_king_john:2.3
2 life_and_death_of_king_john:4.1
2 life_and_death_of_king_john:4.4
2 timon_of_athens:2.4
3 henry_iv_part_ii:0.1
3 henry_iv_part_ii:1.0
3 henry_iv_part_ii:1.1
3 henry_iv_part_ii:1.3
3 henry_iv_part_ii:2.1
3 henry_iv_part_ii:3.2
3 henry_iv_part_ii:4.0
3 henry_iv_part_ii:4.2
3 henry_iv_part_ii:4.3
3 henry_iv_part_ii:4.4
3 merry_wives_of_windsor:0.0
3 merry_wives_of_windsor:0.1
3 merry_wives_of_windsor:0.2
3 merry_wives_of_windsor:0.3
3 merry_wives_of_windsor:1.0
3 merry_wives_of_windsor:1.1
3 merry_wives_of_windsor:1.2
3 merry_wives_of_windsor:2.0
3 merry_wives_of_windsor:2.1
3 merry_wives_of_windsor:2.2
3 merry_wives_of_windsor:2.3
3 merry_wives_of_windsor:2.4
3 merry_wives_of_windsor:3.0
3 merry_wives_of_windsor:3.1
3 merry_wives_of_windsor:3.2
3 merry_wives_of_windsor:3.3
3 merry_wives_of_windsor:3.4
3 merry_wives_of_windsor:3.5
3 merry_wives_of_windsor:4.0
3 merry_wives_of_windsor:4.1
3 merry_wives_of_windsor:4.2
3 merry_wives_of_windsor:4.4
3 henry_iv_part_i:0.1
3 henry_iv_part_i:1.1
3 henry_iv_part_i:1.3
3 henry_iv_part_i:2.2
3 henry_iv_part_i:3.1
3 henry_iv_part_i:4.2
3 henry_v:1.0
3 henry_v:1.2
4 richard_ii:4.3
5 henry_vi_part_2:3.1
5 henry_vi_part_2:3.2
5 henry_vi_part_2:3.4
5 henry_vi_part_2:3.5
5 henry_vi_part_2:3.6
5 henry_vi_part_2:3.7
5 henry_vi_part_2:3.9
6 merry_wives_of_windsor:4.3
7 richard_iii:1.2
7 coriolanus:0.0
7 coriolanus:0.1
7 coriolanus:0.3
7 coriolanus:0.4
7 coriolanus:0.5
7 coriolanus:0.6
7 coriolanus:0.7
7 coriolanus:0.8
7 coriolanus:0.9
7 coriolanus:1.0
7 coriolanus:1.1
7 coriolanus:1.2
7 coriolanus:2.0
7 coriolanus:2.1
7 coriolanus:2.2
7 coriolanus:3.0
7 coriolanus:3.1
7 coriolanus:3.2
7 coriolanus:3.3
7 coriolanus:3.4
7 coriolanus:3.5
7 coriolanus:3.6
7 coriolanus:4.0
7 coriolanus:4.1
7 coriolanus:4.2
7 coriolanus:4.3
7 coriolanus:4.5
7 julius_caesar:0.1
7 julius_caesar:0.2
7 julius_caesar:1.0
7 julius_caesar:1.1
7 julius_caesar:1.2
7 julius_caesar:1.3
7 julius_caesar:2.0
7 julius_caesar:2.1
7 julius_caesar:2.2
7 julius_caesar:3.0
7 julius_caesar:3.1
7 julius_caesar:3.2
7 julius_caesar:4.0
7 julius_caesar:4.1
7 julius_caesar:4.2
7 julius_caesar:4.3
7 julius_caesar:4.4
7 cymbeline:2.6
7 antony_and_cleopatra:0.0
7 antony_and_cleopatra:0.1
7 antony_and_cleopatra:0.2
7 antony_and_cleopatra:0.3
7 antony_and_cleopatra:0.4
7 antony_and_cleopatra:1.1
7 antony_and_cleopatra:1.2
7 antony_and_cleopatra:1.4
7 antony_and_cleopatra:1.5
7 antony_and_cleopatra:2.2
7 antony_and_cleopatra:2.10
8 richard_iii:2.5
9 richard_iii:3.4
9 richard_iii:4.1
9 richard_iii:4.4
10 hamlet:0.0
10 hamlet:0.1
10 hamlet:0.2
10 hamlet:0.3
10 hamlet:0.4
10 hamlet:1.0
10 hamlet:1.1
10 hamlet:2.0
10 hamlet:2.1
10 hamlet:2.2
10 hamlet:2.3
10 hamlet:3.0
10 hamlet:3.1
10 hamlet:3.2
10 hamlet:3.3
10 hamlet:3.4
10 hamlet:3.5
10 hamlet:3.6
10 hamlet:4.0
10 hamlet:4.1
11 henry_iv_part_i:1.0
11 henry_viii:0.2
11 henry_viii:0.3
11 henry_viii:1.1
11 henry_viii:1.2
11 henry_viii:1.3
11 henry_viii:2.0
11 henry_viii:2.1
11 henry_viii:3.1
11 henry_viii:4.0
11 henry_viii:4.1
11 henry_viii:4.2
11 henry_viii:4.3
11 henry_viii:4.4
12 henry_vi_part_1:0.4
12 henry_vi_part_1:0.5
12 henry_vi_part_1:1.0
12 henry_vi_part_1:1.1
12 henry_vi_part_1:1.2
12 henry_vi_part_1:2.1
12 henry_vi_part_1:2.2
12 henry_vi_part_1:3.1
12 henry_vi_part_1:3.2
12 henry_vi_part_1:3.3
12 henry_vi_part_1:3.4
12 henry_vi_part_1:3.5
12 henry_vi_part_1:3.6
12 henry_vi_part_1:4.1
12 henry_vi_part_1:4.3
12 henry_v:2.6
12 henry_v:3.1
12 henry_v:3.4
13 taming_of_the_shrew:0.0
13 taming_of_the_shrew:0.1
13 taming_of_the_shrew:1.0
13 taming_of_the_shrew:2.0
13 taming_of_the_shrew:2.1
13 taming_of_the_shrew:3.0
13 taming_of_the_shrew:3.1
13 taming_of_the_shrew:3.2
13 taming_of_the_shrew:3.3
13 taming_of_the_shrew:3.4
13 taming_of_the_shrew:4.0
13 taming_of_the_shrew:4.1
14 alls_well_that_ends_well:0.0
14 alls_well_that_ends_well:0.1
14 alls_well_that_ends_well:0.2
14 alls_well_that_ends_well:1.0
14 alls_well_that_ends_well:1.1
14 alls_well_that_ends_well:1.2
14 alls_well_that_ends_well:1.3
14 alls_well_that_ends_well:1.4
14 alls_well_that_ends_well:2.1
14 alls_well_that_ends_well:2.2
14 alls_well_that_ends_well:2.3
14 alls_well_that_ends_well:2.4
14 alls_well_that_ends_well:2.5
14 alls_well_that_ends_well:2.6
14 alls_well_that_ends_well:3.0
14 alls_well_that_ends_well:3.1
14 alls_well_that_ends_well:3.2
14 alls_well_that_ends_well:3.3
14 alls_well_that_ends_well:3.4
14 alls_well_that_ends_well:4.0
14 alls_well_that_ends_well:4.1
14 alls_well_that_ends_well:4.2
14 midsummer_nights_dream:0.0
14 midsummer_nights_dream:1.0
14 midsummer_nights_dream:1.1
14 midsummer_nights_dream:2.1
14 midsummer_nights_dream:3.0
15 loves_labors_lost:0.0
15 loves_labors_lost:0.1
15 loves_labors_lost:1.0
15 loves_labors_lost:2.0
15 loves_labors_lost:3.0
15 loves_labors_lost:3.1
15 loves_labors_lost:3.2
15 loves_labors_lost:4.0
15 loves_labors_lost:4.1
15 much_ado_about_nothing:0.0
15 much_ado_about_nothing:0.2
15 henry_v:2.3
16 romeo_and_juliet:0.0
16 romeo_and_juliet:0.1
16 romeo_and_juliet:0.2
16 romeo_and_juliet:0.3
16 romeo_and_juliet:0.4
16 romeo_and_juliet:1.0
16 romeo_and_juliet:1.1
16 romeo_and_juliet:1.2
16 romeo_and_juliet:1.3
16 romeo_and_juliet:1.4
16 romeo_and_juliet:1.5
16 romeo_and_juliet:2.0
16 romeo_and_juliet:2.1
16 romeo_and_juliet:2.2
16 romeo_and_juliet:2.3
16 romeo_and_juliet:2.4
16 romeo_and_juliet:3.0
16 romeo_and_juliet:3.1
16 romeo_and_juliet:3.2
16 romeo_and_juliet:3.3
16 romeo_and_juliet:3.4
16 romeo_and_juliet:4.0
16 romeo_and_juliet:4.1
16 romeo_and_juliet:4.2
16 measure_for_measure:1.2
17 titus_andronicus:0.0
17 titus_andronicus:1.0
17 titus_andronicus:1.1
17 titus_andronicus:1.2
17 titus_andronicus:1.3
17 titus_andronicus:2.0
17 titus_andronicus:2.1
17 titus_andronicus:3.0
17 titus_andronicus:3.1
17 titus_andronicus:3.2
17 titus_andronicus:3.3
17 titus_andronicus:4.0
17 titus_andronicus:4.1
17 titus_andronicus:4.2
18 macbeth:0.0
18 macbeth:0.2
18 macbeth:0.4
18 macbeth:0.6
18 macbeth:1.0
18 macbeth:1.1
18 macbeth:1.2
18 macbeth:2.0
18 macbeth:2.1
18 macbeth:2.2
18 macbeth:2.3
18 macbeth:2.4
18 macbeth:3.0
18 macbeth:4.0
18 macbeth:4.2
18 macbeth:4.4
18 macbeth:4.6
19 macbeth:0.1
19 macbeth:0.3
19 macbeth:0.5
19 macbeth:1.3
19 macbeth:2.5
19 macbeth:3.1
19 macbeth:3.2
19 macbeth:4.1
19 macbeth:4.3
19 macbeth:4.5
19 macbeth:4.7
20 coriolanus:0.2
20 coriolanus:4.4
21 julius_caesar:0.0
22 comedy_of_errors:0.1
22 comedy_of_errors:1.0
22 comedy_of_errors:1.1
22 comedy_of_errors:2.0
22 comedy_of_errors:2.1
22 comedy_of_errors:3.0
22 comedy_of_errors:3.1
22 comedy_of_errors:3.2
22 comedy_of_errors:3.3
22 comedy_of_errors:4.0
22 pericles:4.1
23 much_ado_about_nothing:0.1
23 much_ado_about_nothing:1.0
23 much_ado_about_nothing:1.1
23 much_ado_about_nothing:1.2
23 much_ado_about_nothing:2.0
23 much_ado_about_nothing:2.1
23 much_ado_about_nothing:2.2
23 much_ado_about_nothing:2.3
23 much_ado_about_nothing:2.4
23 much_ado_about_nothing:3.0
23 much_ado_about_nothing:3.1
23 much_ado_about_nothing:4.0
23 much_ado_about_nothing:4.1
23 much_ado_about_nothing:4.2
23 much_ado_about_nothing:4.3
23 measure_for_measure:0.1
24 twelfth_night:0.0
24 twelfth_night:1.0
24 twelfth_night:2.2
24 twelfth_night:3.2
24 tempest:0.0
24 tempest:1.0
24 tempest:2.2
24 merchant_of_venice:0.0
24 merchant_of_venice:0.2
24 merchant_of_venice:1.7
24 merchant_of_venice:2.0
24 merchant_of_venice:2.2
25 twelfth_night:0.1
25 twelfth_night:0.3
25 twelfth_night:0.4
25 twelfth_night:1.1
25 twelfth_night:1.3
25 twelfth_night:2.0
25 twelfth_night:4.0
25 winters_tale:3.2
26 twelfth_night:0.2
26 twelfth_night:1.2
26 twelfth_night:1.4
26 twelfth_night:2.1
26 twelfth_night:2.3
26 twelfth_night:3.0
26 twelfth_night:3.1
27 lear:0.2
27 lear:0.3
27 lear:0.4
27 lear:1.1
27 lear:1.3
27 lear:2.0
27 lear:2.1
27 lear:2.3
27 lear:2.4
27 lear:2.5
27 lear:2.6
27 lear:3.1
27 lear:3.2
27 lear:3.4
27 lear:3.6
27 lear:4.0
27 lear:4.2
28 lear:1.2
28 lear:3.0
28 lear:3.5
28 lear:4.1
29 lear:3.3
30 cymbeline:0.1
30 cymbeline:1.0
30 cymbeline:1.2
30 cymbeline:2.0
30 cymbeline:2.4
30 cymbeline:3.0
30 cymbeline:3.2
31 cymbeline:0.2
31 cymbeline:0.4
31 cymbeline:2.1
31 cymbeline:2.3
31 cymbeline:2.5
31 cymbeline:3.1
31 cymbeline:3.3
31 cymbeline:4.4
32 cymbeline:0.3
32 cymbeline:0.5
32 cymbeline:1.1
32 cymbeline:1.3
32 cymbeline:1.4
32 cymbeline:4.0
32 cymbeline:4.1
32 cymbeline:4.2
32 cymbeline:4.3
33 measure_for_measure:0.0
33 measure_for_measure:0.2
33 measure_for_measure:1.0
33 measure_for_measure:2.1
33 measure_for_measure:3.1
33 measure_for_measure:3.2
33 measure_for_measure:3.3
33 measure_for_measure:3.4
33 measure_for_measure:4.0
33 antony_and_cleopatra:1.0
34 measure_for_measure:0.3
34 measure_for_measure:1.1
34 measure_for_measure:1.3
34 measure_for_measure:2.0
34 measure_for_measure:3.0
34 measure_for_measure:3.5
35 pericles:0.0
35 pericles:0.1
35 pericles:0.2
35 pericles:0.3
35 pericles:1.0
35 pericles:1.3
35 pericles:2.0
35 pericles:2.2
35 pericles:3.2
35 pericles:3.3
35 pericles:4.0
35 pericles:4.2
36 pericles:1.1
36 pericles:1.2
36 pericles:1.4
37 pericles:2.1
37 pericles:2.3
38 pericles:3.0
38 pericles:3.1
38 pericles:3.5
39 pericles:3.4
39 henry_viii:1.0
39 henry_viii:3.0
40 winters_tale:0.0
40 winters_tale:0.1
40 winters_tale:1.0
40 winters_tale:1.2
40 winters_tale:2.1
40 winters_tale:2.2
40 winters_tale:3.0
40 winters_tale:3.1
40 winters_tale:3.3
40 winters_tale:4.0
40 winters_tale:4.1
40 winters_tale:4.2
41 winters_tale:2.0
42 antony_and_cleopatra:1.3
42 antony_and_cleopatra:1.6
42 antony_and_cleopatra:2.1
42 antony_and_cleopatra:2.3
42 antony_and_cleopatra:2.4
42 antony_and_cleopatra:2.5
42 antony_and_cleopatra:2.6
42 antony_and_cleopatra:2.7
42 antony_and_cleopatra:2.8
42 antony_and_cleopatra:2.9
42 antony_and_cleopatra:2.11
42 antony_and_cleopatra:2.12
42 antony_and_cleopatra:3.0
42 antony_and_cleopatra:3.1
42 antony_and_cleopatra:3.3
42 antony_and_cleopatra:3.4
42 antony_and_cleopatra:3.5
42 antony_and_cleopatra:3.6
42 antony_and_cleopatra:3.7
42 antony_and_cleopatra:3.8
42 antony_and_cleopatra:3.9
42 antony_and_cleopatra:3.10
42 antony_and_cleopatra:3.11
42 antony_and_cleopatra:3.12
42 antony_and_cleopatra:3.13
42 antony_and_cleopatra:3.14
42 antony_and_cleopatra:4.0
42 antony_and_cleopatra:4.1
43 antony_and_cleopatra:2.0
44 antony_and_cleopatra:3.2
45 tempest:0.1
45 tempest:2.0
45 tempest:3.0
45 tempest:4.0
46 tempest:1.1
46 tempest:2.1
47 two_gentlemen_of_verona:0.0
47 two_gentlemen_of_verona:0.1
47 two_gentlemen_of_verona:0.2
47 two_gentlemen_of_verona:1.0
47 two_gentlemen_of_verona:1.1
47 two_gentlemen_of_verona:1.2
47 two_gentlemen_of_verona:1.3
47 two_gentlemen_of_verona:1.4
47 two_gentlemen_of_verona:1.5
47 two_gentlemen_of_verona:1.6
47 two_gentlemen_of_verona:2.0
47 two_gentlemen_of_verona:2.1
47 two_gentlemen_of_verona:3.0
47 two_gentlemen_of_verona:3.1
47 two_gentlemen_of_verona:3.2
47 two_gentlemen_of_verona:3.3
47 two_gentlemen_of_verona:4.0
47 two_gentlemen_of_verona:4.1
47 two_gentlemen_of_verona:4.2
47 two_gentlemen_of_verona:4.3
48 merchant_of_venice:0.1
48 merchant_of_venice:1.0
48 merchant_of_venice:1.6
48 merchant_of_venice:1.8
48 merchant_of_venice:2.1
48 merchant_of_venice:2.3
48 merchant_of_venice:3.0
48 merchant_of_venice:3.1
48 merchant_of_venice:4.0
49 merchant_of_venice:1.1
49 merchant_of_venice:1.2
49 merchant_of_venice:1.3
49 merchant_of_venice:1.4
49 merchant_of_venice:1.5
49 merchant_of_venice:2.4
50 midsummer_nights_dream:0.1
50 midsummer_nights_dream:2.0
50 midsummer_nights_dream:3.1
50 midsummer_nights_dream:4.0
51 as_you_like_it:0.1
51 as_you_like_it:0.2
51 as_you_like_it:1.1
51 as_you_like_it:1.3
51 as_you_like_it:2.0
51 as_you_like_it:2.1
51 as_you_like_it:2.2
51 as_you_like_it:2.3
51 as_you_like_it:2.4
51 as_you_like_it:3.0
51 as_you_like_it:3.2
51 as_you_like_it:4.0
51 as_you_like_it:4.1
51 as_you_like_it:4.2
51 as_you_like_it:4.3
52 as_you_like_it:1.0
52 as_you_like_it:1.4
52 as_you_like_it:1.6
52 as_you_like_it:3.1
53 as_you_like_it:1.2
53 as_you_like_it:1.5
54 troilus_and_cressida:0.0
54 troilus_and_cressida:0.1
54 troilus_and_cressida:1.1
54 troilus_and_cressida:2.0
54 troilus_and_cressida:2.1
54 troilus_and_cressida:3.0
54 troilus_and_cressida:3.1
54 troilus_and_cressida:3.2
54 troilus_and_cressida:3.3
54 troilus_and_cressida:4.1
54 troilus_and_cressida:4.2
54 troilus_and_cressida:4.5
54 troilus_and_cressida:4.9
55 troilus_and_cressida:1.0
55 troilus_and_cressida:1.2
55 troilus_and_cressida:2.2
55 troilus_and_cressida:3.4
55 troilus_and_cressida:4.0
55 troilus_and_cressida:4.3
55 troilus_and_cressida:4.4
55 troilus_and_cressida:4.6
55 troilus_and_cressida:4.7
55 troilus_and_cressida:4.8
56 henry_v:2.1
56 henry_v:2.5
56 henry_v:3.3
56 henry_v:3.6
56 henry_v:3.7
56 henry_v:4.0
57 life_and_death_of_king_john:3.0
57 life_and_death_of_king_john:3.1
57 life_and_death_of_king_john:3.2
57 life_and_death_of_king_john:4.0
57 life_and_death_of_king_john:4.2
57 life_and_death_of_king_john:4.3
57 life_and_death_of_king_john:4.5
57 life_and_death_of_king_john:4.6
58 timon_of_athens:0.0
58 timon_of_athens:0.1
58 timon_of_athens:1.0
58 timon_of_athens:1.1
58 timon_of_athens:2.1
58 timon_of_athens:2.3
58 timon_of_athens:2.5
58 timon_of_athens:3.0
58 timon_of_athens:3.1
58 timon_of_athens:3.2
58 timon_of_athens:4.0
58 timon_of_athens:4.1
58 timon_of_athens:4.2
58 timon_of_athens:4.3
59 timon_of_athens:2.0
59 timon_of_athens:2.2
