1 othello:0.0
2 othello:0.1
2 othello:0.2
3 othello:1.0
3 othello:1.2
3 othello:2.0
3 othello:4.0
4 othello:1.1
5 othello:2.1
5 othello:2.2
5 othello:2.3
5 othello:3.0
5 othello:3.1
5 othello:4.1
6 othello:3.2
7 henry_iv_part_ii:0.0
8 henry_iv_part_ii:0.1
9 henry_iv_part_ii:0.2
10 henry_iv_part_ii:1.0
11 henry_iv_part_ii:1.1
11 henry_iv_part_i:0.1
11 henry_iv_part_i:1.1
11 henry_iv_part_i:1.3
11 henry_iv_part_i:2.2
12 henry_iv_part_ii:1.2
13 henry_iv_part_ii:1.3
14 henry_iv_part_ii:2.0
15 henry_iv_part_ii:2.1
16 henry_iv_part_ii:3.0
16 henry_iv_part_ii:3.1
17 henry_iv_part_ii:3.2
18 henry_iv_part_ii:3.3
19 henry_iv_part_ii:3.4
20 henry_iv_part_ii:4.0
20 henry_iv_part_ii:4.2
21 henry_iv_part_ii:4.1
22 henry_iv_part_ii:4.3
23 henry_iv_part_ii:4.4
24 richard_ii:0.0
24 richard_ii:0.2
25 richard_ii:0.1
26 richard_ii:0.3
27 richard_ii:1.0
28 richard_ii:1.1
29 richard_ii:1.2
30 richard_ii:1.3
31 richard_ii:2.0
32 richard_ii:2.1
33 richard_ii:2.2
33 richard_ii:3.0
34 richard_ii:2.3
35 richard_ii:4.0
36 richard_ii:4.1
36 richard_ii:4.2
37 richard_ii:4.3
38 richard_ii:4.4
39 richard_ii:4.5
40 henry_vi_part_2:0.0
40 henry_vi_part_2:0.2
40 henry_vi_part_2:2.0
40 henry_vi_part_2:2.1
40 henry_vi_part_1:4.2
41 henry_vi_part_2:0.1
42 henry_vi_part_2:0.3
43 henry_vi_part_2:1.0
44 henry_vi_part_2:1.1
45 henry_vi_part_2:1.2
46 henry_vi_part_2:1.3
47 henry_vi_part_2:2.2
48 henry_vi_part_2:3.0
49 henry_vi_part_2:3.1
49 henry_vi_part_2:3.2
49 henry_vi_part_2:3.5
49 henry_vi_part_2:3.6
50 henry_vi_part_2:3.3
51 henry_vi_part_2:3.4
52 henry_vi_part_2:3.7
53 henry_vi_part_2:3.8
54 henry_vi_part_2:3.9
55 henry_vi_part_2:4.0
56 henry_vi_part_2:4.1
56 henry_vi_part_3:0.2
56 henry_vi_part_3:0.3
56 henry_vi_part_3:1.1
56 henry_vi_part_3:1.3
56 henry_vi_part_3:1.5
57 henry_vi_part_2:4.2
58 merry_wives_of_windsor:0.0
58 merry_wives_of_windsor:2.0
58 merry_wives_of_windsor:3.0
59 merry_wives_of_windsor:0.1
60 merry_wives_of_windsor:0.2
60 henry_v:1.0
61 merry_wives_of_windsor:0.3
61 merry_wives_of_windsor:1.2
62 merry_wives_of_windsor:1.0
62 merry_wives_of_windsor:1.1
62 merry_wives_of_windsor:2.1
62 merry_wives_of_windsor:2.2
62 merry_wives_of_windsor:2.4
62 merry_wives_of_windsor:3.1
62 merry_wives_of_windsor:3.3
62 merry_wives_of_windsor:4.2
62 merry_wives_of_windsor:4.4
63 merry_wives_of_windsor:2.3
64 merry_wives_of_windsor:3.2
65 merry_wives_of_windsor:3.4
66 merry_wives_of_windsor:3.5
67 merry_wives_of_windsor:4.0
68 merry_wives_of_windsor:4.1
69 merry_wives_of_windsor:4.3
70 richard_iii:0.0
71 richard_iii:0.1
72 richard_iii:0.2
73 richard_iii:0.3
74 richard_iii:1.0
75 richard_iii:1.1
76 richard_iii:1.2
76 coriolanus:1.2
76 julius_caesar:2.1
77 richard_iii:1.3
78 richard_iii:2.0
79 richard_iii:2.1
80 richard_iii:2.2
81 richard_iii:2.3
82 richard_iii:2.4
82 richard_iii:2.6
83 richard_iii:2.5
84 richard_iii:3.0
85 richard_iii:3.1
85 richard_iii:3.2
86 richard_iii:3.3
87 richard_iii:3.4
88 richard_iii:4.0
89 richard_iii:4.1
90 richard_iii:4.2
91 richard_iii:4.3
92 richard_iii:4.4
93 hamlet:0.0
94 hamlet:0.1
94 hamlet:0.3
94 hamlet:0.4
94 hamlet:4.0
94 hamlet:4.1
95 hamlet:0.2
96 hamlet:1.0
97 hamlet:1.1
97 hamlet:2.0
97 hamlet:2.1
97 hamlet:2.3
97 hamlet:3.1
97 hamlet:3.2
98 hamlet:2.2
99 hamlet:3.0
100 hamlet:3.3
101 hamlet:3.4
101 hamlet:3.6
102 hamlet:3.5
103 henry_iv_part_i:0.0
104 henry_iv_part_i:0.2
105 henry_iv_part_i:1.0
106 henry_iv_part_i:1.2
107 henry_iv_part_i:2.0
108 henry_iv_part_i:2.1
109 henry_iv_part_i:3.0
109 henry_iv_part_i:3.2
109 henry_iv_part_i:4.1
110 henry_iv_part_i:3.1
111 henry_iv_part_i:3.3
112 henry_iv_part_i:4.0
113 henry_iv_part_i:4.2
114 henry_iv_part_i:4.3
115 henry_iv_part_i:4.4
116 henry_vi_part_1:0.0
117 henry_vi_part_1:0.1
117 henry_vi_part_1:0.5
117 henry_vi_part_1:4.1
117 henry_vi_part_1:4.3
118 henry_vi_part_1:0.2
118 henry_vi_part_1:2.0
119 henry_vi_part_1:0.3
120 henry_vi_part_1:0.4
121 henry_vi_part_1:1.0
121 henry_vi_part_1:2.1
121 henry_vi_part_1:2.2
122 henry_vi_part_1:1.1
123 henry_vi_part_1:1.2
124 henry_vi_part_1:1.3
125 henry_vi_part_1:1.4
126 henry_vi_part_1:2.3
127 henry_vi_part_1:3.0
128 henry_vi_part_1:3.1
129 henry_vi_part_1:3.2
129 henry_vi_part_1:3.3
130 henry_vi_part_1:3.4
130 henry_vi_part_1:3.5
130 henry_vi_part_1:3.6
131 henry_vi_part_1:4.0
132 henry_vi_part_1:4.4
133 taming_of_the_shrew:0.0
133 taming_of_the_shrew:3.1
133 taming_of_the_shrew:3.3
133 taming_of_the_shrew:4.0
134 taming_of_the_shrew:0.1
134 taming_of_the_shrew:1.0
134 taming_of_the_shrew:2.1
134 taming_of_the_shrew:3.2
134 taming_of_the_shrew:3.4
134 taming_of_the_shrew:4.1
135 taming_of_the_shrew:2.0
136 taming_of_the_shrew:3.0
137 alls_well_that_ends_well:0.0
137 alls_well_that_ends_well:1.0
137 alls_well_that_ends_well:1.2
137 alls_well_that_ends_well:1.4
137 alls_well_that_ends_well:4.1
138 alls_well_that_ends_well:0.1
139 alls_well_that_ends_well:0.2
139 alls_well_that_ends_well:1.1
139 alls_well_that_ends_well:2.1
140 alls_well_that_ends_well:1.3
141 alls_well_that_ends_well:2.0
142 alls_well_that_ends_well:2.2
143 alls_well_that_ends_well:2.3
144 alls_well_that_ends_well:2.4
145 alls_well_that_ends_well:2.5
145 alls_well_that_ends_well:3.2
146 alls_well_that_ends_well:2.6
147 alls_well_that_ends_well:3.0
148 alls_well_that_ends_well:3.1
148 alls_well_that_ends_well:4.2
149 alls_well_that_ends_well:3.3
150 alls_well_that_ends_well:3.4
151 alls_well_that_ends_well:4.0
152 loves_labors_lost:0.0
152 loves_labors_lost:3.2
153 loves_labors_lost:0.1
153 loves_labors_lost:2.0
153 loves_labors_lost:4.0
154 loves_labors_lost:1.0
154 loves_labors_lost:3.0
154 loves_labors_lost:4.1
155 loves_labors_lost:3.1
156 henry_vi_part_3:0.0
157 henry_vi_part_3:0.1
158 henry_vi_part_3:1.0
159 henry_vi_part_3:1.2
160 henry_vi_part_3:1.4
161 henry_vi_part_3:2.0
162 henry_vi_part_3:2.1
162 henry_vi_part_3:3.0
162 henry_vi_part_3:4.4
163 henry_vi_part_3:2.2
164 henry_vi_part_3:3.1
165 henry_vi_part_3:3.2
166 henry_vi_part_3:3.3
167 henry_vi_part_3:3.4
168 henry_vi_part_3:3.5
169 henry_vi_part_3:3.6
170 henry_vi_part_3:3.7
171 henry_vi_part_3:4.0
171 henry_vi_part_3:4.1
172 henry_vi_part_3:4.2
173 henry_vi_part_3:4.3
174 henry_vi_part_3:4.5
175 henry_vi_part_3:4.6
176 romeo_and_juliet:0.0
177 romeo_and_juliet:0.1
178 romeo_and_juliet:0.2
178 romeo_and_juliet:3.1
178 romeo_and_juliet:3.3
179 romeo_and_juliet:0.3
179 romeo_and_juliet:1.3
179 romeo_and_juliet:2.0
180 romeo_and_juliet:0.4
180 romeo_and_juliet:1.1
180 romeo_and_juliet:2.1
180 romeo_and_juliet:2.4
180 romeo_and_juliet:3.2
181 romeo_and_juliet:1.0
182 romeo_and_juliet:1.2
182 romeo_and_juliet:1.5
182 romeo_and_juliet:2.2
182 romeo_and_juliet:3.0
182 romeo_and_juliet:4.1
182 romeo_and_juliet:4.2
183 romeo_and_juliet:1.4
184 romeo_and_juliet:2.3
185 romeo_and_juliet:3.4
186 romeo_and_juliet:4.0
187 titus_andronicus:0.0
187 titus_andronicus:1.1
187 titus_andronicus:2.0
187 titus_andronicus:2.1
187 titus_andronicus:3.0
187 titus_andronicus:3.2
187 titus_andronicus:4.1
187 titus_andronicus:4.2
188 titus_andronicus:1.0
188 titus_andronicus:3.1
189 titus_andronicus:1.2
190 titus_andronicus:1.3
191 titus_andronicus:3.3
192 titus_andronicus:4.0
193 macbeth:0.0
194 macbeth:0.1
195 macbeth:0.2
196 macbeth:0.3
197 macbeth:0.4
198 macbeth:0.5
199 macbeth:0.6
199 macbeth:1.1
199 macbeth:2.1
199 macbeth:2.3
199 macbeth:3.0
200 macbeth:1.0
200 macbeth:2.0
201 macbeth:1.2
202 macbeth:1.3
202 macbeth:3.1
202 macbeth:3.2
202 macbeth:4.7
203 macbeth:2.2
204 macbeth:2.4
205 macbeth:2.5
206 macbeth:4.0
207 macbeth:4.1
208 macbeth:4.2
208 macbeth:4.4
209 macbeth:4.3
210 macbeth:4.5
211 macbeth:4.6
212 coriolanus:0.0
213 coriolanus:0.1
214 coriolanus:0.2
215 coriolanus:0.3
215 coriolanus:0.4
216 coriolanus:0.5
216 coriolanus:0.8
217 coriolanus:0.6
218 coriolanus:0.7
219 coriolanus:0.9
220 coriolanus:1.0
220 coriolanus:3.1
220 coriolanus:4.3
221 coriolanus:1.1
221 coriolanus:2.0
221 coriolanus:2.1
221 coriolanus:2.2
221 coriolanus:3.5
221 coriolanus:4.0
221 coriolanus:4.1
222 coriolanus:3.0
223 coriolanus:3.2
224 coriolanus:3.3
225 coriolanus:3.4
226 coriolanus:3.6
227 coriolanus:4.2
228 coriolanus:4.4
229 coriolanus:4.5
230 julius_caesar:0.0
231 julius_caesar:0.1
231 julius_caesar:0.2
231 julius_caesar:1.0
231 julius_caesar:2.0
231 julius_caesar:3.2
231 julius_caesar:4.0
232 julius_caesar:1.1
233 julius_caesar:1.2
234 julius_caesar:1.3
235 julius_caesar:2.2
236 julius_caesar:3.0
237 julius_caesar:3.1
238 julius_caesar:4.1
239 julius_caesar:4.2
240 julius_caesar:4.3
241 julius_caesar:4.4
242 comedy_of_errors:0.0
243 comedy_of_errors:0.1
243 comedy_of_errors:1.1
243 comedy_of_errors:2.0
243 comedy_of_errors:2.1
243 comedy_of_errors:3.0
243 comedy_of_errors:3.2
243 comedy_of_errors:3.3
243 comedy_of_errors:4.0
244 comedy_of_errors:1.0
244 comedy_of_errors:3.1
245 much_ado_about_nothing:0.0
245 much_ado_about_nothing:1.0
245 much_ado_about_nothing:1.2
245 much_ado_about_nothing:2.1
245 much_ado_about_nothing:3.0
245 much_ado_about_nothing:4.0
245 much_ado_about_nothing:4.3
246 much_ado_about_nothing:0.1
247 much_ado_about_nothing:0.2
247 much_ado_about_nothing:1.1
248 much_ado_about_nothing:2.0
248 much_ado_about_nothing:2.3
248 much_ado_about_nothing:4.1
249 much_ado_about_nothing:2.2
249 much_ado_about_nothing:3.1
250 much_ado_about_nothing:2.4
251 much_ado_about_nothing:4.2
252 twelfth_night:0.0
253 twelfth_night:0.1
254 twelfth_night:0.2
254 twelfth_night:1.2
254 twelfth_night:1.4
254 twelfth_night:2.1
254 twelfth_night:2.3
254 twelfth_night:3.0
255 twelfth_night:0.3
255 twelfth_night:1.3
256 twelfth_night:0.4
256 twelfth_night:2.0
256 twelfth_night:4.0
257 twelfth_night:1.0
257 twelfth_night:2.2
257 tempest:1.0
257 tempest:2.2
258 twelfth_night:1.1
259 twelfth_night:3.1
260 twelfth_night:3.2
261 lear:0.0
261 lear:0.3
261 lear:0.4
261 lear:1.3
261 lear:2.3
261 lear:2.5
262 lear:0.1
262 lear:1.0
262 lear:2.2
262 lear:4.0
262 lear:4.2
263 lear:0.2
264 lear:1.1
265 lear:1.2
266 lear:2.0
267 lear:2.1
268 lear:2.4
269 lear:2.6
270 lear:3.0
270 lear:3.5
270 lear:4.1
271 lear:3.1
272 lear:3.2
273 lear:3.3
274 lear:3.4
275 lear:3.6
276 cymbeline:0.0
276 cymbeline:4.4
277 cymbeline:0.1
277 cymbeline:1.0
277 cymbeline:1.2
277 cymbeline:2.4
278 cymbeline:0.2
278 cymbeline:2.3
279 cymbeline:0.3
279 cymbeline:1.3
279 cymbeline:4.1
280 cymbeline:0.4
281 cymbeline:0.5
282 cymbeline:1.1
283 cymbeline:1.4
284 cymbeline:2.0
285 cymbeline:2.1
286 cymbeline:2.2
287 cymbeline:2.5
287 cymbeline:3.1
287 cymbeline:3.3
288 cymbeline:2.6
289 cymbeline:3.0
290 cymbeline:3.2
291 cymbeline:4.0
292 cymbeline:4.2
293 cymbeline:4.3
294 measure_for_measure:0.0
295 measure_for_measure:0.1
296 measure_for_measure:0.2
297 measure_for_measure:0.3
297 measure_for_measure:1.1
297 measure_for_measure:1.3
297 measure_for_measure:2.0
298 measure_for_measure:1.0
299 measure_for_measure:1.2
299 measure_for_measure:3.1
299 measure_for_measure:3.2
300 measure_for_measure:2.1
300 measure_for_measure:4.0
301 measure_for_measure:3.0
302 measure_for_measure:3.3
303 measure_for_measure:3.4
304 measure_for_measure:3.5
305 pericles:0.0
306 pericles:0.1
307 pericles:0.2
308 pericles:0.3
308 pericles:3.2
309 pericles:1.0
310 pericles:1.1
310 pericles:1.2
310 pericles:1.4
311 pericles:1.3
312 pericles:2.0
313 pericles:2.1
313 pericles:2.3
314 pericles:2.2
315 pericles:3.0
316 pericles:3.1
316 pericles:3.5
317 pericles:3.3
318 pericles:3.4
319 pericles:4.0
320 pericles:4.1
321 pericles:4.2
322 winters_tale:0.0
323 winters_tale:0.1
323 winters_tale:1.0
323 winters_tale:2.1
324 winters_tale:1.1
325 winters_tale:1.2
325 winters_tale:4.0
325 winters_tale:4.2
326 winters_tale:2.0
327 winters_tale:2.2
328 winters_tale:3.0
329 winters_tale:3.1
330 winters_tale:3.2
331 winters_tale:3.3
332 winters_tale:4.1
333 antony_and_cleopatra:0.0
333 antony_and_cleopatra:0.2
333 antony_and_cleopatra:0.4
333 antony_and_cleopatra:1.4
333 antony_and_cleopatra:2.2
333 antony_and_cleopatra:3.12
333 antony_and_cleopatra:3.14
333 antony_and_cleopatra:4.1
334 antony_and_cleopatra:0.1
335 antony_and_cleopatra:0.3
336 antony_and_cleopatra:1.0
337 antony_and_cleopatra:1.1
337 antony_and_cleopatra:1.5
337 antony_and_cleopatra:1.6
337 antony_and_cleopatra:2.1
337 antony_and_cleopatra:2.4
337 antony_and_cleopatra:3.1
337 antony_and_cleopatra:3.5
338 antony_and_cleopatra:1.2
339 antony_and_cleopatra:1.3
340 antony_and_cleopatra:2.0
341 antony_and_cleopatra:2.3
342 antony_and_cleopatra:2.5
342 antony_and_cleopatra:3.0
342 antony_and_cleopatra:4.0
343 antony_and_cleopatra:2.6
343 antony_and_cleopatra:2.9
344 antony_and_cleopatra:2.7
345 antony_and_cleopatra:2.8
346 antony_and_cleopatra:2.10
346 antony_and_cleopatra:3.3
346 antony_and_cleopatra:3.4
346 antony_and_cleopatra:3.13
347 antony_and_cleopatra:2.11
348 antony_and_cleopatra:2.12
349 antony_and_cleopatra:3.2
350 antony_and_cleopatra:3.6
351 antony_and_cleopatra:3.7
352 antony_and_cleopatra:3.8
353 antony_and_cleopatra:3.9
354 antony_and_cleopatra:3.10
355 antony_and_cleopatra:3.11
356 tempest:0.0
357 tempest:0.1
357 tempest:3.0
357 tempest:4.0
358 tempest:1.1
358 tempest:2.1
359 tempest:2.0
360 two_gentlemen_of_verona:0.0
360 two_gentlemen_of_verona:2.1
361 two_gentlemen_of_verona:0.1
361 two_gentlemen_of_verona:1.6
362 two_gentlemen_of_verona:0.2
363 two_gentlemen_of_verona:1.0
363 two_gentlemen_of_verona:1.3
363 two_gentlemen_of_verona:1.5
363 two_gentlemen_of_verona:4.3
364 two_gentlemen_of_verona:1.1
364 two_gentlemen_of_verona:3.1
364 two_gentlemen_of_verona:3.3
364 two_gentlemen_of_verona:4.1
365 two_gentlemen_of_verona:1.2
365 two_gentlemen_of_verona:1.4
365 two_gentlemen_of_verona:2.0
366 two_gentlemen_of_verona:3.0
366 two_gentlemen_of_verona:4.2
367 two_gentlemen_of_verona:3.2
367 two_gentlemen_of_verona:4.0
368 merchant_of_venice:0.0
369 merchant_of_venice:0.1
369 merchant_of_venice:3.1
370 merchant_of_venice:0.2
370 merchant_of_venice:3.0
371 merchant_of_venice:1.0
372 merchant_of_venice:1.1
373 merchant_of_venice:1.2
373 merchant_of_venice:1.4
373 merchant_of_venice:2.4
374 merchant_of_venice:1.3
374 merchant_of_venice:1.5
375 merchant_of_venice:1.6
376 merchant_of_venice:1.7
377 merchant_of_venice:1.8
378 merchant_of_venice:2.0
379 merchant_of_venice:2.1
380 merchant_of_venice:2.2
381 merchant_of_venice:2.3
381 merchant_of_venice:4.0
382 henry_viii:0.0
383 henry_viii:0.1
383 henry_viii:1.3
383 henry_viii:2.0
384 henry_viii:0.2
385 henry_viii:0.3
385 henry_viii:1.1
385 henry_viii:2.1
386 henry_viii:1.0
387 henry_viii:1.2
388 henry_viii:3.0
389 henry_viii:3.1
390 henry_viii:4.0
391 henry_viii:4.1
392 henry_viii:4.2
393 henry_viii:4.3
394 henry_viii:4.4
395 midsummer_nights_dream:0.0
395 midsummer_nights_dream:1.1
395 midsummer_nights_dream:2.1
396 midsummer_nights_dream:0.1
396 midsummer_nights_dream:2.0
396 midsummer_nights_dream:3.1
397 midsummer_nights_dream:1.0
398 midsummer_nights_dream:3.0
399 midsummer_nights_dream:4.0
400 as_you_like_it:0.0
401 as_you_like_it:0.1
401 as_you_like_it:0.2
401 as_you_like_it:2.1
401 as_you_like_it:2.3
401 as_you_like_it:3.0
401 as_you_like_it:3.2
401 as_you_like_it:4.1
402 as_you_like_it:1.0
403 as_you_like_it:1.1
404 as_you_like_it:1.2
405 as_you_like_it:1.3
406 as_you_like_it:1.4
407 as_you_like_it:1.5
408 as_you_like_it:1.6
409 as_you_like_it:2.0
410 as_you_like_it:2.2
410 as_you_like_it:4.0
411 as_you_like_it:2.4
412 as_you_like_it:3.1
413 as_you_like_it:4.2
414 as_you_like_it:4.3
415 troilus_and_cressida:0.0
415 troilus_and_cressida:0.1
415 troilus_and_cressida:2.0
415 troilus_and_cressida:2.1
415 troilus_and_cressida:3.1
415 troilus_and_cressida:3.3
416 troilus_and_cressida:0.2
416 troilus_and_cressida:3.4
416 troilus_and_cressida:4.8
417 troilus_and_cressida:1.0
417 troilus_and_cressida:1.2
417 troilus_and_cressida:2.2
417 troilus_and_cressida:4.0
418 troilus_and_cressida:1.1
419 troilus_and_cressida:3.0
420 troilus_and_cressida:3.2
421 troilus_and_cressida:4.1
422 troilus_and_cressida:4.2
423 troilus_and_cressida:4.3
424 troilus_and_cressida:4.4
425 troilus_and_cressida:4.5
426 troilus_and_cressida:4.6
427 troilus_and_cressida:4.7
428 troilus_and_cressida:4.9
429 henry_v:0.0
430 henry_v:0.1
431 henry_v:1.1
432 henry_v:1.2
433 henry_v:1.3
434 henry_v:2.0
435 henry_v:2.1
436 henry_v:2.2
437 henry_v:2.3
438 henry_v:2.4
439 henry_v:2.5
439 henry_v:3.6
439 henry_v:3.7
440 henry_v:2.6
441 henry_v:3.0
442 henry_v:3.1
443 henry_v:3.2
444 henry_v:3.3
445 henry_v:3.4
446 henry_v:3.5
447 henry_v:4.0
448 henry_v:4.1
449 life_and_death_of_king_john:0.0
450 life_and_death_of_king_john:1.0
451 life_and_death_of_king_john:2.0
451 life_and_death_of_king_john:2.3
452 life_and_death_of_king_john:2.1
453 life_and_death_of_king_john:2.2
453 life_and_death_of_king_john:3.0
453 life_and_death_of_king_john:4.5
454 life_and_death_of_king_john:3.1
455 life_and_death_of_king_john:3.2
456 life_and_death_of_king_john:4.0
457 life_and_death_of_king_john:4.1
458 life_and_death_of_king_john:4.2
459 life_and_death_of_king_john:4.3
460 life_and_death_of_king_john:4.4
461 life_and_death_of_king_john:4.6
462 timon_of_athens:0.0
462 timon_of_athens:0.1
462 timon_of_athens:1.1
462 timon_of_athens:3.2
462 timon_of_athens:4.0
463 timon_of_athens:1.0
464 timon_of_athens:2.0
465 timon_of_athens:2.1
466 timon_of_athens:2.2
467 timon_of_athens:2.3
468 timon_of_athens:2.4
469 timon_of_athens:2.5
470 timon_of_athens:3.0
471 timon_of_athens:3.1
472 timon_of_athens:4.1
473 timon_of_athens:4.2
474 timon_of_athens:4.3
