1 othello:0.0
1 othello:0.1
1 othello:0.2
1 othello:1.0
1 othello:1.2
1 othello:2.0
1 othello:2.1
1 othello:2.2
1 othello:2.3
1 othello:3.0
1 othello:3.1
1 othello:3.2
1 othello:4.0
1 othello:4.1
2 othello:1.1
3 henry_iv_part_ii:0.0
4 henry_iv_part_ii:0.1
4 henry_iv_part_ii:1.0
4 henry_iv_part_ii:2.1
4 henry_iv_part_ii:3.2
4 henry_iv_part_ii:4.4
4 merry_wives_of_windsor:0.0
4 merry_wives_of_windsor:0.2
4 merry_wives_of_windsor:3.4
5 henry_iv_part_ii:0.2
5 henry_iv_part_ii:3.0
5 henry_iv_part_ii:3.1
5 richard_ii:0.0
5 richard_ii:0.2
6 henry_iv_part_ii:1.1
6 henry_iv_part_ii:1.3
6 henry_iv_part_ii:4.3
6 henry_iv_part_i:0.1
6 henry_iv_part_i:1.1
6 henry_iv_part_i:1.3
6 henry_iv_part_i:2.2
6 henry_iv_part_i:3.1
6 henry_iv_part_i:4.0
7 henry_iv_part_ii:1.2
8 henry_iv_part_ii:2.0
9 henry_iv_part_ii:3.3
9 henry_iv_part_ii:3.4
9 henry_iv_part_ii:4.1
10 henry_iv_part_ii:4.0
10 henry_iv_part_ii:4.2
11 richard_ii:0.1
11 richard_ii:1.0
11 richard_ii:1.2
12 richard_ii:0.3
12 richard_ii:1.1
12 richard_ii:2.0
12 richard_ii:2.1
12 richard_ii:2.2
12 richard_ii:3.0
12 richard_ii:4.0
12 richard_ii:4.1
12 richard_ii:4.2
12 richard_ii:4.4
12 richard_ii:4.5
13 richard_ii:1.3
14 richard_ii:2.3
15 richard_ii:4.3
16 henry_vi_part_2:0.0
16 henry_vi_part_2:0.2
16 henry_vi_part_2:1.0
16 henry_vi_part_2:1.2
16 henry_vi_part_2:2.0
16 henry_vi_part_2:2.1
16 henry_vi_part_2:2.2
16 henry_vi_part_2:3.0
16 henry_vi_part_2:3.3
16 henry_vi_part_2:3.8
16 henry_vi_part_2:4.0
16 richard_iii:0.2
16 henry_vi_part_1:4.2
16 henry_vi_part_1:4.4
16 henry_vi_part_3:4.5
16 henry_v:3.5
17 henry_vi_part_2:0.1
17 henry_vi_part_2:0.3
18 henry_vi_part_2:1.1
19 henry_vi_part_2:1.3
20 henry_vi_part_2:3.1
20 henry_vi_part_2:3.2
20 henry_vi_part_2:3.5
20 henry_vi_part_2:3.6
20 henry_vi_part_2:3.7
20 henry_vi_part_2:3.9
21 henry_vi_part_2:3.4
22 henry_vi_part_2:4.1
22 henry_vi_part_3:0.0
22 henry_vi_part_3:0.1
22 henry_vi_part_3:0.2
22 henry_vi_part_3:0.3
22 henry_vi_part_3:1.0
22 henry_vi_part_3:1.1
22 henry_vi_part_3:1.2
22 henry_vi_part_3:1.3
22 henry_vi_part_3:1.4
22 henry_vi_part_3:1.5
22 henry_vi_part_3:2.0
22 henry_vi_part_3:2.2
22 henry_vi_part_3:3.2
22 henry_vi_part_3:3.3
22 henry_vi_part_3:3.5
22 henry_vi_part_3:3.7
22 henry_vi_part_3:4.0
22 henry_vi_part_3:4.1
22 henry_vi_part_3:4.3
23 henry_vi_part_2:4.2
24 merry_wives_of_windsor:0.1
24 merry_wives_of_windsor:2.0
24 merry_wives_of_windsor:3.0
25 merry_wives_of_windsor:0.3
25 merry_wives_of_windsor:1.2
25 merry_wives_of_windsor:2.3
25 merry_wives_of_windsor:3.5
26 merry_wives_of_windsor:1.0
26 merry_wives_of_windsor:1.1
26 merry_wives_of_windsor:2.1
26 merry_wives_of_windsor:2.2
26 merry_wives_of_windsor:2.4
26 merry_wives_of_windsor:3.1
26 merry_wives_of_windsor:3.3
26 merry_wives_of_windsor:4.0
26 merry_wives_of_windsor:4.2
26 merry_wives_of_windsor:4.4
27 merry_wives_of_windsor:3.2
28 merry_wives_of_windsor:4.1
29 merry_wives_of_windsor:4.3
30 richard_iii:0.0
30 richard_iii:0.3
30 henry_vi_part_3:2.1
30 henry_vi_part_3:3.0
30 henry_vi_part_3:3.1
30 henry_vi_part_3:3.4
30 henry_vi_part_3:3.6
30 henry_vi_part_3:4.2
30 henry_vi_part_3:4.4
30 henry_vi_part_3:4.6
31 richard_iii:0.1
31 richard_iii:3.0
31 henry_viii:1.2
32 richard_iii:1.0
32 richard_iii:1.1
32 richard_iii:1.3
32 richard_iii:2.0
32 richard_iii:2.1
32 richard_iii:2.3
32 richard_iii:2.4
32 richard_iii:2.6
32 richard_iii:3.1
32 richard_iii:3.3
32 richard_iii:4.0
32 richard_iii:4.2
32 richard_iii:4.3
32 henry_viii:0.0
33 richard_iii:1.2
33 coriolanus:0.0
33 coriolanus:0.3
33 coriolanus:0.4
33 coriolanus:0.5
33 coriolanus:0.6
33 coriolanus:0.7
33 coriolanus:0.8
33 coriolanus:1.0
33 coriolanus:1.1
33 coriolanus:1.2
33 coriolanus:2.0
33 coriolanus:2.1
33 coriolanus:2.2
33 coriolanus:3.0
33 coriolanus:3.1
33 coriolanus:3.3
33 coriolanus:3.5
33 coriolanus:4.0
33 coriolanus:4.1
33 coriolanus:4.2
33 coriolanus:4.3
34 richard_iii:2.2
35 richard_iii:2.5
36 richard_iii:3.2
37 richard_iii:3.4
37 richard_iii:4.4
38 richard_iii:4.1
39 hamlet:0.0
39 hamlet:0.1
39 hamlet:0.3
39 hamlet:0.4
39 hamlet:1.1
39 hamlet:2.0
39 hamlet:2.1
39 hamlet:2.2
39 hamlet:2.3
39 hamlet:3.0
39 hamlet:3.1
39 hamlet:3.2
39 hamlet:3.3
39 hamlet:3.5
39 hamlet:4.0
39 hamlet:4.1
40 hamlet:0.2
40 hamlet:1.0
40 hamlet:3.4
40 hamlet:3.6
41 henry_iv_part_i:0.0
42 henry_iv_part_i:0.2
42 henry_iv_part_i:1.2
42 henry_iv_part_i:2.0
42 henry_iv_part_i:3.0
42 henry_iv_part_i:3.2
42 henry_iv_part_i:4.1
42 henry_iv_part_i:4.2
42 henry_iv_part_i:4.3
42 henry_iv_part_i:4.4
43 henry_iv_part_i:1.0
44 henry_iv_part_i:2.1
45 henry_iv_part_i:3.3
46 henry_vi_part_1:0.0
46 henry_vi_part_1:1.1
46 henry_v:3.2
47 henry_vi_part_1:0.1
47 henry_vi_part_1:0.4
47 henry_vi_part_1:0.5
47 henry_vi_part_1:1.0
47 henry_vi_part_1:2.1
47 henry_vi_part_1:2.2
47 henry_vi_part_1:4.1
47 henry_vi_part_1:4.3
48 henry_vi_part_1:0.2
48 henry_vi_part_1:2.0
48 henry_vi_part_1:4.0
49 henry_vi_part_1:0.3
50 henry_vi_part_1:1.2
50 alls_well_that_ends_well:0.2
50 alls_well_that_ends_well:1.1
50 alls_well_that_ends_well:2.1
50 alls_well_that_ends_well:2.3
50 alls_well_that_ends_well:3.4
51 henry_vi_part_1:1.3
51 henry_vi_part_1:1.4
52 henry_vi_part_1:2.3
52 henry_vi_part_1:3.0
53 henry_vi_part_1:3.1
54 henry_vi_part_1:3.2
54 henry_vi_part_1:3.3
54 henry_vi_part_1:3.4
54 henry_vi_part_1:3.5
54 henry_vi_part_1:3.6
55 taming_of_the_shrew:0.0
55 taming_of_the_shrew:0.1
55 taming_of_the_shrew:1.0
55 taming_of_the_shrew:2.0
55 taming_of_the_shrew:2.1
55 taming_of_the_shrew:3.1
55 taming_of_the_shrew:3.3
55 taming_of_the_shrew:3.4
55 taming_of_the_shrew:4.0
55 taming_of_the_shrew:4.1
56 taming_of_the_shrew:3.0
56 taming_of_the_shrew:3.2
57 alls_well_that_ends_well:0.0
57 alls_well_that_ends_well:1.0
57 alls_well_that_ends_well:1.2
57 alls_well_that_ends_well:1.3
57 alls_well_that_ends_well:1.4
57 alls_well_that_ends_well:2.2
57 alls_well_that_ends_well:2.4
57 alls_well_that_ends_well:2.5
57 alls_well_that_ends_well:3.0
57 alls_well_that_ends_well:3.1
57 alls_well_that_ends_well:3.2
57 alls_well_that_ends_well:4.1
57 alls_well_that_ends_well:4.2
58 alls_well_that_ends_well:0.1
59 alls_well_that_ends_well:2.0
60 alls_well_that_ends_well:2.6
60 alls_well_that_ends_well:3.3
60 alls_well_that_ends_well:4.0
61 loves_labors_lost:0.0
61 loves_labors_lost:1.0
61 loves_labors_lost:3.0
61 loves_labors_lost:3.2
61 loves_labors_lost:4.1
62 loves_labors_lost:0.1
62 loves_labors_lost:2.0
62 loves_labors_lost:4.0
63 loves_labors_lost:3.1
64 romeo_and_juliet:0.0
64 romeo_and_juliet:0.1
64 romeo_and_juliet:0.3
64 romeo_and_juliet:1.0
64 romeo_and_juliet:1.3
64 romeo_and_juliet:2.0
65 romeo_and_juliet:0.2
65 romeo_and_juliet:0.4
65 romeo_and_juliet:1.1
65 romeo_and_juliet:1.4
65 romeo_and_juliet:2.1
65 romeo_and_juliet:2.4
65 romeo_and_juliet:3.1
65 romeo_and_juliet:3.2
65 romeo_and_juliet:3.3
65 romeo_and_juliet:3.4
66 romeo_and_juliet:1.2
66 romeo_and_juliet:1.5
66 romeo_and_juliet:2.2
66 romeo_and_juliet:3.0
66 romeo_and_juliet:4.0
66 romeo_and_juliet:4.1
66 romeo_and_juliet:4.2
67 romeo_and_juliet:2.3
68 titus_andronicus:0.0
68 titus_andronicus:1.1
68 titus_andronicus:1.2
68 titus_andronicus:2.0
68 titus_andronicus:2.1
68 titus_andronicus:3.0
68 titus_andronicus:3.2
68 titus_andronicus:3.3
68 titus_andronicus:4.1
68 titus_andronicus:4.2
69 titus_andronicus:1.0
69 titus_andronicus:1.3
69 titus_andronicus:3.1
69 titus_andronicus:4.0
70 macbeth:0.0
70 macbeth:0.2
70 macbeth:0.4
70 macbeth:0.6
70 macbeth:1.0
70 macbeth:1.1
70 macbeth:1.2
70 macbeth:2.0
70 macbeth:2.1
70 macbeth:2.3
70 macbeth:3.0
70 macbeth:4.0
70 macbeth:4.2
70 macbeth:4.4
70 macbeth:4.6
71 macbeth:0.1
71 macbeth:0.3
71 macbeth:0.5
71 macbeth:1.3
71 macbeth:2.5
71 macbeth:3.1
71 macbeth:3.2
71 macbeth:4.5
71 macbeth:4.7
72 macbeth:2.2
73 macbeth:2.4
74 macbeth:4.1
74 macbeth:4.3
75 coriolanus:0.1
75 coriolanus:0.9
75 coriolanus:3.6
75 coriolanus:4.5
76 coriolanus:0.2
76 coriolanus:4.4
77 coriolanus:3.2
78 coriolanus:3.4
79 julius_caesar:0.0
80 julius_caesar:0.1
80 julius_caesar:0.2
80 julius_caesar:1.0
80 julius_caesar:1.1
80 julius_caesar:1.2
80 julius_caesar:1.3
80 julius_caesar:2.0
80 julius_caesar:2.1
80 julius_caesar:3.1
80 julius_caesar:3.2
80 julius_caesar:4.0
80 julius_caesar:4.2
80 julius_caesar:4.3
81 julius_caesar:2.2
82 julius_caesar:3.0
82 antony_and_cleopatra:0.3
82 antony_and_cleopatra:1.1
82 antony_and_cleopatra:1.2
82 antony_and_cleopatra:1.3
82 antony_and_cleopatra:2.1
82 antony_and_cleopatra:2.5
82 antony_and_cleopatra:2.7
82 antony_and_cleopatra:2.8
82 antony_and_cleopatra:2.11
82 antony_and_cleopatra:3.0
82 antony_and_cleopatra:3.5
82 antony_and_cleopatra:3.10
82 antony_and_cleopatra:4.0
83 julius_caesar:4.1
84 julius_caesar:4.4
85 comedy_of_errors:0.0
86 comedy_of_errors:0.1
86 comedy_of_errors:1.1
86 comedy_of_errors:2.0
86 comedy_of_errors:2.1
86 comedy_of_errors:3.0
86 comedy_of_errors:3.2
86 comedy_of_errors:3.3
86 comedy_of_errors:4.0
87 comedy_of_errors:1.0
87 comedy_of_errors:3.1
88 much_ado_about_nothing:0.0
88 much_ado_about_nothing:1.0
88 much_ado_about_nothing:1.2
88 much_ado_about_nothing:2.0
88 much_ado_about_nothing:2.1
88 much_ado_about_nothing:2.3
88 much_ado_about_nothing:3.0
88 much_ado_about_nothing:4.0
88 much_ado_about_nothing:4.1
88 much_ado_about_nothing:4.2
88 much_ado_about_nothing:4.3
89 much_ado_about_nothing:0.1
89 much_ado_about_nothing:2.4
90 much_ado_about_nothing:0.2
90 much_ado_about_nothing:1.1
90 much_ado_about_nothing:2.2
90 much_ado_about_nothing:3.1
91 twelfth_night:0.0
91 twelfth_night:1.3
92 twelfth_night:0.1
92 twelfth_night:0.3
92 twelfth_night:0.4
92 twelfth_night:1.1
92 twelfth_night:2.0
92 twelfth_night:4.0
93 twelfth_night:0.2
93 twelfth_night:1.2
93 twelfth_night:1.4
93 twelfth_night:2.1
93 twelfth_night:2.3
93 twelfth_night:3.0
93 twelfth_night:3.1
94 twelfth_night:1.0
94 twelfth_night:2.2
94 twelfth_night:3.2
94 tempest:1.0
94 tempest:2.2
95 lear:0.0
95 lear:0.3
95 lear:0.4
95 lear:1.3
95 lear:2.1
95 lear:2.3
95 lear:2.5
95 lear:3.5
95 lear:3.6
95 lear:4.1
95 lear:4.2
96 lear:0.1
96 lear:1.0
96 lear:2.2
96 lear:2.4
96 lear:2.6
96 lear:3.0
96 lear:3.4
96 lear:4.0
97 lear:0.2
97 lear:3.1
98 lear:1.1
98 lear:2.0
98 lear:3.2
99 lear:1.2
100 lear:3.3
101 cymbeline:0.0
101 cymbeline:0.2
101 cymbeline:0.5
101 cymbeline:1.1
101 cymbeline:2.1
101 cymbeline:2.3
101 cymbeline:4.0
101 cymbeline:4.4
102 cymbeline:0.1
102 cymbeline:1.0
102 cymbeline:1.2
102 cymbeline:2.0
102 cymbeline:2.4
102 cymbeline:3.0
102 cymbeline:3.2
103 cymbeline:0.3
103 cymbeline:1.3
103 cymbeline:1.4
103 cymbeline:4.1
103 cymbeline:4.2
103 cymbeline:4.3
104 cymbeline:0.4
105 cymbeline:2.2
105 cymbeline:2.5
105 cymbeline:3.1
105 cymbeline:3.3
106 cymbeline:2.6
107 measure_for_measure:0.0
107 measure_for_measure:0.2
107 measure_for_measure:1.0
107 measure_for_measure:2.1
107 measure_for_measure:3.3
108 measure_for_measure:0.1
108 measure_for_measure:0.3
108 measure_for_measure:1.1
108 measure_for_measure:1.3
108 measure_for_measure:2.0
108 measure_for_measure:3.0
108 measure_for_measure:3.5
108 measure_for_measure:4.0
109 measure_for_measure:1.2
109 measure_for_measure:3.1
109 measure_for_measure:3.2
109 measure_for_measure:3.4
110 pericles:0.0
110 pericles:0.1
110 pericles:0.2
110 pericles:1.3
110 pericles:4.0
111 pericles:0.3
111 pericles:2.2
111 pericles:3.2
111 pericles:3.3
112 pericles:1.0
113 pericles:1.1
113 pericles:1.2
113 pericles:1.4
114 pericles:2.0
115 pericles:2.1
115 pericles:2.3
115 pericles:4.2
116 pericles:3.0
117 pericles:3.1
117 pericles:3.5
118 pericles:3.4
119 pericles:4.1
120 winters_tale:0.0
120 winters_tale:0.1
120 winters_tale:1.0
120 winters_tale:1.2
120 winters_tale:2.1
120 winters_tale:3.1
120 winters_tale:4.0
120 winters_tale:4.2
121 winters_tale:1.1
122 winters_tale:2.0
123 winters_tale:2.2
124 winters_tale:3.0
125 winters_tale:3.2
125 winters_tale:3.3
125 winters_tale:4.1
126 antony_and_cleopatra:0.0
126 antony_and_cleopatra:0.1
126 antony_and_cleopatra:0.2
126 antony_and_cleopatra:0.4
126 antony_and_cleopatra:1.4
126 antony_and_cleopatra:2.2
126 antony_and_cleopatra:2.6
126 antony_and_cleopatra:2.10
126 antony_and_cleopatra:2.12
126 antony_and_cleopatra:3.1
126 antony_and_cleopatra:3.3
126 antony_and_cleopatra:3.4
126 antony_and_cleopatra:3.7
126 antony_and_cleopatra:3.12
126 antony_and_cleopatra:3.14
126 antony_and_cleopatra:4.1
127 antony_and_cleopatra:1.0
127 antony_and_cleopatra:1.5
127 antony_and_cleopatra:1.6
127 antony_and_cleopatra:2.4
127 antony_and_cleopatra:2.9
128 antony_and_cleopatra:2.0
129 antony_and_cleopatra:2.3
130 antony_and_cleopatra:3.2
130 antony_and_cleopatra:3.8
131 antony_and_cleopatra:3.6
131 antony_and_cleopatra:3.9
131 antony_and_cleopatra:3.11
131 antony_and_cleopatra:3.13
132 tempest:0.0
133 tempest:0.1
133 tempest:2.0
133 tempest:3.0
133 tempest:4.0
134 tempest:1.1
134 tempest:2.1
135 two_gentlemen_of_verona:0.0
135 two_gentlemen_of_verona:0.2
135 two_gentlemen_of_verona:1.0
135 two_gentlemen_of_verona:1.3
135 two_gentlemen_of_verona:1.5
135 two_gentlemen_of_verona:2.1
135 two_gentlemen_of_verona:3.1
135 two_gentlemen_of_verona:3.3
135 two_gentlemen_of_verona:4.1
135 two_gentlemen_of_verona:4.3
136 two_gentlemen_of_verona:0.1
136 two_gentlemen_of_verona:1.1
136 two_gentlemen_of_verona:1.6
137 two_gentlemen_of_verona:1.2
137 two_gentlemen_of_verona:1.4
137 two_gentlemen_of_verona:2.0
138 two_gentlemen_of_verona:3.0
138 two_gentlemen_of_verona:4.2
139 two_gentlemen_of_verona:3.2
139 two_gentlemen_of_verona:4.0
140 merchant_of_venice:0.0
140 merchant_of_venice:0.2
140 merchant_of_venice:1.5
140 merchant_of_venice:1.7
140 merchant_of_venice:2.0
140 merchant_of_venice:2.2
140 merchant_of_venice:3.0
141 merchant_of_venice:0.1
141 merchant_of_venice:1.0
141 merchant_of_venice:1.6
141 merchant_of_venice:1.8
141 merchant_of_venice:2.1
141 merchant_of_venice:2.3
141 merchant_of_venice:3.1
141 merchant_of_venice:4.0
142 merchant_of_venice:1.1
142 merchant_of_venice:1.2
142 merchant_of_venice:1.3
142 merchant_of_venice:1.4
142 merchant_of_venice:2.4
143 henry_viii:0.1
143 henry_viii:1.3
143 henry_viii:2.0
144 henry_viii:0.2
144 henry_viii:0.3
144 henry_viii:1.1
144 henry_viii:2.1
145 henry_viii:1.0
145 henry_viii:3.0
146 henry_viii:3.1
147 henry_viii:4.0
147 henry_viii:4.2
147 henry_viii:4.4
148 henry_viii:4.1
149 henry_viii:4.3
150 midsummer_nights_dream:0.0
150 midsummer_nights_dream:1.1
150 midsummer_nights_dream:2.1
150 midsummer_nights_dream:3.0
151 midsummer_nights_dream:0.1
151 midsummer_nights_dream:2.0
151 midsummer_nights_dream:3.1
152 midsummer_nights_dream:1.0
153 midsummer_nights_dream:4.0
154 as_you_like_it:0.0
154 as_you_like_it:1.2
154 as_you_like_it:1.5
155 as_you_like_it:0.1
155 as_you_like_it:0.2
155 as_you_like_it:1.3
155 as_you_like_it:2.1
155 as_you_like_it:2.3
155 as_you_like_it:3.0
155 as_you_like_it:3.2
155 as_you_like_it:4.1
156 as_you_like_it:1.0
156 as_you_like_it:1.4
156 as_you_like_it:1.6
156 as_you_like_it:4.3
157 as_you_like_it:1.1
157 as_you_like_it:2.0
158 as_you_like_it:2.2
158 as_you_like_it:4.0
158 as_you_like_it:4.2
159 as_you_like_it:2.4
160 as_you_like_it:3.1
161 troilus_and_cressida:0.0
161 troilus_and_cressida:0.1
161 troilus_and_cressida:2.0
161 troilus_and_cressida:2.1
161 troilus_and_cressida:3.1
161 troilus_and_cressida:3.3
161 troilus_and_cressida:4.1
162 troilus_and_cressida:0.2
162 troilus_and_cressida:3.4
162 troilus_and_cressida:4.4
162 troilus_and_cressida:4.7
162 troilus_and_cressida:4.8
163 troilus_and_cressida:1.0
163 troilus_and_cressida:1.2
163 troilus_and_cressida:2.2
163 troilus_and_cressida:4.0
163 troilus_and_cressida:4.3
164 troilus_and_cressida:1.1
164 troilus_and_cressida:4.2
164 troilus_and_cressida:4.5
164 troilus_and_cressida:4.9
165 troilus_and_cressida:3.0
165 troilus_and_cressida:3.2
166 troilus_and_cressida:4.6
167 henry_v:0.0
168 henry_v:0.1
168 henry_v:1.3
169 henry_v:1.0
169 henry_v:1.2
170 henry_v:1.1
171 henry_v:2.0
172 henry_v:2.1
172 henry_v:2.5
172 henry_v:3.6
172 henry_v:3.7
172 henry_v:4.0
173 henry_v:2.2
174 henry_v:2.3
174 henry_v:3.3
174 henry_v:4.1
175 henry_v:2.4
175 henry_v:2.6
175 henry_v:3.1
175 henry_v:3.4
176 henry_v:3.0
177 life_and_death_of_king_john:0.0
177 life_and_death_of_king_john:1.0
177 life_and_death_of_king_john:2.0
177 life_and_death_of_king_john:2.1
177 life_and_death_of_king_john:2.3
177 life_and_death_of_king_john:4.0
177 life_and_death_of_king_john:4.1
178 life_and_death_of_king_john:2.2
178 life_and_death_of_king_john:3.0
178 life_and_death_of_king_john:3.1
178 life_and_death_of_king_john:3.2
178 life_and_death_of_king_john:4.2
178 life_and_death_of_king_john:4.5
179 life_and_death_of_king_john:4.3
180 life_and_death_of_king_john:4.4
181 life_and_death_of_king_john:4.6
182 timon_of_athens:0.0
182 timon_of_athens:0.1
182 timon_of_athens:1.1
182 timon_of_athens:2.5
182 timon_of_athens:3.1
182 timon_of_athens:3.2
182 timon_of_athens:4.0
182 timon_of_athens:4.1
182 timon_of_athens:4.2
183 timon_of_athens:1.0
184 timon_of_athens:2.0
185 timon_of_athens:2.1
185 timon_of_athens:2.3
186 timon_of_athens:2.2
187 timon_of_athens:2.4
187 timon_of_athens:4.3
188 timon_of_athens:3.0
