1 othello:0.0
1 othello:0.1
1 othello:0.2
1 othello:1.0
1 othello:1.2
1 othello:2.0
1 othello:2.1
1 othello:2.2
1 othello:2.3
1 othello:3.0
1 othello:3.1
1 othello:3.2
1 othello:4.0
1 othello:4.1
2 othello:1.1
3 henry_iv_part_ii:0.0
4 henry_iv_part_ii:0.1
4 henry_iv_part_ii:1.0
4 henry_iv_part_ii:2.1
4 henry_iv_part_ii:4.4
4 merry_wives_of_windsor:0.2
4 merry_wives_of_windsor:3.4
5 henry_iv_part_ii:0.2
5 henry_iv_part_ii:3.0
5 henry_iv_part_ii:3.1
6 henry_iv_part_ii:1.1
6 henry_iv_part_ii:1.3
6 henry_iv_part_ii:4.3
6 henry_iv_part_i:0.1
6 henry_iv_part_i:1.1
6 henry_iv_part_i:1.3
6 henry_iv_part_i:2.2
6 henry_iv_part_i:3.1
6 henry_iv_part_i:4.0
7 henry_iv_part_ii:1.2
8 henry_iv_part_ii:2.0
9 henry_iv_part_ii:3.2
10 henry_iv_part_ii:3.3
10 henry_iv_part_ii:3.4
10 henry_vi_part_3:3.5
10 henry_vi_part_3:3.7
10 henry_vi_part_3:4.0
10 henry_vi_part_3:4.1
11 henry_iv_part_ii:4.0
11 henry_iv_part_ii:4.2
12 henry_iv_part_ii:4.1
13 richard_ii:0.0
13 richard_ii:0.2
14 richard_ii:0.1
14 richard_ii:1.0
14 richard_ii:1.2
15 richard_ii:0.3
15 richard_ii:1.1
15 richard_ii:2.0
16 richard_ii:1.3
17 richard_ii:2.1
17 richard_ii:2.2
17 richard_ii:3.0
17 richard_ii:4.0
17 richard_ii:4.1
17 richard_ii:4.2
17 richard_ii:4.5
18 richard_ii:2.3
19 richard_ii:4.3
20 richard_ii:4.4
21 henry_vi_part_2:0.0
21 henry_vi_part_2:0.2
21 henry_vi_part_2:1.2
21 henry_vi_part_2:2.0
21 henry_vi_part_2:2.1
21 henry_vi_part_2:3.0
21 henry_vi_part_2:3.3
21 henry_vi_part_1:4.2
21 henry_vi_part_1:4.4
21 henry_v:3.5
22 henry_vi_part_2:0.1
22 henry_vi_part_2:0.3
23 henry_vi_part_2:1.0
24 henry_vi_part_2:1.1
25 henry_vi_part_2:1.3
26 henry_vi_part_2:2.2
27 henry_vi_part_2:3.1
27 henry_vi_part_2:3.2
27 henry_vi_part_2:3.5
27 henry_vi_part_2:3.6
27 henry_vi_part_2:3.7
27 henry_vi_part_2:3.9
28 henry_vi_part_2:3.4
29 henry_vi_part_2:3.8
29 henry_vi_part_2:4.0
29 henry_vi_part_2:4.1
29 henry_vi_part_3:0.0
29 henry_vi_part_3:0.1
29 henry_vi_part_3:0.2
29 henry_vi_part_3:0.3
29 henry_vi_part_3:1.0
29 henry_vi_part_3:1.1
29 henry_vi_part_3:1.3
29 henry_vi_part_3:1.5
30 henry_vi_part_2:4.2
31 merry_wives_of_windsor:0.0
31 merry_wives_of_windsor:0.1
31 merry_wives_of_windsor:2.0
31 merry_wives_of_windsor:2.3
31 merry_wives_of_windsor:3.0
31 merry_wives_of_windsor:4.1
32 merry_wives_of_windsor:0.3
32 merry_wives_of_windsor:1.2
33 merry_wives_of_windsor:1.0
33 merry_wives_of_windsor:1.1
33 merry_wives_of_windsor:2.1
33 merry_wives_of_windsor:2.2
33 merry_wives_of_windsor:2.4
33 merry_wives_of_windsor:3.1
33 merry_wives_of_windsor:3.3
33 merry_wives_of_windsor:4.0
33 merry_wives_of_windsor:4.2
33 merry_wives_of_windsor:4.4
34 merry_wives_of_windsor:3.2
35 merry_wives_of_windsor:3.5
36 merry_wives_of_windsor:4.3
37 richard_iii:0.0
37 richard_iii:0.3
37 henry_vi_part_3:2.1
37 henry_vi_part_3:3.0
37 henry_vi_part_3:3.1
37 henry_vi_part_3:3.6
37 henry_vi_part_3:4.2
37 henry_vi_part_3:4.4
37 henry_vi_part_3:4.6
38 richard_iii:0.1
38 richard_iii:3.0
38 henry_viii:1.2
39 richard_iii:0.2
39 richard_iii:1.0
39 richard_iii:1.1
39 richard_iii:1.3
39 richard_iii:2.0
39 richard_iii:2.4
39 richard_iii:2.6
39 richard_iii:3.1
39 richard_iii:3.3
39 richard_iii:4.2
39 henry_vi_part_3:3.3
40 richard_iii:1.2
40 coriolanus:0.0
40 coriolanus:1.0
40 coriolanus:1.1
40 coriolanus:1.2
40 coriolanus:2.0
40 coriolanus:2.1
40 coriolanus:2.2
40 coriolanus:3.0
40 coriolanus:3.1
40 coriolanus:3.3
40 coriolanus:3.5
40 coriolanus:4.0
40 coriolanus:4.1
40 coriolanus:4.2
40 coriolanus:4.3
41 richard_iii:2.1
41 richard_iii:2.3
42 richard_iii:2.2
43 richard_iii:2.5
44 richard_iii:3.2
45 richard_iii:3.4
46 richard_iii:4.0
47 richard_iii:4.1
48 richard_iii:4.3
49 richard_iii:4.4
50 hamlet:0.0
50 hamlet:0.1
50 hamlet:0.3
50 hamlet:0.4
50 hamlet:1.1
50 hamlet:2.0
50 hamlet:2.1
50 hamlet:2.3
50 hamlet:3.0
50 hamlet:3.1
50 hamlet:3.2
50 hamlet:3.3
50 hamlet:3.5
50 hamlet:4.0
50 hamlet:4.1
51 hamlet:0.2
51 hamlet:1.0
52 hamlet:2.2
53 hamlet:3.4
53 hamlet:3.6
54 henry_iv_part_i:0.0
55 henry_iv_part_i:0.2
55 henry_iv_part_i:1.2
55 henry_iv_part_i:2.0
55 henry_iv_part_i:3.0
55 henry_iv_part_i:3.2
55 henry_iv_part_i:4.1
55 henry_iv_part_i:4.2
55 henry_iv_part_i:4.3
55 henry_iv_part_i:4.4
56 henry_iv_part_i:1.0
57 henry_iv_part_i:2.1
58 henry_iv_part_i:3.3
59 henry_vi_part_1:0.0
60 henry_vi_part_1:0.1
60 henry_vi_part_1:0.4
60 henry_vi_part_1:0.5
60 henry_vi_part_1:1.0
60 henry_vi_part_1:2.1
60 henry_vi_part_1:2.2
60 henry_vi_part_1:3.6
60 henry_vi_part_1:4.1
60 henry_vi_part_1:4.3
61 henry_vi_part_1:0.2
61 henry_vi_part_1:2.0
61 henry_vi_part_1:4.0
62 henry_vi_part_1:0.3
63 henry_vi_part_1:1.1
63 henry_vi_part_1:1.2
63 henry_vi_part_1:3.4
63 henry_vi_part_1:3.5
64 henry_vi_part_1:1.3
64 henry_vi_part_1:1.4
65 henry_vi_part_1:2.3
65 henry_vi_part_1:3.0
66 henry_vi_part_1:3.1
67 henry_vi_part_1:3.2
67 henry_vi_part_1:3.3
68 taming_of_the_shrew:0.0
68 taming_of_the_shrew:0.1
68 taming_of_the_shrew:1.0
68 taming_of_the_shrew:2.1
68 taming_of_the_shrew:3.1
68 taming_of_the_shrew:3.3
68 taming_of_the_shrew:3.4
68 taming_of_the_shrew:4.0
68 taming_of_the_shrew:4.1
69 taming_of_the_shrew:2.0
70 taming_of_the_shrew:3.0
70 taming_of_the_shrew:3.2
71 alls_well_that_ends_well:0.0
71 alls_well_that_ends_well:0.2
71 alls_well_that_ends_well:1.0
71 alls_well_that_ends_well:1.1
71 alls_well_that_ends_well:1.2
71 alls_well_that_ends_well:1.3
71 alls_well_that_ends_well:1.4
71 alls_well_that_ends_well:2.1
71 alls_well_that_ends_well:2.4
71 alls_well_that_ends_well:3.4
71 alls_well_that_ends_well:4.1
72 alls_well_that_ends_well:0.1
73 alls_well_that_ends_well:2.0
74 alls_well_that_ends_well:2.2
74 alls_well_that_ends_well:2.5
74 alls_well_that_ends_well:3.1
74 alls_well_that_ends_well:3.2
74 alls_well_that_ends_well:4.2
75 alls_well_that_ends_well:2.3
76 alls_well_that_ends_well:2.6
76 alls_well_that_ends_well:4.0
77 alls_well_that_ends_well:3.0
78 alls_well_that_ends_well:3.3
79 loves_labors_lost:0.0
79 loves_labors_lost:1.0
79 loves_labors_lost:3.0
79 loves_labors_lost:3.2
79 loves_labors_lost:4.1
80 loves_labors_lost:0.1
80 loves_labors_lost:2.0
80 loves_labors_lost:4.0
81 loves_labors_lost:3.1
82 henry_vi_part_3:1.2
83 henry_vi_part_3:1.4
84 henry_vi_part_3:2.0
85 henry_vi_part_3:2.2
86 henry_vi_part_3:3.2
87 henry_vi_part_3:3.4
88 henry_vi_part_3:4.3
89 henry_vi_part_3:4.5
90 romeo_and_juliet:0.0
90 romeo_and_juliet:0.1
91 romeo_and_juliet:0.2
91 romeo_and_juliet:0.4
91 romeo_and_juliet:1.1
91 romeo_and_juliet:1.4
91 romeo_and_juliet:2.1
91 romeo_and_juliet:2.4
91 romeo_and_juliet:3.1
91 romeo_and_juliet:3.2
91 romeo_and_juliet:3.3
91 romeo_and_juliet:3.4
92 romeo_and_juliet:0.3
92 romeo_and_juliet:1.0
92 romeo_and_juliet:1.3
92 romeo_and_juliet:2.0
93 romeo_and_juliet:1.2
93 romeo_and_juliet:1.5
93 romeo_and_juliet:2.2
93 romeo_and_juliet:3.0
93 romeo_and_juliet:4.1
93 romeo_and_juliet:4.2
94 romeo_and_juliet:2.3
95 romeo_and_juliet:4.0
96 titus_andronicus:0.0
96 titus_andronicus:1.1
96 titus_andronicus:1.2
96 titus_andronicus:2.0
96 titus_andronicus:2.1
96 titus_andronicus:3.0
96 titus_andronicus:3.2
96 titus_andronicus:3.3
96 titus_andronicus:4.1
96 titus_andronicus:4.2
97 titus_andronicus:1.0
97 titus_andronicus:3.1
97 titus_andronicus:4.0
98 titus_andronicus:1.3
99 macbeth:0.0
99 macbeth:0.2
99 macbeth:0.4
99 macbeth:0.6
99 macbeth:1.0
99 macbeth:1.1
99 macbeth:1.2
99 macbeth:2.0
99 macbeth:2.1
99 macbeth:2.3
99 macbeth:3.0
99 macbeth:4.2
99 macbeth:4.4
99 macbeth:4.6
100 macbeth:0.1
100 macbeth:0.3
100 macbeth:0.5
100 macbeth:2.5
101 macbeth:1.3
101 macbeth:3.1
101 macbeth:3.2
101 macbeth:4.5
101 macbeth:4.7
102 macbeth:2.2
103 macbeth:2.4
104 macbeth:4.0
105 macbeth:4.1
105 macbeth:4.3
106 coriolanus:0.1
106 coriolanus:3.6
106 coriolanus:4.5
107 coriolanus:0.2
107 coriolanus:4.4
108 coriolanus:0.3
108 coriolanus:0.4
108 coriolanus:0.5
108 coriolanus:0.6
108 coriolanus:0.7
108 coriolanus:0.8
109 coriolanus:0.9
110 coriolanus:3.2
111 coriolanus:3.4
112 julius_caesar:0.0
113 julius_caesar:0.1
113 julius_caesar:0.2
113 julius_caesar:1.0
113 julius_caesar:1.1
113 julius_caesar:1.2
113 julius_caesar:2.0
113 julius_caesar:2.1
113 julius_caesar:3.1
113 julius_caesar:3.2
113 julius_caesar:4.0
113 julius_caesar:4.2
113 julius_caesar:4.3
114 julius_caesar:1.3
114 merchant_of_venice:0.1
114 merchant_of_venice:1.0
114 merchant_of_venice:1.6
114 merchant_of_venice:1.8
114 merchant_of_venice:2.1
114 merchant_of_venice:2.3
114 merchant_of_venice:3.1
114 merchant_of_venice:4.0
115 julius_caesar:2.2
116 julius_caesar:3.0
116 antony_and_cleopatra:0.3
116 antony_and_cleopatra:1.1
116 antony_and_cleopatra:1.2
116 antony_and_cleopatra:1.3
116 antony_and_cleopatra:2.1
116 antony_and_cleopatra:2.5
116 antony_and_cleopatra:2.11
116 antony_and_cleopatra:3.0
116 antony_and_cleopatra:3.4
116 antony_and_cleopatra:3.5
116 antony_and_cleopatra:3.10
116 antony_and_cleopatra:4.0
117 julius_caesar:4.1
118 julius_caesar:4.4
119 comedy_of_errors:0.0
120 comedy_of_errors:0.1
120 comedy_of_errors:1.1
120 comedy_of_errors:2.0
120 comedy_of_errors:2.1
120 comedy_of_errors:3.0
120 comedy_of_errors:3.2
120 comedy_of_errors:3.3
120 comedy_of_errors:4.0
121 comedy_of_errors:1.0
121 comedy_of_errors:3.1
122 much_ado_about_nothing:0.0
122 much_ado_about_nothing:1.0
122 much_ado_about_nothing:1.2
122 much_ado_about_nothing:2.0
122 much_ado_about_nothing:2.1
122 much_ado_about_nothing:2.3
122 much_ado_about_nothing:3.0
122 much_ado_about_nothing:4.0
122 much_ado_about_nothing:4.1
122 much_ado_about_nothing:4.2
122 much_ado_about_nothing:4.3
123 much_ado_about_nothing:0.1
124 much_ado_about_nothing:0.2
124 much_ado_about_nothing:1.1
124 much_ado_about_nothing:2.2
124 much_ado_about_nothing:3.1
125 much_ado_about_nothing:2.4
126 twelfth_night:0.0
127 twelfth_night:0.1
127 twelfth_night:0.3
127 twelfth_night:1.3
128 twelfth_night:0.2
128 twelfth_night:1.2
128 twelfth_night:1.4
128 twelfth_night:2.1
128 twelfth_night:2.3
128 twelfth_night:3.0
128 twelfth_night:3.1
129 twelfth_night:0.4
129 twelfth_night:1.1
129 twelfth_night:2.0
129 twelfth_night:4.0
130 twelfth_night:1.0
130 twelfth_night:2.2
130 tempest:1.0
130 tempest:2.2
131 twelfth_night:3.2
132 lear:0.0
132 lear:0.3
132 lear:0.4
132 lear:1.3
132 lear:2.1
132 lear:2.3
132 lear:2.5
132 lear:3.6
132 lear:4.2
133 lear:0.1
133 lear:1.0
133 lear:2.2
133 lear:2.4
133 lear:2.6
133 lear:3.4
133 lear:4.0
134 lear:0.2
134 lear:3.1
135 lear:1.1
135 lear:2.0
135 lear:3.2
136 lear:1.2
137 lear:3.0
137 lear:3.5
137 lear:4.1
138 lear:3.3
139 cymbeline:0.0
139 cymbeline:0.2
139 cymbeline:0.5
139 cymbeline:1.1
139 cymbeline:2.1
139 cymbeline:2.3
139 cymbeline:4.0
139 cymbeline:4.4
140 cymbeline:0.1
140 cymbeline:1.0
140 cymbeline:1.2
140 cymbeline:2.4
140 cymbeline:3.2
141 cymbeline:0.3
141 cymbeline:1.3
141 cymbeline:4.1
141 cymbeline:4.2
141 cymbeline:4.3
142 cymbeline:0.4
143 cymbeline:1.4
144 cymbeline:2.0
145 cymbeline:2.2
145 cymbeline:2.5
145 cymbeline:3.1
145 cymbeline:3.3
146 cymbeline:2.6
147 cymbeline:3.0
148 measure_for_measure:0.0
148 measure_for_measure:1.0
148 measure_for_measure:2.1
148 measure_for_measure:3.3
149 measure_for_measure:0.1
149 measure_for_measure:0.3
149 measure_for_measure:1.1
149 measure_for_measure:1.3
149 measure_for_measure:2.0
149 measure_for_measure:3.0
149 measure_for_measure:3.5
149 measure_for_measure:4.0
150 measure_for_measure:0.2
151 measure_for_measure:1.2
151 measure_for_measure:3.1
151 measure_for_measure:3.2
152 measure_for_measure:3.4
153 pericles:0.0
154 pericles:0.1
154 pericles:0.2
154 pericles:1.3
154 pericles:4.0
155 pericles:0.3
155 pericles:2.2
155 pericles:3.2
155 pericles:3.3
156 pericles:1.0
157 pericles:1.1
157 pericles:1.2
157 pericles:1.4
158 pericles:2.0
159 pericles:2.1
159 pericles:2.3
159 pericles:4.2
160 pericles:3.0
161 pericles:3.1
161 pericles:3.5
162 pericles:3.4
163 pericles:4.1
164 winters_tale:0.0
164 winters_tale:0.1
164 winters_tale:1.0
164 winters_tale:1.2
164 winters_tale:2.1
164 winters_tale:3.1
164 winters_tale:4.0
164 winters_tale:4.2
165 winters_tale:1.1
166 winters_tale:2.0
167 winters_tale:2.2
168 winters_tale:3.0
169 winters_tale:3.2
169 winters_tale:3.3
169 winters_tale:4.1
170 antony_and_cleopatra:0.0
170 antony_and_cleopatra:0.2
170 antony_and_cleopatra:0.4
170 antony_and_cleopatra:1.4
170 antony_and_cleopatra:2.2
170 antony_and_cleopatra:2.10
170 antony_and_cleopatra:2.12
170 antony_and_cleopatra:3.3
170 antony_and_cleopatra:3.7
170 antony_and_cleopatra:3.11
170 antony_and_cleopatra:3.12
170 antony_and_cleopatra:3.13
170 antony_and_cleopatra:3.14
170 antony_and_cleopatra:4.1
171 antony_and_cleopatra:0.1
171 antony_and_cleopatra:2.6
171 antony_and_cleopatra:2.8
171 antony_and_cleopatra:2.9
171 antony_and_cleopatra:3.1
171 antony_and_cleopatra:3.8
172 antony_and_cleopatra:1.0
172 antony_and_cleopatra:1.5
172 antony_and_cleopatra:1.6
172 antony_and_cleopatra:2.4
173 antony_and_cleopatra:2.0
174 antony_and_cleopatra:2.3
175 antony_and_cleopatra:2.7
176 antony_and_cleopatra:3.2
177 antony_and_cleopatra:3.6
177 antony_and_cleopatra:3.9
178 tempest:0.0
179 tempest:0.1
179 tempest:2.0
179 tempest:3.0
179 tempest:4.0
180 tempest:1.1
180 tempest:2.1
181 two_gentlemen_of_verona:0.0
181 two_gentlemen_of_verona:0.2
181 two_gentlemen_of_verona:1.1
181 two_gentlemen_of_verona:2.1
181 two_gentlemen_of_verona:3.1
181 two_gentlemen_of_verona:3.3
181 two_gentlemen_of_verona:4.1
181 two_gentlemen_of_verona:4.3
182 two_gentlemen_of_verona:0.1
182 two_gentlemen_of_verona:1.6
183 two_gentlemen_of_verona:1.0
183 two_gentlemen_of_verona:1.3
183 two_gentlemen_of_verona:1.5
184 two_gentlemen_of_verona:1.2
184 two_gentlemen_of_verona:1.4
184 two_gentlemen_of_verona:2.0
185 two_gentlemen_of_verona:3.0
185 two_gentlemen_of_verona:4.2
186 two_gentlemen_of_verona:3.2
186 two_gentlemen_of_verona:4.0
187 merchant_of_venice:0.0
187 merchant_of_venice:1.5
187 merchant_of_venice:1.7
188 merchant_of_venice:0.2
188 merchant_of_venice:1.4
188 merchant_of_venice:2.0
188 merchant_of_venice:2.2
188 merchant_of_venice:3.0
189 merchant_of_venice:1.1
189 merchant_of_venice:1.2
189 merchant_of_venice:1.3
189 merchant_of_venice:2.4
190 henry_viii:0.0
191 henry_viii:0.1
191 henry_viii:1.3
191 henry_viii:2.0
192 henry_viii:0.2
192 henry_viii:0.3
192 henry_viii:1.1
192 henry_viii:2.1
193 henry_viii:1.0
193 henry_viii:3.0
194 henry_viii:3.1
195 henry_viii:4.0
195 henry_viii:4.2
195 henry_viii:4.4
196 henry_viii:4.1
197 henry_viii:4.3
198 midsummer_nights_dream:0.0
198 midsummer_nights_dream:1.1
198 midsummer_nights_dream:2.1
198 midsummer_nights_dream:3.0
199 midsummer_nights_dream:0.1
199 midsummer_nights_dream:2.0
199 midsummer_nights_dream:3.1
200 midsummer_nights_dream:1.0
201 midsummer_nights_dream:4.0
202 as_you_like_it:0.0
202 as_you_like_it:1.2
202 as_you_like_it:1.5
203 as_you_like_it:0.1
203 as_you_like_it:0.2
203 as_you_like_it:1.3
203 as_you_like_it:2.1
203 as_you_like_it:2.3
203 as_you_like_it:3.0
203 as_you_like_it:3.2
203 as_you_like_it:4.1
204 as_you_like_it:1.0
204 as_you_like_it:1.6
204 as_you_like_it:4.3
205 as_you_like_it:1.1
206 as_you_like_it:1.4
207 as_you_like_it:2.0
208 as_you_like_it:2.2
208 as_you_like_it:4.0
208 as_you_like_it:4.2
209 as_you_like_it:2.4
210 as_you_like_it:3.1
211 troilus_and_cressida:0.0
211 troilus_and_cressida:0.1
211 troilus_and_cressida:2.0
211 troilus_and_cressida:2.1
211 troilus_and_cressida:3.1
211 troilus_and_cressida:3.3
211 troilus_and_cressida:4.1
212 troilus_and_cressida:0.2
212 troilus_and_cressida:3.4
212 troilus_and_cressida:4.4
212 troilus_and_cressida:4.7
212 troilus_and_cressida:4.8
213 troilus_and_cressida:1.0
213 troilus_and_cressida:1.2
213 troilus_and_cressida:2.2
213 troilus_and_cressida:4.0
213 troilus_and_cressida:4.3
214 troilus_and_cressida:1.1
214 troilus_and_cressida:4.2
214 troilus_and_cressida:4.5
214 troilus_and_cressida:4.9
215 troilus_and_cressida:3.0
215 troilus_and_cressida:3.2
216 troilus_and_cressida:4.6
217 henry_v:0.0
218 henry_v:0.1
219 henry_v:1.0
219 henry_v:1.2
220 henry_v:1.1
221 henry_v:1.3
222 henry_v:2.0
223 henry_v:2.1
223 henry_v:2.5
223 henry_v:3.6
223 henry_v:3.7
223 henry_v:4.0
224 henry_v:2.2
225 henry_v:2.3
225 henry_v:3.3
225 henry_v:4.1
226 henry_v:2.4
226 henry_v:2.6
226 henry_v:3.1
226 henry_v:3.4
227 henry_v:3.0
228 henry_v:3.2
229 life_and_death_of_king_john:0.0
230 life_and_death_of_king_john:1.0
230 life_and_death_of_king_john:2.0
230 life_and_death_of_king_john:2.1
230 life_and_death_of_king_john:2.3
231 life_and_death_of_king_john:2.2
231 life_and_death_of_king_john:3.0
231 life_and_death_of_king_john:3.1
231 life_and_death_of_king_john:3.2
231 life_and_death_of_king_john:4.2
231 life_and_death_of_king_john:4.5
232 life_and_death_of_king_john:4.0
233 life_and_death_of_king_john:4.1
234 life_and_death_of_king_john:4.3
235 life_and_death_of_king_john:4.4
236 life_and_death_of_king_john:4.6
237 timon_of_athens:0.0
237 timon_of_athens:0.1
237 timon_of_athens:1.1
237 timon_of_athens:2.5
237 timon_of_athens:3.2
237 timon_of_athens:4.0
237 timon_of_athens:4.1
237 timon_of_athens:4.2
238 timon_of_athens:1.0
239 timon_of_athens:2.0
240 timon_of_athens:2.1
240 timon_of_athens:2.3
241 timon_of_athens:2.2
242 timon_of_athens:2.4
242 timon_of_athens:4.3
243 timon_of_athens:3.0
244 timon_of_athens:3.1
