1 othello:0.0
2 othello:0.1
2 othello:0.2
2 othello:1.0
2 othello:1.2
2 othello:2.0
2 othello:2.2
2 othello:2.3
2 othello:3.0
2 othello:3.1
2 othello:4.0
2 othello:4.1
3 othello:1.1
4 othello:2.1
5 othello:3.2
6 henry_iv_part_ii:0.0
7 henry_iv_part_ii:0.1
7 henry_iv_part_ii:1.0
7 henry_iv_part_ii:4.4
8 henry_iv_part_ii:0.2
9 henry_iv_part_ii:1.1
9 henry_iv_part_i:0.1
9 henry_iv_part_i:1.1
9 henry_iv_part_i:1.3
9 henry_iv_part_i:2.2
10 henry_iv_part_ii:1.2
11 henry_iv_part_ii:1.3
11 henry_iv_part_ii:4.3
12 henry_iv_part_ii:2.0
13 henry_iv_part_ii:2.1
14 henry_iv_part_ii:3.0
14 henry_iv_part_ii:3.1
15 henry_iv_part_ii:3.2
16 henry_iv_part_ii:3.3
17 henry_iv_part_ii:3.4
18 henry_iv_part_ii:4.0
18 henry_iv_part_ii:4.2
19 henry_iv_part_ii:4.1
20 richard_ii:0.0
20 richard_ii:0.2
21 richard_ii:0.1
22 richard_ii:0.3
23 richard_ii:1.0
24 richard_ii:1.1
25 richard_ii:1.2
26 richard_ii:1.3
27 richard_ii:2.0
28 richard_ii:2.1
28 richard_ii:2.2
28 richard_ii:3.0
29 richard_ii:2.3
30 richard_ii:4.0
31 richard_ii:4.1
31 richard_ii:4.2
31 richard_iii:1.3
32 richard_ii:4.3
33 richard_ii:4.4
34 richard_ii:4.5
35 henry_vi_part_2:0.0
35 henry_vi_part_2:0.2
35 henry_vi_part_2:2.0
35 henry_vi_part_2:2.1
35 henry_vi_part_1:4.2
35 henry_vi_part_1:4.4
36 henry_vi_part_2:0.1
37 henry_vi_part_2:0.3
38 henry_vi_part_2:1.0
39 henry_vi_part_2:1.1
40 henry_vi_part_2:1.2
41 henry_vi_part_2:1.3
42 henry_vi_part_2:2.2
43 henry_vi_part_2:3.0
44 henry_vi_part_2:3.1
44 henry_vi_part_2:3.2
44 henry_vi_part_2:3.5
44 henry_vi_part_2:3.6
45 henry_vi_part_2:3.3
46 henry_vi_part_2:3.4
47 henry_vi_part_2:3.7
48 henry_vi_part_2:3.8
49 henry_vi_part_2:3.9
50 henry_vi_part_2:4.0
50 henry_vi_part_2:4.1
50 henry_vi_part_3:0.0
50 henry_vi_part_3:0.3
50 henry_vi_part_3:1.0
50 henry_vi_part_3:1.1
50 henry_vi_part_3:1.5
51 henry_vi_part_2:4.2
52 merry_wives_of_windsor:0.0
52 merry_wives_of_windsor:2.0
52 merry_wives_of_windsor:3.0
53 merry_wives_of_windsor:0.1
54 merry_wives_of_windsor:0.2
54 henry_v:1.0
54 henry_v:1.2
55 merry_wives_of_windsor:0.3
55 merry_wives_of_windsor:1.2
56 merry_wives_of_windsor:1.0
56 merry_wives_of_windsor:1.1
56 merry_wives_of_windsor:2.1
56 merry_wives_of_windsor:2.2
56 merry_wives_of_windsor:2.4
56 merry_wives_of_windsor:3.1
56 merry_wives_of_windsor:3.3
56 merry_wives_of_windsor:4.2
56 merry_wives_of_windsor:4.4
57 merry_wives_of_windsor:2.3
58 merry_wives_of_windsor:3.2
59 merry_wives_of_windsor:3.4
60 merry_wives_of_windsor:3.5
61 merry_wives_of_windsor:4.0
62 merry_wives_of_windsor:4.1
63 merry_wives_of_windsor:4.3
64 richard_iii:0.0
65 richard_iii:0.1
65 henry_viii:1.2
66 richard_iii:0.2
67 richard_iii:0.3
68 richard_iii:1.0
69 richard_iii:1.1
70 richard_iii:1.2
70 coriolanus:1.2
70 julius_caesar:2.1
71 richard_iii:2.0
71 richard_iii:2.4
71 richard_iii:2.6
72 richard_iii:2.1
72 richard_iii:2.3
73 richard_iii:2.2
74 richard_iii:2.5
75 richard_iii:3.0
75 richard_iii:3.3
76 richard_iii:3.1
76 richard_iii:3.2
77 richard_iii:3.4
78 richard_iii:4.0
79 richard_iii:4.1
80 richard_iii:4.2
81 richard_iii:4.3
82 richard_iii:4.4
83 hamlet:0.0
84 hamlet:0.1
84 hamlet:0.3
84 hamlet:0.4
84 hamlet:3.5
84 hamlet:4.0
84 hamlet:4.1
85 hamlet:0.2
85 hamlet:3.4
85 hamlet:3.6
86 hamlet:1.0
87 hamlet:1.1
87 hamlet:2.0
87 hamlet:2.1
87 hamlet:2.3
87 hamlet:3.1
87 hamlet:3.2
88 hamlet:2.2
89 hamlet:3.0
90 hamlet:3.3
91 henry_iv_part_i:0.0
92 henry_iv_part_i:0.2
92 henry_iv_part_i:2.0
92 henry_iv_part_i:3.0
92 henry_iv_part_i:4.1
93 henry_iv_part_i:1.0
94 henry_iv_part_i:1.2
95 henry_iv_part_i:2.1
96 henry_iv_part_i:3.1
97 henry_iv_part_i:3.2
97 henry_iv_part_i:4.2
98 henry_iv_part_i:3.3
99 henry_iv_part_i:4.0
100 henry_iv_part_i:4.3
101 henry_iv_part_i:4.4
102 henry_vi_part_1:0.0
103 henry_vi_part_1:0.1
103 henry_vi_part_1:0.5
103 henry_vi_part_1:4.1
103 henry_vi_part_1:4.3
104 henry_vi_part_1:0.2
104 henry_vi_part_1:2.0
105 henry_vi_part_1:0.3
106 henry_vi_part_1:0.4
107 henry_vi_part_1:1.0
107 henry_vi_part_1:2.1
107 henry_vi_part_1:2.2
108 henry_vi_part_1:1.1
109 henry_vi_part_1:1.2
110 henry_vi_part_1:1.3
111 henry_vi_part_1:1.4
112 henry_vi_part_1:2.3
113 henry_vi_part_1:3.0
114 henry_vi_part_1:3.1
115 henry_vi_part_1:3.2
115 henry_vi_part_1:3.3
116 henry_vi_part_1:3.4
116 henry_vi_part_1:3.5
116 henry_vi_part_1:3.6
117 henry_vi_part_1:4.0
118 taming_of_the_shrew:0.0
118 taming_of_the_shrew:3.1
118 taming_of_the_shrew:3.3
118 taming_of_the_shrew:4.0
119 taming_of_the_shrew:0.1
119 taming_of_the_shrew:1.0
119 taming_of_the_shrew:2.1
119 taming_of_the_shrew:3.2
119 taming_of_the_shrew:3.4
119 taming_of_the_shrew:4.1
120 taming_of_the_shrew:2.0
121 taming_of_the_shrew:3.0
122 alls_well_that_ends_well:0.0
122 alls_well_that_ends_well:1.0
122 alls_well_that_ends_well:1.2
122 alls_well_that_ends_well:1.3
122 alls_well_that_ends_well:1.4
122 alls_well_that_ends_well:2.5
122 alls_well_that_ends_well:3.2
122 alls_well_that_ends_well:4.1
123 alls_well_that_ends_well:0.1
124 alls_well_that_ends_well:0.2
124 alls_well_that_ends_well:1.1
124 alls_well_that_ends_well:2.1
125 alls_well_that_ends_well:2.0
126 alls_well_that_ends_well:2.2
127 alls_well_that_ends_well:2.3
128 alls_well_that_ends_well:2.4
128 alls_well_that_ends_well:4.0
129 alls_well_that_ends_well:2.6
130 alls_well_that_ends_well:3.0
131 alls_well_that_ends_well:3.1
131 alls_well_that_ends_well:4.2
132 alls_well_that_ends_well:3.3
133 alls_well_that_ends_well:3.4
134 loves_labors_lost:0.0
134 loves_labors_lost:3.2
135 loves_labors_lost:0.1
135 loves_labors_lost:2.0
135 loves_labors_lost:4.0
136 loves_labors_lost:1.0
136 loves_labors_lost:3.0
136 loves_labors_lost:4.1
137 loves_labors_lost:3.1
138 henry_vi_part_3:0.1
139 henry_vi_part_3:0.2
139 henry_vi_part_3:1.3
140 henry_vi_part_3:1.2
141 henry_vi_part_3:1.4
142 henry_vi_part_3:2.0
143 henry_vi_part_3:2.1
143 henry_vi_part_3:3.0
143 henry_vi_part_3:3.6
143 henry_vi_part_3:4.4
143 henry_vi_part_3:4.6
144 henry_vi_part_3:2.2
145 henry_vi_part_3:3.1
146 henry_vi_part_3:3.2
147 henry_vi_part_3:3.3
148 henry_vi_part_3:3.4
149 henry_vi_part_3:3.5
149 henry_vi_part_3:4.0
149 henry_vi_part_3:4.1
150 henry_vi_part_3:3.7
151 henry_vi_part_3:4.2
152 henry_vi_part_3:4.3
153 henry_vi_part_3:4.5
154 romeo_and_juliet:0.0
155 romeo_and_juliet:0.1
156 romeo_and_juliet:0.2
156 romeo_and_juliet:3.1
156 romeo_and_juliet:3.3
157 romeo_and_juliet:0.3
157 romeo_and_juliet:1.0
157 romeo_and_juliet:1.3
157 romeo_and_juliet:2.0
158 romeo_and_juliet:0.4
158 romeo_and_juliet:1.1
158 romeo_and_juliet:2.1
158 romeo_and_juliet:2.4
158 romeo_and_juliet:3.2
159 romeo_and_juliet:1.2
159 romeo_and_juliet:1.5
159 romeo_and_juliet:2.2
159 romeo_and_juliet:3.0
159 romeo_and_juliet:4.1
159 romeo_and_juliet:4.2
160 romeo_and_juliet:1.4
161 romeo_and_juliet:2.3
162 romeo_and_juliet:3.4
163 romeo_and_juliet:4.0
164 titus_andronicus:0.0
164 titus_andronicus:1.1
164 titus_andronicus:2.0
164 titus_andronicus:2.1
164 titus_andronicus:3.0
164 titus_andronicus:3.2
164 titus_andronicus:4.1
164 titus_andronicus:4.2
165 titus_andronicus:1.0
165 titus_andronicus:3.1
166 titus_andronicus:1.2
167 titus_andronicus:1.3
168 titus_andronicus:3.3
169 titus_andronicus:4.0
170 macbeth:0.0
171 macbeth:0.1
172 macbeth:0.2
173 macbeth:0.3
174 macbeth:0.4
174 macbeth:0.6
174 macbeth:1.1
174 macbeth:2.1
174 macbeth:2.3
174 macbeth:3.0
175 macbeth:0.5
176 macbeth:1.0
176 macbeth:2.0
177 macbeth:1.2
178 macbeth:1.3
178 macbeth:3.1
178 macbeth:3.2
178 macbeth:4.5
178 macbeth:4.7
179 macbeth:2.2
180 macbeth:2.4
181 macbeth:2.5
182 macbeth:4.0
183 macbeth:4.1
183 macbeth:4.3
184 macbeth:4.2
184 macbeth:4.4
185 macbeth:4.6
186 coriolanus:0.0
186 coriolanus:1.0
186 coriolanus:1.1
186 coriolanus:2.0
186 coriolanus:2.1
186 coriolanus:2.2
186 coriolanus:3.1
186 coriolanus:3.5
186 coriolanus:4.0
186 coriolanus:4.1
186 coriolanus:4.3
187 coriolanus:0.1
188 coriolanus:0.2
189 coriolanus:0.3
189 coriolanus:0.4
189 coriolanus:0.5
189 coriolanus:0.7
189 coriolanus:0.8
190 coriolanus:0.6
191 coriolanus:0.9
192 coriolanus:3.0
193 coriolanus:3.2
194 coriolanus:3.3
195 coriolanus:3.4
196 coriolanus:3.6
197 coriolanus:4.2
198 coriolanus:4.4
199 coriolanus:4.5
200 julius_caesar:0.0
201 julius_caesar:0.1
201 julius_caesar:0.2
201 julius_caesar:1.0
201 julius_caesar:2.0
201 julius_caesar:3.1
201 julius_caesar:3.2
201 julius_caesar:4.0
201 julius_caesar:4.3
202 julius_caesar:1.1
203 julius_caesar:1.2
204 julius_caesar:1.3
205 julius_caesar:2.2
206 julius_caesar:3.0
207 julius_caesar:4.1
208 julius_caesar:4.2
209 julius_caesar:4.4
210 comedy_of_errors:0.0
211 comedy_of_errors:0.1
211 comedy_of_errors:1.1
211 comedy_of_errors:2.0
211 comedy_of_errors:2.1
211 comedy_of_errors:3.0
211 comedy_of_errors:3.2
211 comedy_of_errors:3.3
211 comedy_of_errors:4.0
212 comedy_of_errors:1.0
212 comedy_of_errors:3.1
213 much_ado_about_nothing:0.0
213 much_ado_about_nothing:1.0
213 much_ado_about_nothing:1.2
213 much_ado_about_nothing:2.1
213 much_ado_about_nothing:3.0
213 much_ado_about_nothing:4.0
213 much_ado_about_nothing:4.2
213 much_ado_about_nothing:4.3
214 much_ado_about_nothing:0.1
215 much_ado_about_nothing:0.2
215 much_ado_about_nothing:1.1
216 much_ado_about_nothing:2.0
216 much_ado_about_nothing:2.3
216 much_ado_about_nothing:4.1
217 much_ado_about_nothing:2.2
217 much_ado_about_nothing:3.1
218 much_ado_about_nothing:2.4
219 twelfth_night:0.0
220 twelfth_night:0.1
220 twelfth_night:0.3
220 twelfth_night:1.3
221 twelfth_night:0.2
221 twelfth_night:1.2
221 twelfth_night:1.4
221 twelfth_night:2.1
221 twelfth_night:2.3
221 twelfth_night:3.0
222 twelfth_night:0.4
222 twelfth_night:2.0
222 twelfth_night:4.0
223 twelfth_night:1.0
223 twelfth_night:2.2
223 tempest:1.0
223 tempest:2.2
224 twelfth_night:1.1
225 twelfth_night:3.1
226 twelfth_night:3.2
227 lear:0.0
227 lear:0.3
227 lear:0.4
227 lear:1.3
227 lear:2.3
227 lear:2.5
227 lear:3.6
228 lear:0.1
228 lear:1.0
228 lear:2.2
228 lear:4.0
228 lear:4.2
229 lear:0.2
230 lear:1.1
231 lear:1.2
232 lear:2.0
233 lear:2.1
234 lear:2.4
234 lear:2.6
235 lear:3.0
235 lear:3.5
235 lear:4.1
236 lear:3.1
237 lear:3.2
238 lear:3.3
239 lear:3.4
240 cymbeline:0.0
240 cymbeline:4.4
241 cymbeline:0.1
241 cymbeline:1.0
241 cymbeline:1.2
241 cymbeline:2.4
242 cymbeline:0.2
242 cymbeline:2.3
243 cymbeline:0.3
243 cymbeline:1.3
243 cymbeline:4.1
243 cymbeline:4.3
244 cymbeline:0.4
245 cymbeline:0.5
246 cymbeline:1.1
247 cymbeline:1.4
248 cymbeline:2.0
249 cymbeline:2.1
250 cymbeline:2.2
251 cymbeline:2.5
251 cymbeline:3.1
251 cymbeline:3.3
252 cymbeline:2.6
253 cymbeline:3.0
254 cymbeline:3.2
255 cymbeline:4.0
256 cymbeline:4.2
257 measure_for_measure:0.0
257 measure_for_measure:3.3
258 measure_for_measure:0.1
258 measure_for_measure:2.1
259 measure_for_measure:0.2
260 measure_for_measure:0.3
260 measure_for_measure:1.1
260 measure_for_measure:1.3
260 measure_for_measure:2.0
261 measure_for_measure:1.0
262 measure_for_measure:1.2
262 measure_for_measure:3.1
262 measure_for_measure:3.2
262 measure_for_measure:4.0
263 measure_for_measure:3.0
263 measure_for_measure:3.5
264 measure_for_measure:3.4
265 pericles:0.0
266 pericles:0.1
267 pericles:0.2
268 pericles:0.3
268 pericles:2.2
268 pericles:3.2
269 pericles:1.0
270 pericles:1.1
270 pericles:1.2
270 pericles:1.4
271 pericles:1.3
272 pericles:2.0
273 pericles:2.1
273 pericles:2.3
274 pericles:3.0
275 pericles:3.1
275 pericles:3.5
276 pericles:3.3
277 pericles:3.4
278 pericles:4.0
279 pericles:4.1
280 pericles:4.2
281 winters_tale:0.0
282 winters_tale:0.1
282 winters_tale:1.0
282 winters_tale:2.1
283 winters_tale:1.1
284 winters_tale:1.2
284 winters_tale:4.0
284 winters_tale:4.2
285 winters_tale:2.0
286 winters_tale:2.2
287 winters_tale:3.0
288 winters_tale:3.1
289 winters_tale:3.2
289 winters_tale:3.3
290 winters_tale:4.1
291 antony_and_cleopatra:0.0
291 antony_and_cleopatra:0.2
291 antony_and_cleopatra:0.4
291 antony_and_cleopatra:1.4
291 antony_and_cleopatra:2.2
291 antony_and_cleopatra:2.10
291 antony_and_cleopatra:2.12
291 antony_and_cleopatra:3.3
291 antony_and_cleopatra:3.12
291 antony_and_cleopatra:3.14
291 antony_and_cleopatra:4.1
292 antony_and_cleopatra:0.1
293 antony_and_cleopatra:0.3
294 antony_and_cleopatra:1.0
295 antony_and_cleopatra:1.1
295 antony_and_cleopatra:1.5
295 antony_and_cleopatra:1.6
295 antony_and_cleopatra:2.1
295 antony_and_cleopatra:2.4
295 antony_and_cleopatra:3.1
295 antony_and_cleopatra:3.5
296 antony_and_cleopatra:1.2
297 antony_and_cleopatra:1.3
298 antony_and_cleopatra:2.0
299 antony_and_cleopatra:2.3
300 antony_and_cleopatra:2.5
300 antony_and_cleopatra:3.0
300 antony_and_cleopatra:4.0
301 antony_and_cleopatra:2.6
301 antony_and_cleopatra:2.9
302 antony_and_cleopatra:2.7
303 antony_and_cleopatra:2.8
304 antony_and_cleopatra:2.11
305 antony_and_cleopatra:3.2
306 antony_and_cleopatra:3.4
306 antony_and_cleopatra:3.13
307 antony_and_cleopatra:3.6
308 antony_and_cleopatra:3.7
309 antony_and_cleopatra:3.8
310 antony_and_cleopatra:3.9
311 antony_and_cleopatra:3.10
312 antony_and_cleopatra:3.11
313 tempest:0.0
314 tempest:0.1
314 tempest:2.0
314 tempest:3.0
314 tempest:4.0
315 tempest:1.1
315 tempest:2.1
316 two_gentlemen_of_verona:0.0
316 two_gentlemen_of_verona:2.1
317 two_gentlemen_of_verona:0.1
317 two_gentlemen_of_verona:1.6
318 two_gentlemen_of_verona:0.2
319 two_gentlemen_of_verona:1.0
319 two_gentlemen_of_verona:1.3
319 two_gentlemen_of_verona:1.5
319 two_gentlemen_of_verona:4.3
320 two_gentlemen_of_verona:1.1
320 two_gentlemen_of_verona:3.1
320 two_gentlemen_of_verona:3.3
320 two_gentlemen_of_verona:4.1
321 two_gentlemen_of_verona:1.2
321 two_gentlemen_of_verona:1.4
321 two_gentlemen_of_verona:2.0
322 two_gentlemen_of_verona:3.0
322 two_gentlemen_of_verona:4.2
323 two_gentlemen_of_verona:3.2
323 two_gentlemen_of_verona:4.0
324 merchant_of_venice:0.0
324 merchant_of_venice:1.7
325 merchant_of_venice:0.1
325 merchant_of_venice:1.8
325 merchant_of_venice:2.3
325 merchant_of_venice:3.1
325 merchant_of_venice:4.0
326 merchant_of_venice:0.2
326 merchant_of_venice:2.0
326 merchant_of_venice:2.2
326 merchant_of_venice:3.0
327 merchant_of_venice:1.0
328 merchant_of_venice:1.1
328 merchant_of_venice:1.2
329 merchant_of_venice:1.3
329 merchant_of_venice:1.5
329 merchant_of_venice:2.4
330 merchant_of_venice:1.4
331 merchant_of_venice:1.6
332 merchant_of_venice:2.1
333 henry_viii:0.0
334 henry_viii:0.1
334 henry_viii:1.3
334 henry_viii:2.0
335 henry_viii:0.2
335 henry_viii:0.3
335 henry_viii:1.1
335 henry_viii:2.1
336 henry_viii:1.0
337 henry_viii:3.0
338 henry_viii:3.1
339 henry_viii:4.0
340 henry_viii:4.1
341 henry_viii:4.2
342 henry_viii:4.3
343 henry_viii:4.4
344 midsummer_nights_dream:0.0
344 midsummer_nights_dream:1.1
344 midsummer_nights_dream:2.1
345 midsummer_nights_dream:0.1
345 midsummer_nights_dream:2.0
345 midsummer_nights_dream:3.1
346 midsummer_nights_dream:1.0
347 midsummer_nights_dream:3.0
348 midsummer_nights_dream:4.0
349 as_you_like_it:0.0
350 as_you_like_it:0.1
350 as_you_like_it:0.2
350 as_you_like_it:2.1
350 as_you_like_it:2.3
350 as_you_like_it:3.0
350 as_you_like_it:3.2
350 as_you_like_it:4.1
350 as_you_like_it:4.3
351 as_you_like_it:1.0
352 as_you_like_it:1.1
353 as_you_like_it:1.2
354 as_you_like_it:1.3
355 as_you_like_it:1.4
356 as_you_like_it:1.5
357 as_you_like_it:1.6
358 as_you_like_it:2.0
359 as_you_like_it:2.2
359 as_you_like_it:4.0
360 as_you_like_it:2.4
361 as_you_like_it:3.1
362 as_you_like_it:4.2
363 troilus_and_cressida:0.0
363 troilus_and_cressida:0.1
363 troilus_and_cressida:2.0
363 troilus_and_cressida:2.1
363 troilus_and_cressida:3.1
363 troilus_and_cressida:3.3
363 troilus_and_cressida:4.1
364 troilus_and_cressida:0.2
364 troilus_and_cressida:3.4
364 troilus_and_cressida:4.4
364 troilus_and_cressida:4.8
365 troilus_and_cressida:1.0
365 troilus_and_cressida:1.2
365 troilus_and_cressida:2.2
365 troilus_and_cressida:4.0
366 troilus_and_cressida:1.1
366 troilus_and_cressida:4.2
367 troilus_and_cressida:3.0
368 troilus_and_cressida:3.2
369 troilus_and_cressida:4.3
370 troilus_and_cressida:4.5
371 troilus_and_cressida:4.6
372 troilus_and_cressida:4.7
373 troilus_and_cressida:4.9
374 henry_v:0.0
375 henry_v:0.1
376 henry_v:1.1
377 henry_v:1.3
378 henry_v:2.0
379 henry_v:2.1
380 henry_v:2.2
381 henry_v:2.3
382 henry_v:2.4
383 henry_v:2.5
383 henry_v:3.6
383 henry_v:3.7
384 henry_v:2.6
384 henry_v:3.1
385 henry_v:3.0
386 henry_v:3.2
387 henry_v:3.3
388 henry_v:3.4
389 henry_v:3.5
390 henry_v:4.0
391 henry_v:4.1
392 life_and_death_of_king_john:0.0
393 life_and_death_of_king_john:1.0
393 life_and_death_of_king_john:2.0
393 life_and_death_of_king_john:2.3
394 life_and_death_of_king_john:2.1
395 life_and_death_of_king_john:2.2
395 life_and_death_of_king_john:3.0
395 life_and_death_of_king_john:4.5
396 life_and_death_of_king_john:3.1
397 life_and_death_of_king_john:3.2
398 life_and_death_of_king_john:4.0
399 life_and_death_of_king_john:4.1
400 life_and_death_of_king_john:4.2
401 life_and_death_of_king_john:4.3
402 life_and_death_of_king_john:4.4
403 life_and_death_of_king_john:4.6
404 timon_of_athens:0.0
404 timon_of_athens:0.1
404 timon_of_athens:1.1
404 timon_of_athens:3.2
404 timon_of_athens:4.0
405 timon_of_athens:1.0
406 timon_of_athens:2.0
407 timon_of_athens:2.1
408 timon_of_athens:2.2
409 timon_of_athens:2.3
410 timon_of_athens:2.4
411 timon_of_athens:2.5
412 timon_of_athens:3.0
413 timon_of_athens:3.1
414 timon_of_athens:4.1
415 timon_of_athens:4.2
416 timon_of_athens:4.3
